<?xml version="1.0" encoding="utf-8"?><testsuites name="pytest tests"><testsuite name="pytest" errors="0" failures="0" skipped="0" tests="66" time="4.228" timestamp="2026-02-14T09:44:07.242900+01:00" hostname="vmi2997710"><testcase classname="tests.core.test_compression.TestCompression" name="test_compress_data_gzip" time="0.019"><properties><property name="test_type" value="standard" /></properties></testcase><testcase classname="tests.core.test_compression.TestCompression" name="test_compress_data_bz2" time="0.001"><properties><property name="test_type" value="standard" /></properties></testcase><testcase classname="tests.core.test_compression.TestCompression" name="test_compress_data_lzma" time="0.011"><properties><property name="test_type" value="standard" /></properties></testcase><testcase classname="tests.core.test_compression.TestCompression" name="test_decompress_data_invalid_format" time="0.000"><properties><property name="test_type" value="standard" /></properties></testcase><testcase classname="tests.core.test_compression.TestCompression" name="test_compress_file_gzip" time="0.008"><properties><property name="test_type" value="standard" /></properties></testcase><testcase classname="tests.core.test_compression.TestCompression" name="test_compress_file_bz2" time="0.002"><properties><property name="test_type" value="standard" /></properties></testcase><testcase classname="tests.core.test_compression.TestCompression" name="test_compress_file_lzma" time="0.010"><properties><property name="test_type" value="standard" /></properties></testcase><testcase classname="tests.core.test_compression.TestCompression" name="test_compress_file_with_output_path" time="0.001"><properties><property name="test_type" value="standard" /></properties></testcase><testcase classname="tests.core.test_compression.TestCompression" name="test_compress_file_remove_original" time="0.001"><properties><property name="test_type" value="standard" /></properties></testcase><testcase classname="tests.core.test_compression.TestCompression" name="test_decompress_file_gzip" time="0.007"><properties><property name="test_type" value="standard" /></properties></testcase><testcase classname="tests.core.test_compression.TestCompression" name="test_decompress_file_bz2" time="0.001"><properties><property name="test_type" value="standard" /></properties></testcase><testcase classname="tests.core.test_compression.TestCompression" name="test_decompress_file_lzma" time="0.002"><properties><property name="test_type" value="standard" /></properties></testcase><testcase classname="tests.core.test_compression.TestCompression" name="test_decompress_file_auto_detect" time="0.001"><properties><property name="test_type" value="standard" /></properties></testcase><testcase classname="tests.core.test_compression.TestCompression" name="test_decompress_file_remove_compressed" time="0.001"><properties><property name="test_type" value="standard" /></properties></testcase><testcase classname="tests.core.test_compression.TestCompression" name="test_create_archive_zip" time="0.011"><properties><property name="test_type" value="standard" /></properties></testcase><testcase classname="tests.core.test_compression.TestCompression" name="test_create_archive_tar" time="0.006"><properties><property name="test_type" value="standard" /></properties></testcase><testcase classname="tests.core.test_compression.TestCompression" name="test_create_archive_tar_gz" time="0.003"><properties><property name="test_type" value="standard" /></properties></testcase><testcase classname="tests.core.test_compression.TestCompression" name="test_create_archive_tar_bz2" time="0.002"><properties><property name="test_type" value="standard" /></properties></testcase><testcase classname="tests.core.test_compression.TestCompression" name="test_create_archive_tar_xz" time="0.005"><properties><property name="test_type" value="standard" /></properties></testcase><testcase classname="tests.core.test_compression.TestCompression" name="test_create_archive_with_base_dir" time="0.001"><properties><property name="test_type" value="standard" /></properties></testcase><testcase classname="tests.core.test_compression.TestCompression" name="test_extract_archive_zip" time="0.009"><properties><property name="test_type" value="standard" /></properties></testcase><testcase classname="tests.core.test_compression.TestCompression" name="test_extract_archive_tar" time="0.004"><properties><property name="test_type" value="standard" /></properties></testcase><testcase classname="tests.core.test_compression.TestCompression" name="test_extract_archive_auto_detect" time="0.004"><properties><property name="test_type" value="standard" /></properties></testcase><testcase classname="tests.core.test_compression.TestCompression" name="test_get_compression_ratio" time="0.001"><properties><property name="test_type" value="standard" /></properties></testcase><testcase classname="tests.core.test_compression.TestCompression" name="test_estimate_compressed_size" time="0.002"><properties><property name="test_type" value="standard" /></properties></testcase><testcase classname="tests.core.test_compression.TestCompression" name="test_estimate_compressed_size_tar" time="0.001"><properties><property name="test_type" value="standard" /></properties></testcase><testcase classname="tests.core.test_compression.TestCompression" name="test_compress_data_invalid_format" time="0.000"><properties><property name="test_type" value="standard" /></properties></testcase><testcase classname="tests.core.test_compression.TestCompression" name="test_compress_file_nonexistent_input" time="0.001"><properties><property name="test_type" value="standard" /></properties></testcase><testcase classname="tests.core.test_compression.TestCompression" name="test_decompress_file_nonexistent_input" time="0.001"><properties><property name="test_type" value="standard" /></properties></testcase><testcase classname="tests.core.test_compression.TestCompression" name="test_decompress_file_unknown_extension" time="0.001"><properties><property name="test_type" value="standard" /></properties></testcase><testcase classname="tests.core.test_compression.TestCompression" name="test_create_archive_nonexistent_file" time="0.001"><properties><property name="test_type" value="standard" /></properties></testcase><testcase classname="tests.core.test_compression.TestCompression" name="test_create_archive_invalid_format" time="0.001"><properties><property name="test_type" value="standard" /></properties></testcase><testcase classname="tests.core.test_compression.TestCompression" name="test_extract_archive_nonexistent" time="0.001"><properties><property name="test_type" value="standard" /></properties></testcase><testcase classname="tests.core.test_compression.TestCompression" name="test_extract_archive_invalid_format" time="0.001"><properties><property name="test_type" value="standard" /></properties></testcase><testcase classname="tests.core.test_compression.TestCompression" name="test_ensure_path_string" time="0.000"><properties><property name="test_type" value="standard" /></properties></testcase><testcase classname="tests.core.test_compression.TestCompression" name="test_ensure_path_pathlib" time="0.000"><properties><property name="test_type" value="standard" /></properties></testcase><testcase classname="tests.core.test_compression.TestCompression" name="test_compress_file_with_level" time="0.001"><properties><property name="test_type" value="standard" /></properties></testcase><testcase classname="tests.core.test_compression.TestCompression" name="test_compress_file_default_output_path" time="0.001"><properties><property name="test_type" value="standard" /></properties></testcase><testcase classname="tests.core.test_compression.TestCompression" name="test_decompress_file_with_output_path" time="0.001"><properties><property name="test_type" value="standard" /></properties></testcase><testcase classname="tests.core.test_compression.TestCompression" name="test_compression_error_message" time="0.000"><properties><property name="test_type" value="standard" /></properties></testcase><testcase classname="tests.core.test_compression.TestCompression" name="test_compress_data_exception_handling" time="0.000"><properties><property name="test_type" value="standard" /></properties></testcase><testcase classname="tests.core.test_compression.TestCompression" name="test_decompress_data_exception_handling" time="0.000"><properties><property name="test_type" value="standard" /></properties></testcase><testcase classname="tests.core.test_compression.TestCompression" name="test_compress_file_exception" time="0.000"><properties><property name="test_type" value="standard" /></properties></testcase><testcase classname="tests.core.test_compression.TestCompression" name="test_decompress_file_with_invalid_zip" time="0.001"><properties><property name="test_type" value="standard" /></properties></testcase><testcase classname="tests.core.test_compression.TestCompression" name="test_extract_archive_tar_gz_auto_detect" time="0.015"><properties><property name="test_type" value="standard" /></properties></testcase><testcase classname="tests.core.test_compression.TestCompression" name="test_extract_archive_tar_bz2_auto_detect" time="0.007"><properties><property name="test_type" value="standard" /></properties></testcase><testcase classname="tests.core.test_compression.TestCompression" name="test_extract_archive_tar_xz_auto_detect" time="0.014"><properties><property name="test_type" value="standard" /></properties></testcase><testcase classname="tests.core.test_compression.TestCompression" name="test_create_archive_error_handling" time="0.001"><properties><property name="test_type" value="standard" /></properties></testcase><testcase classname="tests.core.test_compression.TestCompression" name="test_extract_archive_error_handling" time="0.001"><properties><property name="test_type" value="standard" /></properties></testcase><testcase classname="tests.core.test_compression.TestCompression" name="test_decompress_data_corrupt" time="0.002"><properties><property name="test_type" value="standard" /></properties></testcase><testcase classname="tests.core.test_compression.TestCompression" name="test_compress_file_invalid_format_error" time="0.004"><properties><property name="test_type" value="standard" /></properties></testcase><testcase classname="tests.core.test_compression.TestCompression" name="test_decompress_file_corrupt_zip" time="0.002"><properties><property name="test_type" value="standard" /></properties></testcase><testcase classname="tests.core.test_compression.TestCompression" name="test_decompress_file_unsupported_format" time="0.002"><properties><property name="test_type" value="standard" /></properties></testcase><testcase classname="tests.core.test_compression.TestCompression" name="test_create_archive_file_not_found" time="0.001"><properties><property name="test_type" value="standard" /></properties></testcase><testcase classname="tests.core.test_compression.TestCompression" name="test_create_archive_unsupported_format" time="0.001"><properties><property name="test_type" value="standard" /></properties></testcase><testcase classname="tests.core.test_compression.TestCompression" name="test_extract_archive_auto_detect_failure" time="0.001"><properties><property name="test_type" value="standard" /></properties></testcase><testcase classname="tests.core.test_compression.TestCompression" name="test_extract_archive_unsupported_format" time="0.001"><properties><property name="test_type" value="standard" /></properties></testcase><testcase classname="tests.core.test_compression.TestCompression" name="test_compress_file_remove_original_coverage" time="0.001"><properties><property name="test_type" value="standard" /></properties></testcase><testcase classname="tests.core.test_compression.TestCompression" name="test_decompress_file_remove_compressed_coverage" time="0.001"><properties><property name="test_type" value="standard" /></properties></testcase><testcase classname="tests.core.test_compression.TestCompression" name="test_compress_file_io_error_handler" time="0.002"><properties><property name="test_type" value="standard" /></properties></testcase><testcase classname="tests.core.test_compression.TestCompression" name="test_decompress_file_io_error_handler" time="0.001"><properties><property name="test_type" value="standard" /></properties></testcase><testcase classname="tests.core.test_compression.TestCompression" name="test_create_archive_io_error_handler" time="0.001"><properties><property name="test_type" value="standard" /></properties></testcase><testcase classname="tests.core.test_compression.TestCompression" name="test_extract_archive_io_error_handler" time="0.001"><properties><property name="test_type" value="standard" /></properties></testcase><testcase classname="tests.core.test_compression.TestCompression" name="test_create_archive_compression_error_reraise" time="0.001"><properties><property name="test_type" value="standard" /></properties></testcase><testcase classname="tests.core.test_compression.TestCompression" name="test_extract_archive_compression_error_reraise" time="0.001"><properties><property name="test_type" value="standard" /></properties></testcase><testcase classname="tests.core.test_compression.TestCompression" name="test_estimate_compressed_size_all_data_types" time="0.001"><properties><property name="test_type" value="standard" /></properties></testcase></testsuite></testsuites>