<?xml version="1.0" encoding="utf-8"?><testsuites name="pytest tests"><testsuite name="pytest" errors="0" failures="0" skipped="0" tests="22" time="6.974" timestamp="2026-02-15T20:43:48.723109+01:00" hostname="vmi2997710"><properties>
[...]
</properties><testcase classname="tests.core.test_compression" name="test_compress_decompress_data_all_formats" time="0.030"><properties><property name="test_type" value="standard" /></properties></testcase><testcase classname="tests.core.test_compression" name="test_invalid_format_data" time="0.001"><properties><property name="test_type" value="standard" /></properties></testcase><testcase classname="tests.core.test_compression" name="test_compress_data_exception" time="0.001"><properties><property name="test_type" value="standard" /></properties></testcase><testcase classname="tests.core.test_compression" name="test_file_compression_and_removal" time="0.011"><properties><property name="test_type" value="standard" /></properties></testcase><testcase classname="tests.core.test_compression" name="test_file_not_found" time="0.001"><properties><property name="test_type" value="standard" /></properties></testcase><testcase classname="tests.core.test_compression" name="test_decompress_file" time="0.007"><properties><property name="test_type" value="standard" /></properties></testcase><testcase classname="tests.core.test_compression" name="test_decompress_auto_detect_failure" time="0.001"><properties><property name="test_type" value="standard" /></properties></testcase><testcase classname="tests.core.test_compression" name="test_zip_compression" time="0.002"><properties><property name="test_type" value="standard" /></properties></testcase><testcase classname="tests.core.test_compression" name="test_zip_path_traversal" time="0.003"><properties><property name="test_type" value="standard" /></properties></testcase><testcase classname="tests.core.test_compression" name="test_get_ratio" time="0.001"><properties><property name="test_type" value="standard" /></properties></testcase><testcase classname="tests.core.test_compression" name="test_estimate_size_branches" time="0.001"><properties><property name="test_type" value="standard" /></properties></testcase><testcase classname="tests.core.test_compression_properties" name="test_roundtrip_compress_decompress" time="0.161"><properties><property name="test_type" value="standard" /></properties></testcase><testcase classname="tests.core.test_compression_properties" name="test_compressed_data_is_valid" time="0.132"><properties><property name="test_type" value="standard" /></properties></testcase><testcase classname="tests.core.test_compression_properties" name="test_corrupted_data_fails" time="0.077"><properties><property name="test_type" value="standard" /></properties></testcase><testcase classname="tests.core.test_compression_properties" name="test_file_roundtrip" time="0.110"><properties><property name="test_type" value="standard" /></properties></testcase><testcase classname="tests.core.test_compression_properties" name="test_zip_extraction_never_escapes" time="0.115"><properties><property name="test_type" value="standard" /></properties></testcase><testcase classname="tests.core.test_compression_stress" name="test_large_roundtrip" time="0.223"><properties><property name="test_type" value="standard" /></properties></testcase><testcase classname="tests.core.test_compression_stress" name="test_thread_safety" time="0.356"><properties><property name="test_type" value="standard" /></properties></testcase><testcase classname="tests.core.test_compression_stress" name="test_tar_traversal_blocked" time="0.084"><properties><property name="test_type" value="standard" /></properties></testcase><testcase classname="tests.core.test_compression_stress" name="test_tar_valid_extraction" time="0.078"><properties><property name="test_type" value="standard" /></properties></testcase><testcase classname="tests.core.test_compression_stress" name="test_tar_gz_traversal_blocked" time="0.068"><properties><property name="test_type" value="standard" /></properties></testcase><testcase classname="tests.core.test_compression_stress" name="test_tar_gz_valid_extraction" time="0.078"><properties><property name="test_type" value="standard" /></properties></testcase></testsuite></testsuites>