<?xml version="1.0" encoding="utf-8"?><testsuites name="pytest tests"><testsuite name="pytest" errors="1" failures="0" skipped="0" tests="1" time="0.281" timestamp="2025-12-17T03:53:35.149509-06:00" hostname="FoxBoxRox"><testcase classname="" name="tests.core.test_database_comprehensive" time="0.000"><error message="collection failure">ImportError while importing test module '/home/allaun/Workspace/NoDupeLabs/tests/core/test_database_comprehensive.py'.
Hint: make sure your test modules/packages have valid Python names.
Traceback:
/usr/lib/python3.13/importlib/__init__.py:88: in import_module
    return _bootstrap._gcd_import(name[level:], package, level)
           ^^^^^^^^^^^^^^^^^^^^^^^^^^^^^^^^^^^^^^^^^^^^^^^^^^^^
tests/core/test_database_comprehensive.py:9: in &lt;module&gt;
    from nodupe.core.database import (
E   ImportError: cannot import name 'DatabaseIndexing' from 'nodupe.core.database' (/home/allaun/Workspace/NoDupeLabs/nodupe/core/database/__init__.py)</error></testcase></testsuite></testsuites>