<?xml version="1.0" encoding="utf-8"?><testsuites name="pytest tests"><testsuite name="pytest" errors="0" failures="0" skipped="0" tests="17" time="1.055" timestamp="2025-12-25T23:07:47.843154-06:00" hostname="FoxBoxRox"><testcase classname="tests.plugins.test_database_features.TestDatabaseShardingPlugin" name="test_initialization" time="0.001"><properties><property name="test_type" value="standard" /></properties></testcase><testcase classname="tests.plugins.test_database_features.TestDatabaseShardingPlugin" name="test_metadata" time="0.000"><properties><property name="test_type" value="standard" /></properties></testcase><testcase classname="tests.plugins.test_database_features.TestDatabaseShardingPlugin" name="test_initialize_shutdown" time="0.000"><properties><property name="test_type" value="standard" /></properties></testcase><testcase classname="tests.plugins.test_database_features.TestDatabaseShardingPlugin" name="test_create_shard" time="0.001"><properties><property name="test_type" value="standard" /></properties></testcase><testcase classname="tests.plugins.test_database_features.TestDatabaseShardingPlugin" name="test_create_shard_invalid_name" time="0.000"><properties><property name="test_type" value="standard" /></properties></testcase><testcase classname="tests.plugins.test_database_features.TestDatabaseShardingPlugin" name="test_list_shards" time="0.000"><properties><property name="test_type" value="standard" /></properties></testcase><testcase classname="tests.plugins.test_database_features.TestDatabaseReplicationPlugin" name="test_initialization" time="0.000"><properties><property name="test_type" value="standard" /></properties></testcase><testcase classname="tests.plugins.test_database_features.TestDatabaseReplicationPlugin" name="test_metadata" time="0.000"><properties><property name="test_type" value="standard" /></properties></testcase><testcase classname="tests.plugins.test_database_features.TestDatabaseReplicationPlugin" name="test_initialize_shutdown" time="0.000"><properties><property name="test_type" value="standard" /></properties></testcase><testcase classname="tests.plugins.test_database_features.TestDatabaseExportPlugin" name="test_initialization" time="0.000"><properties><property name="test_type" value="standard" /></properties></testcase><testcase classname="tests.plugins.test_database_features.TestDatabaseExportPlugin" name="test_metadata" time="0.000"><properties><property name="test_type" value="standard" /></properties></testcase><testcase classname="tests.plugins.test_database_features.TestDatabaseExportPlugin" name="test_initialize_shutdown" time="0.000"><properties><property name="test_type" value="standard" /></properties></testcase><testcase classname="tests.plugins.test_database_features.TestDatabaseImportPlugin" name="test_initialization" time="0.000"><properties><property name="test_type" value="standard" /></properties></testcase><testcase classname="tests.plugins.test_database_features.TestDatabaseImportPlugin" name="test_metadata" time="0.000"><properties><property name="test_type" value="standard" /></properties></testcase><testcase classname="tests.plugins.test_database_features.TestDatabaseImportPlugin" name="test_initialize_shutdown" time="0.000"><properties><property name="test_type" value="standard" /></properties></testcase><testcase classname="tests.plugins.test_database_features.TestDatabaseFeatureIntegration" name="test_all_plugins_compatible_with_registry" time="0.000"><properties><property name="test_type" value="standard" /></properties></testcase><testcase classname="tests.plugins.test_database_features" name="test_metadata_immutability" time="0.000"><properties><property name="test_type" value="standard" /></properties></testcase></testsuite></testsuites>