<?xml version="1.0" encoding="utf-8"?><testsuites name="pytest tests"><testsuite name="pytest" errors="0" failures="0" skipped="0" tests="634" time="349.780" timestamp="2026-02-17T20:45:25.261398+01:00" hostname="vmi2997710"><properties>
[...]
</properties><testcase classname="tests.core.api.test_ipc" name="test_send_response_and_error_and_log_event" time="0.035"><properties><property name="test_type" value="standard" /></properties></testcase><testcase classname="tests.core.api.test_openapi_validation" name="test_openapi_generator_basic_flow" time="0.013"><properties><property name="test_type" value="standard" /></properties></testcase><testcase classname="tests.core.api.test_openapi_validation" name="test_schema_validator_types_and_validate" time="0.017"><properties><property name="test_type" value="standard" /></properties></testcase><testcase classname="tests.core.api.test_openapi_validation" name="test_decorators_preserve_behavior" time="0.001"><properties><property name="test_type" value="standard" /></properties></testcase><testcase classname="tests.core.cache.test_embedding_cache.TestEmbeddingCache" name="test_embedding_cache_initialization" time="0.019"><properties><property name="test_type" value="standard" /></properties></testcase><testcase classname="tests.core.cache.test_embedding_cache.TestEmbeddingCache" name="test_set_and_get_embedding" time="0.006"><properties><property name="test_type" value="standard" /></properties></testcase><testcase classname="tests.core.cache.test_embedding_cache.TestEmbeddingCache" name="test_get_nonexistent_embedding" time="0.001"><properties><property name="test_type" value="standard" /></properties></testcase><testcase classname="tests.core.cache.test_embedding_cache.TestEmbeddingCache" name="test_cache_ttl_expiration" time="1.201"><properties><property name="test_type" value="standard" /></properties></testcase><testcase classname="tests.core.cache.test_embedding_cache.TestEmbeddingCache" name="test_cache_size_limit" time="0.001"><properties><property name="test_type" value="standard" /></properties></testcase><testcase classname="tests.core.cache.test_embedding_cache.TestEmbeddingCache" name="test_dimension_validation" time="0.001"><properties><property name="test_type" value="standard" /></properties></testcase><testcase classname="tests.core.cache.test_embedding_cache.TestEmbeddingCache" name="test_calculate_similarity" time="0.005"><properties><property name="test_type" value="standard" /></properties></testcase><testcase classname="tests.core.cache.test_embedding_cache.TestEmbeddingCache" name="test_calculate_similarity_with_different_vectors" time="0.001"><properties><property name="test_type" value="standard" /></properties></testcase><testcase classname="tests.core.cache.test_embedding_cache.TestEmbeddingCache" name="test_calculate_similarity_with_none_result" time="0.001"><properties><property name="test_type" value="standard" /></properties></testcase><testcase classname="tests.core.cache.test_embedding_cache.TestEmbeddingCache" name="test_invalidate_specific_entry" time="0.002"><properties><property name="test_type" value="standard" /></properties></testcase><testcase classname="tests.core.cache.test_embedding_cache.TestEmbeddingCache" name="test_invalidate_nonexistent_entry" time="0.001"><properties><property name="test_type" value="standard" /></properties></testcase><testcase classname="tests.core.cache.test_embedding_cache.TestEmbeddingCache" name="test_invalidate_all_entries" time="0.001"><properties><property name="test_type" value="standard" /></properties></testcase><testcase classname="tests.core.cache.test_embedding_cache.TestEmbeddingCache" name="test_cache_statistics" time="0.001"><properties><property name="test_type" value="standard" /></properties></testcase><testcase classname="tests.core.cache.test_embedding_cache.TestEmbeddingCache" name="test_validate_cache_removes_expired" time="1.204"><properties><property name="test_type" value="standard" /></properties></testcase><testcase classname="tests.core.cache.test_embedding_cache.TestEmbeddingCache" name="test_is_cached_method" time="1.202"><properties><property name="test_type" value="standard" /></properties></testcase><testcase classname="tests.core.cache.test_embedding_cache.TestEmbeddingCache" name="test_resize_cache" time="0.002"><properties><property name="test_type" value="standard" /></properties></testcase><testcase classname="tests.core.cache.test_embedding_cache.TestEmbeddingCache" name="test_cleanup_expired_method" time="1.201"><properties><property name="test_type" value="standard" /></properties></testcase><testcase classname="tests.core.cache.test_embedding_cache.TestEmbeddingCache" name="test_get_memory_usage" time="0.004"><properties><property name="test_type" value="standard" /></properties></testcase><testcase classname="tests.core.cache.test_embedding_cache.TestEmbeddingCache" name="test_cosine_similarity_calculation" time="0.001"><properties><property name="test_type" value="standard" /></properties></testcase><testcase classname="tests.core.cache.test_embedding_cache.TestEmbeddingCache" name="test_find_similar_embeddings" time="0.004"><properties><property name="test_type" value="standard" /></properties></testcase><testcase classname="tests.core.cache.test_embedding_cache.TestEmbeddingCache" name="test_get_average_embedding" time="0.003"><properties><property name="test_type" value="standard" /></properties></testcase><testcase classname="tests.core.cache.test_embedding_cache.TestEmbeddingCache" name="test_get_average_embedding_with_missing_keys" time="0.001"><properties><property name="test_type" value="standard" /></properties></testcase><testcase classname="tests.core.cache.test_embedding_cache.TestEmbeddingCache" name="test_clear_by_pattern" time="0.003"><properties><property name="test_type" value="standard" /></properties></testcase><testcase classname="tests.core.cache.test_embedding_cache.TestEmbeddingCache" name="test_get_cached_keys" time="0.001"><properties><property name="test_type" value="standard" /></properties></testcase><testcase classname="tests.core.cache.test_hash_cache.TestHashCache" name="test_hash_cache_initialization" time="0.025"><properties><property name="test_type" value="standard" /></properties></testcase><testcase classname="tests.core.cache.test_hash_cache.TestHashCache" name="test_set_and_get_hash" time="0.009"><properties><property name="test_type" value="standard" /></properties></testcase><testcase classname="tests.core.cache.test_hash_cache.TestHashCache" name="test_get_nonexistent_hash" time="0.001"><properties><property name="test_type" value="standard" /></properties></testcase><testcase classname="tests.core.cache.test_hash_cache.TestHashCache" name="test_cache_ttl_expiration" time="1.202"><properties><property name="test_type" value="standard" /></properties></testcase><testcase classname="tests.core.cache.test_hash_cache.TestHashCache" name="test_cache_file_modification_invalidation" time="0.102"><properties><property name="test_type" value="standard" /></properties></testcase><testcase classname="tests.core.cache.test_hash_cache.TestHashCache" name="test_cache_size_limit" time="0.001"><properties><property name="test_type" value="standard" /></properties></testcase><testcase classname="tests.core.cache.test_hash_cache.TestHashCache" name="test_invalidate_specific_entry" time="0.002"><properties><property name="test_type" value="standard" /></properties></testcase><testcase classname="tests.core.cache.test_hash_cache.TestHashCache" name="test_invalidate_nonexistent_entry" time="0.001"><properties><property name="test_type" value="standard" /></properties></testcase><testcase classname="tests.core.cache.test_hash_cache.TestHashCache" name="test_invalidate_all_entries" time="0.001"><properties><property name="test_type" value="standard" /></properties></testcase><testcase classname="tests.core.cache.test_hash_cache.TestHashCache" name="test_cache_statistics" time="0.001"><properties><property name="test_type" value="standard" /></properties></testcase><testcase classname="tests.core.cache.test_hash_cache.TestHashCache" name="test_validate_cache_removes_expired" time="1.205"><properties><property name="test_type" value="standard" /></properties></testcase><testcase classname="tests.core.cache.test_hash_cache.TestHashCache" name="test_validate_cache_removes_modified_files" time="0.102"><properties><property name="test_type" value="standard" /></properties></testcase><testcase classname="tests.core.cache.test_hash_cache.TestHashCache" name="test_is_cached_method" time="1.202"><properties><property name="test_type" value="standard" /></properties></testcase><testcase classname="tests.core.cache.test_hash_cache.TestHashCache" name="test_resize_cache" time="0.003"><properties><property name="test_type" value="standard" /></properties></testcase><testcase classname="tests.core.cache.test_hash_cache.TestHashCache" name="test_cleanup_expired_method" time="1.203"><properties><property name="test_type" value="standard" /></properties></testcase><testcase classname="tests.core.cache.test_hash_cache.TestHashCache" name="test_get_memory_usage" time="0.004"><properties><property name="test_type" value="standard" /></properties></testcase><testcase classname="tests.core.cache.test_query_cache_core.TestQueryCache" name="test_query_cache_initialization" time="0.019"><properties><property name="test_type" value="standard" /></properties></testcase><testcase classname="tests.core.cache.test_query_cache_core.TestQueryCache" name="test_set_and_get_result" time="0.020"><properties><property name="test_type" value="standard" /></properties></testcase><testcase classname="tests.core.cache.test_query_cache_core.TestQueryCache" name="test_get_nonexistent_result" time="0.001"><properties><property name="test_type" value="standard" /></properties></testcase><testcase classname="tests.core.cache.test_query_cache_core.TestQueryCache" name="test_cache_ttl_expiration" time="1.202"><properties><property name="test_type" value="standard" /></properties></testcase><testcase classname="tests.core.cache.test_query_cache_core.TestQueryCache" name="test_cache_size_limit" time="0.001"><properties><property name="test_type" value="standard" /></properties></testcase><testcase classname="tests.core.cache.test_query_cache_core.TestQueryCache" name="test_invalidate_specific_entry" time="0.002"><properties><property name="test_type" value="standard" /></properties></testcase><testcase classname="tests.core.cache.test_query_cache_core.TestQueryCache" name="test_invalidate_nonexistent_entry" time="0.001"><properties><property name="test_type" value="standard" /></properties></testcase><testcase classname="tests.core.cache.test_query_cache_core.TestQueryCache" name="test_invalidate_all_entries" time="0.001"><properties><property name="test_type" value="standard" /></properties></testcase><testcase classname="tests.core.cache.test_query_cache_core.TestQueryCache" name="test_cache_statistics" time="0.001"><properties><property name="test_type" value="standard" /></properties></testcase><testcase classname="tests.core.cache.test_query_cache_core.TestQueryCache" name="test_validate_cache_removes_expired" time="1.204"><properties><property name="test_type" value="standard" /></properties></testcase><testcase classname="tests.core.cache.test_query_cache_core.TestQueryCache" name="test_is_cached_method" time="1.204"><properties><property name="test_type" value="standard" /></properties></testcase><testcase classname="tests.core.cache.test_query_cache_core.TestQueryCache" name="test_resize_cache" time="0.005"><properties><property name="test_type" value="standard" /></properties></testcase><testcase classname="tests.core.cache.test_query_cache_core.TestQueryCache" name="test_cleanup_expired_method" time="1.202"><properties><property name="test_type" value="standard" /></properties></testcase><testcase classname="tests.core.cache.test_query_cache_core.TestQueryCache" name="test_get_memory_usage" time="0.004"><properties><property name="test_type" value="standard" /></properties></testcase><testcase classname="tests.core.cache.test_query_cache_core.TestQueryCache" name="test_generate_key_method" time="0.001"><properties><property name="test_type" value="standard" /></properties></testcase><testcase classname="tests.core.cache.test_query_cache_core.TestQueryCache" name="test_invalidate_by_prefix" time="0.003"><properties><property name="test_type" value="standard" /></properties></testcase><testcase classname="tests.core.cache.test_query_cache_core.TestQueryCache" name="test_clear_by_query_pattern" time="0.004"><properties><property name="test_type" value="standard" /></properties></testcase><testcase classname="tests.core.cache.test_query_cache_core.TestQueryCache" name="test_get_cached_queries" time="0.003"><properties><property name="test_type" value="standard" /></properties></testcase><testcase classname="tests.core.test_accessible_base.TestAccessibleToolInitialization" name="test_accessible_tool_creation" time="0.022"><properties><property name="test_type" value="standard" /></properties></testcase><testcase classname="tests.core.test_accessible_base.TestAccessibleToolInitialization" name="test_initialize_with_container" time="0.008"><properties><property name="test_type" value="standard" /></properties></testcase><testcase classname="tests.core.test_accessible_base.TestAccessibleToolInitialization" name="test_shutdown" time="0.002"><properties><property name="test_type" value="standard" /></properties></testcase><testcase classname="tests.core.test_accessible_base.TestAccessibleOutput" name="test_announce_to_assistive_tech" time="0.002"><properties><property name="test_type" value="standard" /></properties></testcase><testcase classname="tests.core.test_accessible_base.TestAccessibleOutput" name="test_format_for_accessibility_dict" time="0.009"><properties><property name="test_type" value="standard" /></properties></testcase><testcase classname="tests.core.test_accessible_base.TestAccessibleOutput" name="test_format_for_accessibility_list" time="0.002"><properties><property name="test_type" value="standard" /></properties></testcase><testcase classname="tests.core.test_accessible_base.TestAccessibleOutput" name="test_format_for_accessibility_primitives" time="0.001"><properties><property name="test_type" value="standard" /></properties></testcase><testcase classname="tests.core.test_accessible_base.TestAccessibleStatus" name="test_get_accessible_status" time="0.003"><properties><property name="test_type" value="standard" /></properties></testcase><testcase classname="tests.core.test_accessible_base.TestAccessibleLogging" name="test_log_accessible_message" time="0.006"><properties><property name="test_type" value="standard" /></properties></testcase><testcase classname="tests.core.test_accessible_base.TestDescribeValue" name="test_describe_value_various_types" time="0.002"><properties><property name="test_type" value="standard" /></properties></testcase><testcase classname="tests.core.test_accessible_base.TestGetIPCSocketDocumentation" name="test_get_ipc_socket_documentation" time="0.001"><properties><property name="test_type" value="standard" /></properties></testcase><testcase classname="tests.core.test_api.TestAPIVersion" name="test_init_default_version" time="0.001"><properties><property name="test_type" value="standard" /></properties></testcase><testcase classname="tests.core.test_api.TestAPIVersion" name="test_register_version" time="0.001"><properties><property name="test_type" value="standard" /></properties></testcase><testcase classname="tests.core.test_api.TestAPIVersion" name="test_set_current_version" time="0.017"><properties><property name="test_type" value="standard" /></properties></testcase><testcase classname="tests.core.test_api.TestAPIVersion" name="test_set_current_version_invalid" time="0.001"><properties><property name="test_type" value="standard" /></properties></testcase><testcase classname="tests.core.test_api.TestAPIVersion" name="test_deprecate_version" time="0.001"><properties><property name="test_type" value="standard" /></properties></testcase><testcase classname="tests.core.test_api.TestAPIVersion" name="test_is_version_supported" time="0.001"><properties><property name="test_type" value="standard" /></properties></testcase><testcase classname="tests.core.test_api.TestAPIVersion" name="test_get_deprecation_message" time="0.001"><properties><property name="test_type" value="standard" /></properties></testcase><testcase classname="tests.core.test_api.TestOpenAPIGenerator" name="test_init" time="0.000"><properties><property name="test_type" value="standard" /></properties></testcase><testcase classname="tests.core.test_api.TestOpenAPIGenerator" name="test_set_info" time="0.000"><properties><property name="test_type" value="standard" /></properties></testcase><testcase classname="tests.core.test_api.TestOpenAPIGenerator" name="test_add_server" time="0.000"><properties><property name="test_type" value="standard" /></properties></testcase><testcase classname="tests.core.test_api.TestOpenAPIGenerator" name="test_add_path" time="0.000"><properties><property name="test_type" value="standard" /></properties></testcase><testcase classname="tests.core.test_api.TestOpenAPIGenerator" name="test_add_schema" time="0.001"><properties><property name="test_type" value="standard" /></properties></testcase><testcase classname="tests.core.test_api.TestOpenAPIGenerator" name="test_generate_spec" time="0.001"><properties><property name="test_type" value="standard" /></properties></testcase><testcase classname="tests.core.test_api.TestOpenAPIGenerator" name="test_to_json" time="0.001"><properties><property name="test_type" value="standard" /></properties></testcase><testcase classname="tests.core.test_api.TestOpenAPIGenerator" name="test_validate_spec_valid" time="0.001"><properties><property name="test_type" value="standard" /></properties></testcase><testcase classname="tests.core.test_api.TestRateLimiter" name="test_init" time="0.000"><properties><property name="test_type" value="standard" /></properties></testcase><testcase classname="tests.core.test_api.TestRateLimiter" name="test_check_rate_limit_first_request" time="0.009"><properties><property name="test_type" value="standard" /></properties></testcase><testcase classname="tests.core.test_api.TestRateLimiter" name="test_check_rate_limit_under_limit" time="0.001"><properties><property name="test_type" value="standard" /></properties></testcase><testcase classname="tests.core.test_api.TestRateLimiter" name="test_check_rate_limit_over_limit" time="0.000"><properties><property name="test_type" value="standard" /></properties></testcase><testcase classname="tests.core.test_api.TestRateLimiter" name="test_throttle_returns_wait_time" time="0.002"><properties><property name="test_type" value="standard" /></properties></testcase><testcase classname="tests.core.test_api.TestRateLimitedDecorator" name="test_decorator_allows_requests" time="0.001"><properties><property name="test_type" value="standard" /></properties></testcase><testcase classname="tests.core.test_api.TestSchemaValidator" name="test_init" time="0.000"><properties><property name="test_type" value="standard" /></properties></testcase><testcase classname="tests.core.test_api.TestSchemaValidator" name="test_validate_string" time="0.000"><properties><property name="test_type" value="standard" /></properties></testcase><testcase classname="tests.core.test_api.TestSchemaValidator" name="test_validate_integer" time="0.000"><properties><property name="test_type" value="standard" /></properties></testcase><testcase classname="tests.core.test_api.TestSchemaValidator" name="test_validate_invalid_type" time="0.001"><properties><property name="test_type" value="standard" /></properties></testcase><testcase classname="tests.core.test_api.TestApiEndpointDecorator" name="test_decorator_basic" time="0.001"><properties><property name="test_type" value="standard" /></properties></testcase><testcase classname="tests.core.test_api.TestCorsDecorator" name="test_decorator_adds_cors_headers" time="0.069"><properties><property name="test_type" value="standard" /></properties></testcase><testcase classname="tests.core.test_api.TestAPIIntegration" name="test_complete_versioning_workflow" time="0.001"><properties><property name="test_type" value="standard" /></properties></testcase><testcase classname="tests.core.test_api.TestAPIIntegration" name="test_complete_openapi_workflow" time="0.000"><properties><property name="test_type" value="standard" /></properties></testcase><testcase classname="tests.core.test_api.TestAPIIntegration" name="test_rate_limiting_workflow" time="0.000"><properties><property name="test_type" value="standard" /></properties></testcase><testcase classname="tests.core.test_api_components.TestActionCode" name="test_action_code_creation" time="0.000"><properties><property name="test_type" value="standard" /></properties></testcase><testcase classname="tests.core.test_api_components.TestActionCode" name="test_action_code_values" time="0.001"><properties><property name="test_type" value="standard" /></properties></testcase><testcase classname="tests.core.test_api_components.TestActionCode" name="test_action_code_aliases" time="0.000"><properties><property name="test_type" value="standard" /></properties></testcase><testcase classname="tests.core.test_api_components.TestActionCode" name="test_action_code_get_lut" time="0.001"><properties><property name="test_type" value="standard" /></properties></testcase><testcase classname="tests.core.test_api_components.TestActionCode" name="test_action_code_get_description" time="0.001"><properties><property name="test_type" value="standard" /></properties></testcase><testcase classname="tests.core.test_api_components.TestActionCode" name="test_action_code_get_category" time="0.002"><properties><property name="test_type" value="standard" /></properties></testcase><testcase classname="tests.core.test_api_components.TestActionCode" name="test_action_code_to_jsonrpc_code" time="0.000"><properties><property name="test_type" value="standard" /></properties></testcase><testcase classname="tests.core.test_api_components.TestToolIPCServerInitialization" name="test_ipc_server_creation" time="0.001"><properties><property name="test_type" value="standard" /></properties></testcase><testcase classname="tests.core.test_api_components.TestToolIPCServerInitialization" name="test_ipc_server_custom_socket_path" time="0.000"><properties><property name="test_type" value="standard" /></properties></testcase><testcase classname="tests.core.test_api_components.TestToolIPCServerConnectionHandling" name="test_handle_connection_invalid_json" time="0.011"><properties><property name="test_type" value="standard" /></properties></testcase><testcase classname="tests.core.test_api_components.TestToolIPCServerConnectionHandling" name="test_handle_connection_missing_jsonrpc_version" time="0.002"><properties><property name="test_type" value="standard" /></properties></testcase><testcase classname="tests.core.test_api_components.TestToolIPCServerConnectionHandling" name="test_handle_connection_missing_tool_or_method" time="0.002"><properties><property name="test_type" value="standard" /></properties></testcase><testcase classname="tests.core.test_api_components.TestToolIPCServerConnectionHandling" name="test_handle_connection_tool_not_found" time="0.002"><properties><property name="test_type" value="standard" /></properties></testcase><testcase classname="tests.core.test_api_components.TestToolIPCServerConnectionHandling" name="test_handle_connection_method_not_exposed" time="0.002"><properties><property name="test_type" value="standard" /></properties></testcase><testcase classname="tests.core.test_api_components.TestToolIPCServerConnectionHandling" name="test_handle_connection_successful_method_call" time="0.002"><properties><property name="test_type" value="standard" /></properties></testcase><testcase classname="tests.core.test_api_components.TestToolIPCServerConnectionHandling" name="test_handle_connection_method_execution_error" time="0.002"><properties><property name="test_type" value="standard" /></properties></testcase><testcase classname="tests.core.test_api_components.TestToolIPCServerConnectionHandling" name="test_handle_connection_rate_limited" time="0.001"><properties><property name="test_type" value="standard" /></properties></testcase><testcase classname="tests.core.test_api_components.TestToolIPCServerConnectionHandling" name="test_send_error_converts_action_code_to_jsonrpc" time="0.001"><properties><property name="test_type" value="standard" /></properties></testcase><testcase classname="tests.core.test_api_components.TestToolIPCServerConnectionHandling" name="test_send_response" time="0.001"><properties><property name="test_type" value="standard" /></properties></testcase><testcase classname="tests.core.test_api_components.TestToolIPCServerConnectionHandling" name="test_send_error" time="0.001"><properties><property name="test_type" value="standard" /></properties></testcase><testcase classname="tests.core.test_api_components.TestToolIPCServerConnectionHandling" name="test_log_event" time="0.002"><properties><property name="test_type" value="standard" /></properties></testcase><testcase classname="tests.core.test_api_components.TestToolIPCServerLifecycle" name="test_start_stop_server" time="0.135"><properties><property name="test_type" value="standard" /></properties></testcase><testcase classname="tests.core.test_api_components.TestToolIPCServerLifecycle" name="test_server_with_existing_socket" time="0.140"><properties><property name="test_type" value="standard" /></properties></testcase><testcase classname="tests.core.test_api_components.TestToolIPCServerLifecycle" name="test_run_server_stopped" time="0.002"><properties><property name="test_type" value="standard" /></properties></testcase><testcase classname="tests.core.test_api_components.TestToolIPCServerRateLimiting" name="test_rate_limiting" time="0.001"><properties><property name="test_type" value="standard" /></properties></testcase><testcase classname="tests.core.test_api_decorators" name="test_api_endpoint_preserves_function_metadata_and_return" time="0.001"><properties><property name="test_type" value="standard" /></properties></testcase><testcase classname="tests.core.test_api_decorators" name="test_cors_adds_headers_for_dict_response_and_uses_default_origin" time="0.001"><properties><property name="test_type" value="standard" /></properties></testcase><testcase classname="tests.core.test_api_decorators" name="test_cors_joins_allowed_origins_and_leaves_non_dict_untouched" time="0.001"><properties><property name="test_type" value="standard" /></properties></testcase><testcase classname="tests.core.test_api_decorators" name="test_require_auth_enforces_authorization_kwarg" time="0.002"><properties><property name="test_type" value="standard" /></properties></testcase><testcase classname="tests.core.test_api_decorators" name="test_cache_response_caches_results_within_ttl" time="0.003"><properties><property name="test_type" value="standard" /></properties></testcase><testcase classname="tests.core.test_api_decorators" name="test_retry_retries_then_succeeds_and_raises_after_exhaustion" time="0.003"><properties><property name="test_type" value="standard" /></properties></testcase><testcase classname="tests.core.test_api_decorators" name="test_deprecated_emits_warning" time="0.001"><properties><property name="test_type" value="standard" /></properties></testcase><testcase classname="tests.core.test_api_ratelimit" name="test_rate_limiter_allows_then_blocks" time="0.001"><properties><property name="test_type" value="standard" /></properties></testcase><testcase classname="tests.core.test_api_ratelimit" name="test_throttle_reports_positive_wait_after_limit" time="0.001"><properties><property name="test_type" value="standard" /></properties></testcase><testcase classname="tests.core.test_api_ratelimit" name="test_rate_limited_decorator_raises_after_limit" time="0.001"><properties><property name="test_type" value="standard" /></properties></testcase><testcase classname="tests.core.test_api_validation" name="test_check_type_and_validate_success" time="0.001"><properties><property name="test_type" value="standard" /></properties></testcase><testcase classname="tests.core.test_api_validation" name="test_validate_raises_with_error_list_and_message" time="0.003"><properties><property name="test_type" value="standard" /></properties></testcase><testcase classname="tests.core.test_api_validation" name="test_validate_request_and_response_decorators_are_noops" time="0.001"><properties><property name="test_type" value="standard" /></properties></testcase><testcase classname="tests.core.test_archive_handler.TestArchiveHandler" name="test_archive_handler_initialization" time="0.022"><properties><property name="test_type" value="standard" /></properties></testcase><testcase classname="tests.core.test_archive_handler.TestArchiveHandler" name="test_detect_archive_format_zip" time="0.022"><properties><property name="test_type" value="standard" /></properties></testcase><testcase classname="tests.core.test_archive_handler.TestArchiveHandler" name="test_detect_archive_format_tar" time="0.002"><properties><property name="test_type" value="standard" /></properties></testcase><testcase classname="tests.core.test_archive_handler.TestArchiveHandler" name="test_detect_archive_format_none" time="0.002"><properties><property name="test_type" value="standard" /></properties></testcase><testcase classname="tests.core.test_archive_handler.TestArchiveHandler" name="test_extract_zip_archive" time="0.034"><properties><property name="test_type" value="standard" /></properties></testcase><testcase classname="tests.core.test_archive_handler.TestArchiveHandler" name="test_extract_tar_archive" time="0.011"><properties><property name="test_type" value="standard" /></properties></testcase><testcase classname="tests.core.test_archive_handler.TestArchiveHandler" name="test_extract_nonexistent_archive" time="0.002"><properties><property name="test_type" value="standard" /></properties></testcase><testcase classname="tests.core.test_archive_handler.TestArchiveHandler" name="test_extract_invalid_archive" time="0.002"><properties><property name="test_type" value="standard" /></properties></testcase><testcase classname="tests.core.test_archive_handler.TestArchiveHandler" name="test_extract_to_nonexistent_directory" time="0.002"><properties><property name="test_type" value="standard" /></properties></testcase><testcase classname="tests.core.test_archive_handler.TestArchiveHandler" name="test_extract_archive_with_permissions" time="0.002"><properties><property name="test_type" value="standard" /></properties></testcase><testcase classname="tests.core.test_archive_handler.TestArchiveHandler" name="test_extract_archive_with_directories" time="0.002"><properties><property name="test_type" value="standard" /></properties></testcase><testcase classname="tests.core.test_archive_handler.TestArchiveHandler" name="test_extract_archive_empty" time="0.001"><properties><property name="test_type" value="standard" /></properties></testcase><testcase classname="tests.core.test_archive_handler.TestArchiveHandler" name="test_extract_archive_with_special_characters" time="0.002"><properties><property name="test_type" value="standard" /></properties></testcase><testcase classname="tests.core.test_archive_handler.TestArchiveHandler" name="test_extract_archive_error_handling" time="0.002"><properties><property name="test_type" value="standard" /></properties></testcase><testcase classname="tests.core.test_archive_handler.TestArchiveHandler" name="test_detect_archive_format_error_handling" time="0.001"><properties><property name="test_type" value="standard" /></properties></testcase><testcase classname="tests.core.test_archive_handler.TestArchiveHandler" name="test_extract_archive_readonly_directory" time="0.001"><properties><property name="test_type" value="standard" /></properties></testcase><testcase classname="tests.core.test_archive_handler.TestArchiveHandler" name="test_extract_archive_large_file" time="0.008"><properties><property name="test_type" value="standard" /></properties></testcase><testcase classname="tests.core.test_archive_handler.TestArchiveHandler" name="test_extract_archive_compression_methods" time="0.004"><properties><property name="test_type" value="standard" /></properties></testcase><testcase classname="tests.core.test_archive_handler.TestArchiveHandler" name="test_extract_archive_PASSWORD_REMOVED_protected" time="0.007"><properties><property name="test_type" value="standard" /></properties></testcase><testcase classname="tests.core.test_archive_handler.TestArchiveHandler" name="test_extract_archive_PASSWORD_REMOVED_protected_wrong_PASSWORD_REMOVED" time="0.004"><properties><property name="test_type" value="standard" /></properties></testcase><testcase classname="tests.core.test_archive_handler.TestArchiveHandler" name="test_extract_archive_duplicate_files" time="0.003"><properties><property name="test_type" value="standard" /></properties></testcase><testcase classname="tests.core.test_archive_handler.TestArchiveHandler" name="test_extract_archive_symlinks" time="0.003"><properties><property name="test_type" value="standard" /></properties></testcase><testcase classname="tests.core.test_archive_handler.TestArchiveHandler" name="test_extract_archive_unicode_paths" time="0.002"><properties><property name="test_type" value="standard" /></properties></testcase><testcase classname="tests.core.test_archive_handler.TestArchiveHandler" name="test_extract_archive_memory_usage" time="0.028"><properties><property name="test_type" value="standard" /></properties></testcase><testcase classname="tests.core.test_cli.TestCLIArgumentParsing" name="test_cli_initialization" time="0.020"><properties><property name="test_type" value="standard" /></properties></testcase><testcase classname="tests.core.test_cli.TestCLIArgumentParsing" name="test_help_flag" time="8.244"><properties><property name="test_type" value="standard" /></properties></testcase><testcase classname="tests.core.test_cli.TestCLIArgumentParsing" name="test_version_command" time="8.195"><properties><property name="test_type" value="standard" /></properties></testcase><testcase classname="tests.core.test_cli.TestCLIArgumentParsing" name="test_tool_command_list" time="8.238"><properties><property name="test_type" value="standard" /></properties></testcase><testcase classname="tests.core.test_cli.TestCLIArgumentParsing" name="test_invalid_command" time="8.146"><properties><property name="test_type" value="standard" /></properties></testcase><testcase classname="tests.core.test_cli.TestCLIArgumentParsing" name="test_debug_flag" time="8.153"><properties><property name="test_type" value="standard" /></properties></testcase><testcase classname="tests.core.test_cli.TestCLIArgumentParsing" name="test_performance_overrides" time="8.140"><properties><property name="test_type" value="standard" /></properties></testcase><testcase classname="tests.core.test_cli.TestCLIHelpSystem" name="test_help_output_contains_commands" time="8.135"><properties><property name="test_type" value="standard" /></properties></testcase><testcase classname="tests.core.test_cli.TestCLIHelpSystem" name="test_version_help" time="8.146"><properties><property name="test_type" value="standard" /></properties></testcase><testcase classname="tests.core.test_cli.TestCLIHelpSystem" name="test_tool_help" time="8.153"><properties><property name="test_type" value="standard" /></properties></testcase><testcase classname="tests.core.test_cli.TestCLIErrorHandling" name="test_missing_required_args" time="8.157"><properties><property name="test_type" value="standard" /></properties></testcase><testcase classname="tests.core.test_cli.TestCLIErrorHandling" name="test_invalid_file_path" time="8.161"><properties><property name="test_type" value="standard" /></properties></testcase><testcase classname="tests.core.test_cli.TestCLIErrorHandling" name="test_permission_error_handling" time="8.209"><properties><property name="test_type" value="standard" /></properties></testcase><testcase classname="tests.core.test_cli.TestCLICommandRegistration" name="test_builtin_commands_registered" time="0.007"><properties><property name="test_type" value="standard" /></properties></testcase><testcase classname="tests.core.test_cli.TestCLICommandRegistration" name="test_tool_commands_registered" time="0.004"><properties><property name="test_type" value="standard" /></properties></testcase><testcase classname="tests.core.test_cli.TestCLICommandRegistration" name="test_command_dispatch" time="0.006"><properties><property name="test_type" value="standard" /></properties></testcase><testcase classname="tests.core.test_cli.TestCLIPerformanceOverrides" name="test_cores_override" time="0.004"><properties><property name="test_type" value="standard" /></properties></testcase><testcase classname="tests.core.test_cli.TestCLIPerformanceOverrides" name="test_max_workers_override" time="0.004"><properties><property name="test_type" value="standard" /></properties></testcase><testcase classname="tests.core.test_cli.TestCLIPerformanceOverrides" name="test_batch_size_override" time="0.005"><properties><property name="test_type" value="standard" /></properties></testcase><testcase classname="tests.core.test_cli.TestCLIDebugLogging" name="test_debug_logging_enabled" time="8.147"><properties><property name="test_type" value="standard" /></properties></testcase><testcase classname="tests.core.test_cli.TestCLIDebugLogging" name="test_debug_logging_disabled" time="8.161"><properties><property name="test_type" value="standard" /></properties></testcase><testcase classname="tests.core.test_cli.TestCLIIntegration" name="test_cli_with_bootstrap" time="8.209"><properties><property name="test_type" value="standard" /></properties></testcase><testcase classname="tests.core.test_cli.TestCLIIntegration" name="test_cli_error_handling_integration" time="8.145"><properties><property name="test_type" value="standard" /></properties></testcase><testcase classname="tests.core.test_cli.TestCLIIntegration" name="test_cli_help_integration" time="8.118"><properties><property name="test_type" value="standard" /></properties></testcase><testcase classname="tests.core.test_cli_commands.TestScanCommand" name="test_scan_command_initialization" time="0.001"><properties><property name="test_type" value="standard" /></properties></testcase><testcase classname="tests.core.test_cli_commands.TestScanCommand" name="test_scan_command_registration" time="0.002"><properties><property name="test_type" value="standard" /></properties></testcase><testcase classname="tests.core.test_cli_commands.TestScanCommand" name="test_scan_command_execution" time="0.105"><properties><property name="test_type" value="standard" /></properties></testcase><testcase classname="tests.core.test_cli_commands.TestApplyCommand" name="test_apply_command_initialization" time="0.001"><properties><property name="test_type" value="standard" /></properties></testcase><testcase classname="tests.core.test_cli_commands.TestApplyCommand" name="test_apply_command_registration" time="0.002"><properties><property name="test_type" value="standard" /></properties></testcase><testcase classname="tests.core.test_cli_commands.TestApplyCommand" name="test_apply_command_execution" time="0.035"><properties><property name="test_type" value="standard" /></properties></testcase><testcase classname="tests.core.test_cli_commands.TestSimilarityCommand" name="test_similarity_command_initialization" time="0.001"><properties><property name="test_type" value="standard" /></properties></testcase><testcase classname="tests.core.test_cli_commands.TestSimilarityCommand" name="test_similarity_command_registration" time="0.002"><properties><property name="test_type" value="standard" /></properties></testcase><testcase classname="tests.core.test_cli_commands.TestSimilarityCommand" name="test_similarity_command_execution" time="0.030"><properties><property name="test_type" value="standard" /></properties></testcase><testcase classname="tests.core.test_cli_commands.TestToolCommands" name="test_tool_command_list" time="0.003"><properties><property name="test_type" value="standard" /></properties></testcase><testcase classname="tests.core.test_cli_commands.TestToolCommands" name="test_tool_command_no_list" time="0.004"><properties><property name="test_type" value="standard" /></properties></testcase><testcase classname="tests.core.test_cli_commands.TestCommandIntegration" name="test_scan_apply_workflow" time="0.010"><properties><property name="test_type" value="standard" /></properties></testcase><testcase classname="tests.core.test_cli_commands.TestCommandIntegration" name="test_command_error_handling" time="0.001"><properties><property name="test_type" value="standard" /></properties></testcase><testcase classname="tests.core.test_cli_errors.TestCLIArgumentValidation" name="test_scan_missing_paths" time="0.001"><properties><property name="test_type" value="standard" /></properties></testcase><testcase classname="tests.core.test_cli_errors.TestCLIArgumentValidation" name="test_apply_missing_input" time="0.001"><properties><property name="test_type" value="standard" /></properties></testcase><testcase classname="tests.core.test_cli_errors.TestCLIArgumentValidation" name="test_similarity_missing_query_file" time="0.001"><properties><property name="test_type" value="standard" /></properties></testcase><testcase classname="tests.core.test_cli_errors.TestCLIArgumentValidation" name="test_apply_invalid_action" time="0.001"><properties><property name="test_type" value="standard" /></properties></testcase><testcase classname="tests.core.test_cli_errors.TestCLIFileSystemErrors" name="test_scan_nonexistent_directory" time="0.001"><properties><property name="test_type" value="standard" /></properties></testcase><testcase classname="tests.core.test_cli_errors.TestCLIFileSystemErrors" name="test_apply_nonexistent_input_file" time="0.001"><properties><property name="test_type" value="standard" /></properties></testcase><testcase classname="tests.core.test_cli_errors.TestCLIFileSystemErrors" name="test_similarity_nonexistent_query_file" time="0.002"><properties><property name="test_type" value="standard" /></properties></testcase><testcase classname="tests.core.test_cli_errors.TestCLIFileSystemErrors" name="test_apply_nonexistent_target_directory" time="0.001"><properties><property name="test_type" value="standard" /></properties></testcase><testcase classname="tests.core.test_cli_errors.TestCLIPermissionErrors" name="test_scan_permission_denied" time="0.001"><properties><property name="test_type" value="standard" /></properties></testcase><testcase classname="tests.core.test_cli_errors.TestCLIPermissionErrors" name="test_apply_permission_denied" time="0.001"><properties><property name="test_type" value="standard" /></properties></testcase><testcase classname="tests.core.test_cli_errors.TestCLICommandValidation" name="test_scan_invalid_size_constraints" time="0.001"><properties><property name="test_type" value="standard" /></properties></testcase><testcase classname="tests.core.test_cli_errors.TestCLICommandValidation" name="test_similarity_invalid_threshold" time="0.001"><properties><property name="test_type" value="standard" /></properties></testcase><testcase classname="tests.core.test_cli_errors.TestCLICommandValidation" name="test_similarity_invalid_k" time="0.001"><properties><property name="test_type" value="standard" /></properties></testcase><testcase classname="tests.core.test_cli_errors.TestCLIEdgeCases" name="test_scan_empty_directory" time="0.003"><properties><property name="test_type" value="standard" /></properties></testcase><testcase classname="tests.core.test_cli_errors.TestCLIEdgeCases" name="test_apply_empty_input_file" time="0.009"><properties><property name="test_type" value="standard" /></properties></testcase><testcase classname="tests.core.test_cli_errors.TestCLIEdgeCases" name="test_similarity_empty_database" time="0.003"><properties><property name="test_type" value="standard" /></properties></testcase><testcase classname="tests.core.test_cli_errors.TestCLIErrorRecovery" name="test_scan_with_missing_container" time="0.001"><properties><property name="test_type" value="standard" /></properties></testcase><testcase classname="tests.core.test_cli_errors.TestCLIErrorRecovery" name="test_apply_with_missing_container" time="0.001"><properties><property name="test_type" value="standard" /></properties></testcase><testcase classname="tests.core.test_cli_errors.TestCLIErrorRecovery" name="test_similarity_with_missing_container" time="0.007"><properties><property name="test_type" value="standard" /></properties></testcase><testcase classname="tests.core.test_cli_integration.TestCLIEndToEndWorkflows" name="test_scan_apply_workflow_integration" time="0.013"><properties><property name="test_type" value="standard" /></properties></testcase><testcase classname="tests.core.test_cli_integration.TestCLIEndToEndWorkflows" name="test_scan_similarity_workflow_integration" time="0.005"><properties><property name="test_type" value="standard" /></properties></testcase><testcase classname="tests.core.test_cli_integration.TestCLICommandChaining" name="test_multiple_scan_commands" time="0.007"><properties><property name="test_type" value="standard" /></properties></testcase><testcase classname="tests.core.test_cli_integration.TestCLICommandChaining" name="test_scan_apply_chain" time="0.018"><properties><property name="test_type" value="standard" /></properties></testcase><testcase classname="tests.core.test_cli_integration.TestCLIToolIntegration" name="test_tool_command_registration" time="0.007"><properties><property name="test_type" value="standard" /></properties></testcase><testcase classname="tests.core.test_cli_integration.TestCLIToolIntegration" name="test_tool_command_execution" time="0.005"><properties><property name="test_type" value="standard" /></properties></testcase><testcase classname="tests.core.test_cli_integration.TestCLIToolIntegration" name="test_multiple_tools_integration" time="0.007"><properties><property name="test_type" value="standard" /></properties></testcase><testcase classname="tests.core.test_cli_integration.TestCLISystemIntegration" name="test_cli_with_real_bootstrap" time="16.341"><properties><property name="test_type" value="standard" /></properties></testcase><testcase classname="tests.core.test_cli_integration.TestCLISystemIntegration" name="test_cli_error_handling_integration" time="16.291"><properties><property name="test_type" value="standard" /></properties></testcase><testcase classname="tests.core.test_cli_integration.TestCLISystemIntegration" name="test_cli_help_integration" time="24.626"><properties><property name="test_type" value="standard" /></properties></testcase><testcase classname="tests.core.test_cli_integration.TestCLIPerformanceIntegration" name="test_performance_overrides_integration" time="24.608"><properties><property name="test_type" value="standard" /></properties></testcase><testcase classname="tests.core.test_cli_integration.TestCLIPerformanceIntegration" name="test_debug_logging_integration" time="16.350"><properties><property name="test_type" value="standard" /></properties></testcase><testcase classname="tests.core.test_cli_integration.TestCLIComplexScenarios" name="test_large_directory_scan" time="0.037"><properties><property name="test_type" value="standard" /></properties></testcase><testcase classname="tests.core.test_cli_integration.TestCLIComplexScenarios" name="test_complex_file_types" time="0.004"><properties><property name="test_type" value="standard" /></properties></testcase><testcase classname="tests.core.test_cli_integration.TestCLIComplexScenarios" name="test_complex_workflow" time="0.010"><properties><property name="test_type" value="standard" /></properties></testcase><testcase classname="tests.core.test_compression" name="test_compress_decompress_data_all_formats" time="0.032"><properties><property name="test_type" value="standard" /></properties></testcase><testcase classname="tests.core.test_compression" name="test_invalid_format_data" time="0.001"><properties><property name="test_type" value="standard" /></properties></testcase><testcase classname="tests.core.test_compression" name="test_compress_data_exception" time="0.001"><properties><property name="test_type" value="standard" /></properties></testcase><testcase classname="tests.core.test_compression" name="test_file_compression_and_removal" time="0.012"><properties><property name="test_type" value="standard" /></properties></testcase><testcase classname="tests.core.test_compression" name="test_file_not_found" time="0.001"><properties><property name="test_type" value="standard" /></properties></testcase><testcase classname="tests.core.test_compression" name="test_decompress_file" time="0.008"><properties><property name="test_type" value="standard" /></properties></testcase><testcase classname="tests.core.test_compression" name="test_decompress_auto_detect_failure" time="0.001"><properties><property name="test_type" value="standard" /></properties></testcase><testcase classname="tests.core.test_compression" name="test_zip_compression" time="0.002"><properties><property name="test_type" value="standard" /></properties></testcase><testcase classname="tests.core.test_compression" name="test_zip_path_traversal" time="0.003"><properties><property name="test_type" value="standard" /></properties></testcase><testcase classname="tests.core.test_compression" name="test_get_ratio" time="0.001"><properties><property name="test_type" value="standard" /></properties></testcase><testcase classname="tests.core.test_compression" name="test_estimate_size_branches" time="0.001"><properties><property name="test_type" value="standard" /></properties></testcase><testcase classname="tests.core.test_compression_filesystem.TestCompressionFilesystemBased" name="test_compress_file_remove_original_filesystem" time="0.002"><properties><property name="test_type" value="standard" /></properties></testcase><testcase classname="tests.core.test_compression_filesystem.TestCompressionFilesystemBased" name="test_decompress_file_remove_compressed_filesystem" time="0.001"><properties><property name="test_type" value="standard" /></properties></testcase><testcase classname="tests.core.test_compression_filesystem.TestCompressionFilesystemBased" name="test_compress_file_write_permission_error" time="0.001"><properties><property name="test_type" value="standard" /></properties></testcase><testcase classname="tests.core.test_compression_filesystem.TestCompressionFilesystemBased" name="test_decompress_file_write_permission_error" time="0.001"><properties><property name="test_type" value="standard" /></properties></testcase><testcase classname="tests.core.test_compression_filesystem.TestCompressionFilesystemBased" name="test_create_archive_compression_error_path" time="0.006"><properties><property name="test_type" value="standard" /></properties></testcase><testcase classname="tests.core.test_compression_filesystem.TestCompressionFilesystemBased" name="test_extract_archive_compression_error_path" time="0.001"><properties><property name="test_type" value="standard" /></properties></testcase><testcase classname="tests.core.test_compression_filesystem.TestCompressionFilesystemBased" name="test_create_archive_generic_exception_handler" time="0.001"><properties><property name="test_type" value="standard" /></properties></testcase><testcase classname="tests.core.test_compression_filesystem.TestCompressionFilesystemBased" name="test_extract_archive_generic_exception_handler" time="0.002"><properties><property name="test_type" value="standard" /></properties></testcase><testcase classname="tests.core.test_compression_filesystem.TestCompressionFilesystemBased" name="test_estimate_compressed_size_comprehensive_branches" time="0.001"><properties><property name="test_type" value="standard" /></properties></testcase><testcase classname="tests.core.test_compression_filesystem.TestCompressionPermissions" name="test_all_permission_based_tests" time="0.001"><properties><property name="test_type" value="standard" /></properties></testcase><testcase classname="tests.core.test_compression_properties" name="test_roundtrip_compress_decompress" time="0.223"><properties><property name="test_type" value="standard" /></properties></testcase><testcase classname="tests.core.test_compression_properties" name="test_compressed_data_is_valid" time="0.168"><properties><property name="test_type" value="standard" /></properties></testcase><testcase classname="tests.core.test_compression_properties" name="test_corrupted_data_fails" time="0.107"><properties><property name="test_type" value="standard" /></properties></testcase><testcase classname="tests.core.test_compression_properties" name="test_file_roundtrip" time="0.153"><properties><property name="test_type" value="standard" /></properties></testcase><testcase classname="tests.core.test_compression_properties" name="test_zip_extraction_never_escapes" time="0.151"><properties><property name="test_type" value="standard" /></properties></testcase><testcase classname="tests.core.test_compression_stress" name="test_large_roundtrip" time="0.251"><properties><property name="test_type" value="standard" /></properties></testcase><testcase classname="tests.core.test_compression_stress" name="test_thread_safety" time="0.150"><properties><property name="test_type" value="standard" /></properties></testcase><testcase classname="tests.core.test_compression_stress" name="test_tar_traversal_blocked" time="0.083"><properties><property name="test_type" value="standard" /></properties></testcase><testcase classname="tests.core.test_compression_stress" name="test_tar_valid_extraction" time="0.080"><properties><property name="test_type" value="standard" /></properties></testcase><testcase classname="tests.core.test_compression_stress" name="test_tar_gz_traversal_blocked" time="0.085"><properties><property name="test_type" value="standard" /></properties></testcase><testcase classname="tests.core.test_compression_stress" name="test_tar_gz_valid_extraction" time="0.085"><properties><property name="test_type" value="standard" /></properties></testcase><testcase classname="tests.core.test_config.TestConfigManager" name="test_config_manager_initialization" time="0.272"><properties><property name="test_type" value="standard" /></properties></testcase><testcase classname="tests.core.test_config.TestConfigManager" name="test_config_manager_with_custom_path" time="0.008"><properties><property name="test_type" value="standard" /></properties></testcase><testcase classname="tests.core.test_config.TestConfigManager" name="test_config_manager_missing_toml_module" time="0.001"><properties><property name="test_type" value="standard" /></properties></testcase><testcase classname="tests.core.test_config.TestConfigManager" name="test_config_manager_missing_config_file" time="0.001"><properties><property name="test_type" value="standard" /></properties></testcase><testcase classname="tests.core.test_config.TestConfigManager" name="test_config_manager_invalid_toml" time="0.001"><properties><property name="test_type" value="standard" /></properties></testcase><testcase classname="tests.core.test_config.TestConfigManager" name="test_config_manager_missing_nodupe_section" time="0.002"><properties><property name="test_type" value="standard" /></properties></testcase><testcase classname="tests.core.test_config.TestConfigManager" name="test_get_nodupe_config" time="0.003"><properties><property name="test_type" value="standard" /></properties></testcase><testcase classname="tests.core.test_config.TestConfigManager" name="test_get_database_config" time="0.003"><properties><property name="test_type" value="standard" /></properties></testcase><testcase classname="tests.core.test_config.TestConfigManager" name="test_get_scan_config" time="0.003"><properties><property name="test_type" value="standard" /></properties></testcase><testcase classname="tests.core.test_config.TestConfigManager" name="test_get_similarity_config" time="0.003"><properties><property name="test_type" value="standard" /></properties></testcase><testcase classname="tests.core.test_config.TestConfigManager" name="test_get_performance_config" time="0.003"><properties><property name="test_type" value="standard" /></properties></testcase><testcase classname="tests.core.test_config.TestConfigManager" name="test_get_logging_config" time="0.003"><properties><property name="test_type" value="standard" /></properties></testcase><testcase classname="tests.core.test_config.TestConfigManager" name="test_get_config_value" time="0.003"><properties><property name="test_type" value="standard" /></properties></testcase><testcase classname="tests.core.test_config.TestConfigManager" name="test_validate_config_success" time="0.016"><properties><property name="test_type" value="standard" /></properties></testcase><testcase classname="tests.core.test_config.TestConfigManager" name="test_validate_config_missing_section" time="0.005"><properties><property name="test_type" value="standard" /></properties></testcase><testcase classname="tests.core.test_config.TestConfigManager" name="test_validate_config_missing_multiple_sections" time="0.002"><properties><property name="test_type" value="standard" /></properties></testcase><testcase classname="tests.core.test_config.TestConfigManager" name="test_config_manager_default_behavior" time="0.001"><properties><property name="test_type" value="standard" /></properties></testcase><testcase classname="tests.core.test_config.TestConfigManager" name="test_config_manager_with_minimal_config" time="0.006"><properties><property name="test_type" value="standard" /></properties></testcase><testcase classname="tests.core.test_config.TestConfigManager" name="test_config_manager_nested_values" time="0.007"><properties><property name="test_type" value="standard" /></properties></testcase><testcase classname="tests.core.test_config.TestConfigManager" name="test_config_manager_array_values" time="0.005"><properties><property name="test_type" value="standard" /></properties></testcase><testcase classname="tests.core.test_config.TestConfigManager" name="test_config_manager_boolean_values" time="0.005"><properties><property name="test_type" value="standard" /></properties></testcase><testcase classname="tests.core.test_config.TestConfigManager" name="test_config_manager_numeric_values" time="0.005"><properties><property name="test_type" value="standard" /></properties></testcase><testcase classname="tests.core.test_config.TestConfigManager" name="test_config_manager_string_values" time="0.006"><properties><property name="test_type" value="standard" /></properties></testcase><testcase classname="tests.core.test_config.TestConfigManager" name="test_config_manager_concurrent_access" time="0.055"><properties><property name="test_type" value="standard" /></properties></testcase><testcase classname="tests.core.test_config.TestConfigManager" name="test_config_manager_large_config" time="0.762"><properties><property name="test_type" value="standard" /></properties></testcase><testcase classname="tests.core.test_config.TestConfigManager" name="test_config_manager_special_characters" time="0.009"><properties><property name="test_type" value="standard" /></properties></testcase><testcase classname="tests.core.test_config.TestConfigManager" name="test_config_manager_error_handling" time="0.002"><properties><property name="test_type" value="standard" /></properties></testcase><testcase classname="tests.core.test_config.TestConfigManager" name="test_config_manager_memory_usage" time="14.803"><properties><property name="test_type" value="standard" /></properties></testcase><testcase classname="tests.core.test_config.TestConfigManager" name="test_config_manager_serialization" time="0.006"><properties><property name="test_type" value="standard" /></properties></testcase><testcase classname="tests.core.test_config.TestLoadConfig" name="test_load_config_default" time="0.205"><properties><property name="test_type" value="standard" /></properties></testcase><testcase classname="tests.core.test_config.TestLoadConfig" name="test_load_config_with_custom_path" time="0.007"><properties><property name="test_type" value="standard" /></properties></testcase><testcase classname="tests.core.test_config.TestLoadConfig" name="test_load_config_missing_file" time="0.001"><properties><property name="test_type" value="standard" /></properties></testcase><testcase classname="tests.core.test_config.TestLoadConfig" name="test_load_config_integration" time="0.014"><properties><property name="test_type" value="standard" /></properties></testcase><testcase classname="tests.core.test_container.TestServiceContainer" name="test_initialization" time="0.001"><properties><property name="test_type" value="standard" /></properties></testcase><testcase classname="tests.core.test_container.TestServiceContainer" name="test_register_service" time="0.001"><properties><property name="test_type" value="standard" /></properties></testcase><testcase classname="tests.core.test_container.TestServiceContainer" name="test_register_factory" time="0.001"><properties><property name="test_type" value="standard" /></properties></testcase><testcase classname="tests.core.test_container.TestServiceContainer" name="test_get_service_direct" time="0.001"><properties><property name="test_type" value="standard" /></properties></testcase><testcase classname="tests.core.test_container.TestServiceContainer" name="test_get_service_lazy_initialization" time="0.001"><properties><property name="test_type" value="standard" /></properties></testcase><testcase classname="tests.core.test_container.TestServiceContainer" name="test_get_nonexistent_service" time="0.001"><properties><property name="test_type" value="standard" /></properties></testcase><testcase classname="tests.core.test_container.TestServiceContainer" name="test_get_service_factory_exception" time="0.001"><properties><property name="test_type" value="standard" /></properties></testcase><testcase classname="tests.core.test_container.TestServiceContainer" name="test_has_service" time="0.006"><properties><property name="test_type" value="standard" /></properties></testcase><testcase classname="tests.core.test_container.TestServiceContainer" name="test_remove_service" time="0.001"><properties><property name="test_type" value="standard" /></properties></testcase><testcase classname="tests.core.test_container.TestServiceContainer" name="test_clear" time="0.001"><properties><property name="test_type" value="standard" /></properties></testcase><testcase classname="tests.core.test_container.TestGlobalContainer" name="test_global_container_instance" time="0.001"><properties><property name="test_type" value="standard" /></properties></testcase><testcase classname="tests.core.test_container.TestGlobalContainer" name="test_global_container_isolation" time="0.002"><properties><property name="test_type" value="standard" /></properties></testcase><testcase classname="tests.core.test_container.TestContainerIntegration" name="test_container_workflow" time="0.001"><properties><property name="test_type" value="standard" /></properties></testcase><testcase classname="tests.core.test_container.TestContainerIntegration" name="test_container_with_complex_objects" time="0.001"><properties><property name="test_type" value="standard" /></properties></testcase><testcase classname="tests.core.test_container.TestContainerIntegration" name="test_container_graceful_degradation" time="0.001"><properties><property name="test_type" value="standard" /></properties></testcase><testcase classname="tests.core.test_container.TestContainerEdgeCases" name="test_register_same_service_twice" time="0.001"><properties><property name="test_type" value="standard" /></properties></testcase><testcase classname="tests.core.test_container.TestContainerEdgeCases" name="test_register_service_and_factory_same_name" time="0.001"><properties><property name="test_type" value="standard" /></properties></testcase><testcase classname="tests.core.test_container.TestContainerEdgeCases" name="test_get_service_after_removal" time="0.001"><properties><property name="test_type" value="standard" /></properties></testcase><testcase classname="tests.core.test_database.TestDatabaseConnection" name="test_singleton_instance_creation" time="0.001"><properties><property name="test_type" value="standard" /></properties></testcase><testcase classname="tests.core.test_database.TestDatabaseConnection" name="test_get_connection_creates_directory" time="0.001"><properties><property name="test_type" value="standard" /></properties></testcase><testcase classname="tests.core.test_database.TestDatabaseConnection" name="test_execute_query_success" time="0.021"><properties><property name="test_type" value="standard" /></properties></testcase><testcase classname="tests.core.test_database.TestDatabaseConnection" name="test_execute_query_without_params" time="0.005"><properties><property name="test_type" value="standard" /></properties></testcase><testcase classname="tests.core.test_database.TestDatabaseConnection" name="test_executemany_batch_operations" time="0.006"><properties><property name="test_type" value="standard" /></properties></testcase><testcase classname="tests.core.test_database.TestDatabaseConnection" name="test_commit_and_rollback" time="0.005"><properties><property name="test_type" value="standard" /></properties></testcase><testcase classname="tests.core.test_database.TestDatabaseConnection" name="test_close_connection" time="0.002"><properties><property name="test_type" value="standard" /></properties></testcase><testcase classname="tests.core.test_database.TestDatabaseConnection" name="test_initialize_database_schema" time="0.004"><properties><property name="test_type" value="standard" /></properties></testcase><testcase classname="tests.core.test_database.TestDatabaseConnection" name="test_get_connection_thread_local" time="0.001"><properties><property name="test_type" value="standard" /></properties></testcase><testcase classname="tests.core.test_database.TestFileRepository" name="test_initialization" time="0.001"><properties><property name="test_type" value="standard" /></properties></testcase><testcase classname="tests.core.test_database.TestFileRepository" name="test_add_file_success" time="0.005"><properties><property name="test_type" value="standard" /></properties></testcase><testcase classname="tests.core.test_database.TestFileRepository" name="test_get_file_by_id" time="0.020"><properties><property name="test_type" value="standard" /></properties></testcase><testcase classname="tests.core.test_database.TestFileRepository" name="test_get_file_by_id_not_found" time="0.005"><properties><property name="test_type" value="standard" /></properties></testcase><testcase classname="tests.core.test_database.TestFileRepository" name="test_get_file_by_path" time="0.008"><properties><property name="test_type" value="standard" /></properties></testcase><testcase classname="tests.core.test_database.TestFileRepository" name="test_update_file" time="0.010"><properties><property name="test_type" value="standard" /></properties></testcase><testcase classname="tests.core.test_database.TestFileRepository" name="test_update_file_invalid_fields" time="0.005"><properties><property name="test_type" value="standard" /></properties></testcase><testcase classname="tests.core.test_database.TestFileRepository" name="test_mark_as_duplicate" time="0.006"><properties><property name="test_type" value="standard" /></properties></testcase><testcase classname="tests.core.test_database.TestFileRepository" name="test_find_duplicates_by_hash" time="0.008"><properties><property name="test_type" value="standard" /></properties></testcase><testcase classname="tests.core.test_database.TestFileRepository" name="test_find_duplicates_by_size" time="0.008"><properties><property name="test_type" value="standard" /></properties></testcase><testcase classname="tests.core.test_database.TestFileRepository" name="test_get_all_files" time="0.006"><properties><property name="test_type" value="standard" /></properties></testcase><testcase classname="tests.core.test_database.TestFileRepository" name="test_delete_file" time="0.006"><properties><property name="test_type" value="standard" /></properties></testcase><testcase classname="tests.core.test_database.TestFileRepository" name="test_get_duplicate_files" time="0.006"><properties><property name="test_type" value="standard" /></properties></testcase><testcase classname="tests.core.test_database.TestFileRepository" name="test_get_original_files" time="0.009"><properties><property name="test_type" value="standard" /></properties></testcase><testcase classname="tests.core.test_database.TestFileRepository" name="test_count_files" time="0.007"><properties><property name="test_type" value="standard" /></properties></testcase><testcase classname="tests.core.test_database.TestFileRepository" name="test_count_duplicates" time="0.011"><properties><property name="test_type" value="standard" /></properties></testcase><testcase classname="tests.core.test_database.TestFileRepository" name="test_batch_add_files" time="0.008"><properties><property name="test_type" value="standard" /></properties></testcase><testcase classname="tests.core.test_database.TestFileRepository" name="test_clear_all_files" time="0.013"><properties><property name="test_type" value="standard" /></properties></testcase><testcase classname="tests.core.test_database.TestFileRepository" name="test_get_file_repository_factory" time="0.002"><properties><property name="test_type" value="standard" /></properties></testcase><testcase classname="tests.core.test_database.TestDatabaseRepository" name="test_initialization" time="0.001"><properties><property name="test_type" value="standard" /></properties></testcase><testcase classname="tests.core.test_database.TestDatabaseRepository" name="test_create_method_raises_not_implemented" time="0.001"><properties><property name="test_type" value="standard" /></properties></testcase><testcase classname="tests.core.test_database.TestDatabaseRepository" name="test_read_method_raises_not_implemented" time="0.001"><properties><property name="test_type" value="standard" /></properties></testcase><testcase classname="tests.core.test_database.TestDatabaseRepository" name="test_update_method_raises_not_implemented" time="0.001"><properties><property name="test_type" value="standard" /></properties></testcase><testcase classname="tests.core.test_database.TestDatabaseRepository" name="test_delete_method_raises_not_implemented" time="0.001"><properties><property name="test_type" value="standard" /></properties></testcase><testcase classname="tests.core.test_database" name="test_database_integration" time="0.008"><properties><property name="test_type" value="standard" /></properties></testcase><testcase classname="tests.core.test_database.TestDatabaseQueryComponents" name="test_database_query_execute" time="0.018"><properties><property name="test_type" value="standard" /></properties></testcase><testcase classname="tests.core.test_database.TestDatabaseQueryComponents" name="test_database_batch_operations" time="0.006"><properties><property name="test_type" value="standard" /></properties></testcase><testcase classname="tests.core.test_database.TestDatabaseQueryComponents" name="test_database_batch_transaction" time="0.009"><properties><property name="test_type" value="standard" /></properties></testcase><testcase classname="tests.core.test_database.TestDatabaseQueryComponents" name="test_database_performance_monitoring" time="0.008"><properties><property name="test_type" value="standard" /></properties></testcase><testcase classname="tests.core.test_database.TestDatabaseQueryComponents" name="test_database_integrity_checking" time="0.007"><properties><property name="test_type" value="standard" /></properties></testcase><testcase classname="tests.core.test_database.TestDatabaseQueryComponents" name="test_database_backup_functionality" time="0.008"><properties><property name="test_type" value="standard" /></properties></testcase><testcase classname="tests.core.test_database.TestDatabaseQueryComponents" name="test_database_migration_functionality" time="0.005"><properties><property name="test_type" value="standard" /></properties></testcase><testcase classname="tests.core.test_database.TestDatabaseQueryComponents" name="test_database_recovery_functionality" time="0.007"><properties><property name="test_type" value="standard" /></properties></testcase><testcase classname="tests.core.test_database.TestDatabaseQueryComponents" name="test_database_optimization_functionality" time="0.006"><properties><property name="test_type" value="standard" /></properties></testcase><testcase classname="tests.core.test_database.TestDatabaseIntegration" name="test_database_initialization" time="0.002"><properties><property name="test_type" value="standard" /></properties></testcase><testcase classname="tests.core.test_database.TestDatabaseIntegration" name="test_database_query_operations" time="0.030"><properties><property name="test_type" value="standard" /></properties></testcase><testcase classname="tests.core.test_database.TestDatabaseIntegration" name="test_database_batch_operations" time="0.008"><properties><property name="test_type" value="standard" /></properties></testcase><testcase classname="tests.core.test_database.TestDatabaseIntegration" name="test_database_context_manager" time="0.009"><properties><property name="test_type" value="standard" /></properties></testcase><testcase classname="tests.core.test_deps.TestDependencyManager" name="test_initialization" time="0.001"><properties><property name="test_type" value="standard" /></properties></testcase><testcase classname="tests.core.test_deps.TestDependencyManager" name="test_check_dependency_available" time="0.008"><properties><property name="test_type" value="standard" /></properties></testcase><testcase classname="tests.core.test_deps.TestDependencyManager" name="test_check_dependency_unavailable" time="0.001"><properties><property name="test_type" value="standard" /></properties></testcase><testcase classname="tests.core.test_deps.TestDependencyManager" name="test_check_dependency_caching" time="0.001"><properties><property name="test_type" value="standard" /></properties></testcase><testcase classname="tests.core.test_deps.TestDependencyManager" name="test_with_fallback_success" time="0.001"><properties><property name="test_type" value="standard" /></properties></testcase><testcase classname="tests.core.test_deps.TestDependencyManager" name="test_with_fallback_failure" time="0.002"><properties><property name="test_type" value="standard" /></properties></testcase><testcase classname="tests.core.test_deps.TestDependencyManager" name="test_with_fallback_exception_handling" time="0.001"><properties><property name="test_type" value="standard" /></properties></testcase><testcase classname="tests.core.test_deps.TestDependencyManager" name="test_try_import_success" time="0.001"><properties><property name="test_type" value="standard" /></properties></testcase><testcase classname="tests.core.test_deps.TestDependencyManager" name="test_try_import_failure" time="0.003"><properties><property name="test_type" value="standard" /></properties></testcase><testcase classname="tests.core.test_deps.TestDependencyManager" name="test_try_import_with_fallback" time="0.001"><properties><property name="test_type" value="standard" /></properties></testcase><testcase classname="tests.core.test_deps.TestDependencyManager" name="test_try_import_exception_handling" time="0.001"><properties><property name="test_type" value="standard" /></properties></testcase><testcase classname="tests.core.test_deps.TestGlobalDependencyManager" name="test_global_dep_manager_instance" time="0.001"><properties><property name="test_type" value="standard" /></properties></testcase><testcase classname="tests.core.test_deps.TestGlobalDependencyManager" name="test_global_dep_manager_isolation" time="0.001"><properties><property name="test_type" value="standard" /></properties></testcase><testcase classname="tests.core.test_deps.TestDependencyManagerIntegration" name="test_dependency_workflow" time="0.002"><properties><property name="test_type" value="standard" /></properties></testcase><testcase classname="tests.core.test_deps.TestDependencyManagerIntegration" name="test_graceful_degradation_scenario" time="0.002"><properties><property name="test_type" value="standard" /></properties></testcase><testcase classname="tests.core.test_deps.TestDependencyManagerEdgeCases" name="test_check_dependency_with_import_error" time="0.001"><properties><property name="test_type" value="standard" /></properties></testcase><testcase classname="tests.core.test_deps.TestDependencyManagerEdgeCases" name="test_with_fallback_both_fail" time="0.001"><properties><property name="test_type" value="standard" /></properties></testcase><testcase classname="tests.core.test_deps.TestDependencyManagerEdgeCases" name="test_try_import_with_non_import_exception" time="0.001"><properties><property name="test_type" value="standard" /></properties></testcase><testcase classname="tests.core.test_errors.TestErrorHierarchy" name="test_nodupe_error_base" time="0.001"><properties><property name="test_type" value="standard" /></properties></testcase><testcase classname="tests.core.test_errors.TestErrorHierarchy" name="test_security_error" time="0.001"><properties><property name="test_type" value="standard" /></properties></testcase><testcase classname="tests.core.test_errors.TestErrorHierarchy" name="test_validation_error" time="0.001"><properties><property name="test_type" value="standard" /></properties></testcase><testcase classname="tests.core.test_errors.TestErrorHierarchy" name="test_tool_error" time="0.001"><properties><property name="test_type" value="standard" /></properties></testcase><testcase classname="tests.core.test_errors.TestErrorHierarchy" name="test_database_error" time="0.001"><properties><property name="test_type" value="standard" /></properties></testcase><testcase classname="tests.core.test_errors.TestErrorUsage" name="test_error_raising_and_catching" time="0.001"><properties><property name="test_type" value="standard" /></properties></testcase><testcase classname="tests.core.test_errors.TestErrorUsage" name="test_error_with_context" time="0.001"><properties><property name="test_type" value="standard" /></properties></testcase><testcase classname="tests.core.test_errors.TestErrorUsage" name="test_error_chaining" time="0.001"><properties><property name="test_type" value="standard" /></properties></testcase><testcase classname="tests.core.test_errors.TestErrorIntegration" name="test_error_in_function" time="0.001"><properties><property name="test_type" value="standard" /></properties></testcase><testcase classname="tests.core.test_errors.TestErrorIntegration" name="test_error_in_class_method" time="0.001"><properties><property name="test_type" value="standard" /></properties></testcase><testcase classname="tests.core.test_errors.TestErrorIntegration" name="test_error_in_tool_system" time="0.001"><properties><property name="test_type" value="standard" /></properties></testcase><testcase classname="tests.core.test_errors.TestErrorProperties" name="test
[...]
tests.core.test_incremental.TestIncrementalIntegration" name="test_incremental_with_metadata" time="0.002"><properties><property name="test_type" value="standard" /></properties></testcase><testcase classname="tests.core.test_incremental.TestIncrementalIntegration" name="test_incremental_error_handling" time="0.002"><properties><property name="test_type" value="standard" /></properties></testcase><testcase classname="tests.core.test_limits.TestLimits" name="test_get_memory_usage" time="0.020"><properties><property name="test_type" value="standard" /></properties></testcase><testcase classname="tests.core.test_limits.TestLimits" name="test_check_file_size" time="0.003"><properties><property name="test_type" value="standard" /></properties></testcase><testcase classname="tests.core.test_limits.TestLimits" name="test_check_data_size" time="0.001"><properties><property name="test_type" value="standard" /></properties></testcase><testcase classname="tests.core.test_limits.TestLimits" name="test_time_limit" time="0.003"><properties><property name="test_type" value="standard" /></properties></testcase><testcase classname="tests.core.test_limits.TestRateLimiter" name="test_rate_limiter_creation" time="0.001"><properties><property name="test_type" value="standard" /></properties></testcase><testcase classname="tests.core.test_limits.TestRateLimiter" name="test_consume_TOKEN_REMOVEDs" time="0.002"><properties><property name="test_type" value="standard" /></properties></testcase><testcase classname="tests.core.test_limits.TestRateLimiter" name="test_consume_too_many_TOKEN_REMOVEDs" time="0.001"><properties><property name="test_type" value="standard" /></properties></testcase><testcase classname="tests.core.test_limits.TestRateLimiter" name="test_rate_limiter_refill" time="0.001"><properties><property name="test_type" value="standard" /></properties></testcase><testcase classname="tests.core.test_limits.TestRateLimiter" name="test_rate_limiter_context" time="0.001"><properties><property name="test_type" value="standard" /></properties></testcase><testcase classname="tests.core.test_limits.TestRateLimiter" name="test_rate_limiter_context_exceeds" time="0.001"><properties><property name="test_type" value="standard" /></properties></testcase><testcase classname="tests.core.test_limits.TestSizeLimit" name="test_size_limit_creation" time="0.000"><properties><property name="test_type" value="standard" /></properties></testcase><testcase classname="tests.core.test_limits.TestSizeLimit" name="test_add_bytes" time="0.002"><properties><property name="test_type" value="standard" /></properties></testcase><testcase classname="tests.core.test_limits.TestSizeLimit" name="test_add_bytes_exceeds_limit" time="0.000"><properties><property name="test_type" value="standard" /></properties></testcase><testcase classname="tests.core.test_limits.TestSizeLimit" name="test_reset_size_limit" time="0.000"><properties><property name="test_type" value="standard" /></properties></testcase><testcase classname="tests.core.test_limits.TestSizeLimit" name="test_remaining_capacity" time="0.000"><properties><property name="test_type" value="standard" /></properties></testcase><testcase classname="tests.core.test_limits.TestSizeLimit" name="test_used_property" time="0.000"><properties><property name="test_type" value="standard" /></properties></testcase><testcase classname="tests.core.test_limits.TestCountLimit" name="test_count_limit_creation" time="0.001"><properties><property name="test_type" value="standard" /></properties></testcase><testcase classname="tests.core.test_limits.TestCountLimit" name="test_increment_count" time="0.002"><properties><property name="test_type" value="standard" /></properties></testcase><testcase classname="tests.core.test_limits.TestCountLimit" name="test_increment_exceeds_limit" time="0.001"><properties><property name="test_type" value="standard" /></properties></testcase><testcase classname="tests.core.test_limits.TestCountLimit" name="test_reset_count_limit" time="0.000"><properties><property name="test_type" value="standard" /></properties></testcase><testcase classname="tests.core.test_limits.TestCountLimit" name="test_remaining_count" time="0.001"><properties><property name="test_type" value="standard" /></properties></testcase><testcase classname="tests.core.test_limits.TestCountLimit" name="test_used_count_property" time="0.001"><properties><property name="test_type" value="standard" /></properties></testcase><testcase classname="tests.core.test_loader.TestCoreLoaderInitialization" name="test_core_loader_creation" time="0.001"><properties><property name="test_type" value="standard" /></properties></testcase><testcase classname="tests.core.test_loader.TestCoreLoaderInitialization" name="test_double_initialization" time="7.845"><properties><property name="test_type" value="standard" /></properties></testcase><testcase classname="tests.core.test_loader.TestCoreLoaderInitialization" name="test_initialization_error_handling" time="0.004"><properties><property name="test_type" value="standard" /></properties></testcase><testcase classname="tests.core.test_loader.TestCoreLoaderConfiguration" name="test_platform_autoconfig" time="0.003"><properties><property name="test_type" value="standard" /></properties></testcase><testcase classname="tests.core.test_loader.TestCoreLoaderConfiguration" name="test_platform_autoconfig_without_psutil_does_not_include_ram" time="0.001"><properties><property name="test_type" value="standard" /></properties></testcase><testcase classname="tests.core.test_loader.TestCoreLoaderConfiguration" name="test_config_merging" time="6.974"><properties><property name="test_type" value="standard" /></properties></testcase><testcase classname="tests.core.test_loader.TestCoreLoaderToolSystem" name="test_tool_discovery_and_loading" time="7.109"><properties><property name="test_type" value="standard" /></properties></testcase><testcase classname="tests.core.test_loader.TestCoreLoaderToolSystem" name="test_tool_loading_disabled" time="6.969"><properties><property name="test_type" value="standard" /></properties></testcase><testcase classname="tests.core.test_loader.TestCoreLoaderToolSystem" name="test_discover_and_load_tools_falls_back_to_standard_paths" time="0.002"><properties><property name="test_type" value="standard" /></properties></testcase><testcase classname="tests.core.test_loader.TestCoreLoaderToolSystem" name="test_load_single_tool_no_class_is_handled_gracefully" time="0.001"><properties><property name="test_type" value="standard" /></properties></testcase><testcase classname="tests.core.test_loader.TestCoreLoaderDatabase" name="test_database_initialization" time="7.174"><properties><property name="test_type" value="standard" /></properties></testcase><testcase classname="tests.core.test_loader.TestCoreLoaderDatabase" name="test_database_initialization_skips_on_error" time="7.151"><properties><property name="test_type" value="standard" /></properties></testcase><testcase classname="tests.core.test_loader.TestCoreLoaderHashAutotuning" name="test_hash_autotuning" time="0.010"><properties><property name="test_type" value="standard" /></properties></testcase><testcase classname="tests.core.test_loader.TestCoreLoaderHashAutotuning" name="test_hash_autotuning_fallback" time="0.008"><properties><property name="test_type" value="standard" /></properties></testcase><testcase classname="tests.core.test_loader.TestCoreLoaderHashAutotuning" name="test_hash_autotuning_results_applied_to_existing_hasher" time="0.001"><properties><property name="test_type" value="standard" /></properties></testcase><testcase classname="tests.core.test_loader.TestCoreLoaderShutdown" name="test_shutdown" time="7.023"><properties><property name="test_type" value="standard" /></properties></testcase><testcase classname="tests.core.test_loader.TestCoreLoaderShutdown" name="test_shutdown_not_initialized" time="0.012"><properties><property name="test_type" value="standard" /></properties></testcase><testcase classname="tests.core.test_loader.TestCoreLoaderShutdown" name="test_shutdown_stops_ipc_server" time="0.001"><properties><property name="test_type" value="standard" /></properties></testcase><testcase classname="tests.core.test_loader.TestCoreLoaderShutdown" name="test_shutdown_uses_log_compressor_when_available" time="0.004"><properties><property name="test_type" value="standard" /></properties></testcase><testcase classname="tests.core.test_loader.TestCoreLoaderShutdown" name="test_shutdown_handles_database_close_exceptions" time="0.001"><properties><property name="test_type" value="standard" /></properties></testcase><testcase classname="tests.core.test_loader.TestCoreLoaderSystemDetection" name="test_system_resource_detection" time="0.032"><properties><property name="test_type" value="standard" /></properties></testcase><testcase classname="tests.core.test_loader.TestCoreLoaderSystemDetection" name="test_thread_restriction_detection" time="0.002"><properties><property name="test_type" value="standard" /></properties></testcase><testcase classname="tests.core.test_loader.TestBootstrapFunction" name="test_bootstrap" time="0.002"><properties><property name="test_type" value="standard" /></properties></testcase><testcase classname="tests.core.test_loader.TestCoreLoaderIntegration" name="test_complete_initialization_workflow" time="0.011"><properties><property name="test_type" value="standard" /></properties></testcase><testcase classname="tests.core.test_loader_autotune" name="test_create_autotuned_hasher_registers_hasher_and_results" time="3.587"><properties><property name="test_type" value="standard" /></properties></testcase><testcase classname="tests.core.test_loader_autotune" name="test_autotune_results_configures_existing_hasher" time="0.001"><properties><property name="test_type" value="standard" /></properties></testcase><testcase classname="tests.core.test_loader_autotune" name="test_no_helpers_registers_fallback_file_hasher" time="0.001"><properties><property name="test_type" value="standard" /></properties></testcase><testcase classname="tests.core.test_loader_autotune" name="test_autotune_exception_logs_and_registers_fallback" time="0.002"><properties><property name="test_type" value="standard" /></properties></testcase><testcase classname="tests.core.test_loader_discovery_and_load" name="test_load_single_tool_success_registers_and_watches" time="0.001"><properties><property name="test_type" value="standard" /></properties></testcase><testcase classname="tests.core.test_loader_discovery_and_load" name="test_discover_and_load_tools_invokes_discovery_and_loads_each_tool" time="0.003"><properties><property name="test_type" value="standard" /></properties></testcase><testcase classname="tests.core.test_loader_initialize_shutdown" name="test_initialize_registers_services_and_runs_lifecycle_and_autotune" time="0.006"><properties><property name="test_type" value="standard" /></properties></testcase><testcase classname="tests.core.test_loader_initialize_shutdown" name="test_initialize_respects_auto_load_flag" time="7.037"><properties><property name="test_type" value="standard" /></properties></testcase><testcase classname="tests.core.test_loader_initialize_shutdown" name="test_initialize_is_idempotent" time="6.992"><properties><property name="test_type" value="standard" /></properties></testcase><testcase classname="tests.core.test_loader_initialize_shutdown" name="test_shutdown_closes_database_and_stops_services_and_handles_errors" time="0.003"><properties><property name="test_type" value="standard" /></properties></testcase><testcase classname="tests.core.test_loader_more" name="test_load_single_tool_handles_missing_tool_class" time="0.001"><properties><property name="test_type" value="standard" /></properties></testcase><testcase classname="tests.core.test_loader_more" name="test_load_single_tool_instantiation_failure_logged" time="0.002"><properties><property name="test_type" value="standard" /></properties></testcase><testcase classname="tests.core.test_loader_more" name="test_initialize_skips_database_when_get_connection_fails" time="6.942"><properties><property name="test_type" value="standard" /></properties></testcase><testcase classname="tests.core.test_log_compressor" name="test_log_compression" time="0.019"><properties><property name="test_type" value="standard" /></properties></testcase><testcase classname="tests.core.test_logging.TestLoggingError" name="test_logging_error" time="0.001"><properties><property name="test_type" value="standard" /></properties></testcase><testcase classname="tests.core.test_logging.TestLoggingSetup" name="test_setup_logging_defaults" time="0.014"><properties><property name="test_type" value="standard" /></properties></testcase><testcase classname="tests.core.test_logging.TestLoggingSetup" name="test_setup_logging_with_file" time="0.001"><properties><property name="test_type" value="standard" /></properties></testcase><testcase classname="tests.core.test_logging.TestLoggingSetup" name="test_setup_logging_invalid_level" time="0.001"><properties><property name="test_type" value="standard" /></properties></testcase><testcase classname="tests.core.test_logging.TestLoggingSetup" name="test_setup_logging_custom_format" time="0.003"><properties><property name="test_type" value="standard" /></properties></testcase><testcase classname="tests.core.test_logging.TestLoggingGetLogger" name="test_get_logger_auto_configure" time="0.002"><properties><property name="test_type" value="standard" /></properties></testcase><testcase classname="tests.core.test_logging.TestLoggingGetLogger" name="test_get_logger_caching" time="0.001"><properties><property name="test_type" value="standard" /></properties></testcase><testcase classname="tests.core.test_logging.TestLoggingGetLogger" name="test_get_logger_different_names" time="0.001"><properties><property name="test_type" value="standard" /></properties></testcase><testcase classname="tests.core.test_logging.TestLoggingMethods" name="test_log_exception" time="0.001"><properties><property name="test_type" value="standard" /></properties></testcase><testcase classname="tests.core.test_logging.TestLoggingMethods" name="test_log_with_context" time="0.002"><properties><property name="test_type" value="standard" /></properties></testcase><testcase classname="tests.core.test_logging.TestLoggingMethods" name="test_configure_module_logger" time="0.001"><properties><property name="test_type" value="standard" /></properties></testcase><testcase classname="tests.core.test_logging.TestLoggingMethods" name="test_set_log_level" time="0.001"><properties><property name="test_type" value="standard" /></properties></testcase><testcase classname="tests.core.test_logging.TestLoggingMethods" name="test_set_log_level_invalid" time="0.001"><properties><property name="test_type" value="standard" /></properties></testcase><testcase classname="tests.core.test_logging.TestLoggingMethods" name="test_add_file_handler" time="0.003"><properties><property name="test_type" value="standard" /></properties></testcase><testcase classname="tests.core.test_logging.TestLoggingConvenienceFunctions" name="test_get_logger_convenience" time="0.001"><properties><property name="test_type" value="standard" /></properties></testcase><testcase classname="tests.core.test_logging.TestLoggingConvenienceFunctions" name="test_setup_logging_convenience" time="0.001"><properties><property name="test_type" value="standard" /></properties></testcase><testcase classname="tests.core.test_logging.TestLoggingEdgeCases" name="test_setup_logging_twice" time="0.001"><properties><property name="test_type" value="standard" /></properties></testcase><testcase classname="tests.core.test_logging.TestLoggingEdgeCases" name="test_log_with_empty_context" time="0.001"><properties><property name="test_type" value="standard" /></properties></testcase><testcase classname="tests.core.test_logging.TestLoggingEdgeCases" name="test_add_file_handler_invalid_path" time="0.001"><properties><property name="test_type" value="standard" /></properties></testcase><testcase classname="tests.core.test_logging.TestLoggingIntegration" name="test_complete_logging_workflow" time="0.002"><properties><property name="test_type" value="standard" /></properties></testcase><testcase classname="tests.core.test_logging.TestLoggingIntegration" name="test_logging_with_rotation" time="0.015"><properties><property name="test_type" value="standard" /></properties></testcase><testcase classname="tests.core.test_logging.TestLoggingIntegration" name="test_logging_performance" time="0.011"><properties><property name="test_type" value="standard" /></properties></testcase><testcase classname="tests.core.test_logging_system" name="test_setup_logging_creates_console_handler_and_sets_level" time="0.001"><properties><property name="test_type" value="standard" /></properties></testcase><testcase classname="tests.core.test_logging_system" name="test_get_logger_auto_configures_and_caches" time="0.001"><properties><property name="test_type" value="standard" /></properties></testcase><testcase classname="tests.core.test_logging_system" name="test_log_exception_calls_error_with_exc_info" time="0.001"><properties><property name="test_type" value="standard" /></properties></testcase><testcase classname="tests.core.test_logging_system" name="test_log_with_context_formats_message_and_calls_level_method" time="0.001"><properties><property name="test_type" value="standard" /></properties></testcase><testcase classname="tests.core.test_logging_system" name="test_configure_module_logger_sets_level" time="0.001"><properties><property name="test_type" value="standard" /></properties></testcase><testcase classname="tests.core.test_logging_system" name="test_set_log_level_raises_on_invalid_level" time="0.001"><properties><property name="test_type" value="standard" /></properties></testcase><testcase classname="tests.core.test_logging_system" name="test_add_file_handler_creates_log_file_and_attaches_handler" time="0.002"><properties><property name="test_type" value="standard" /></properties></testcase><testcase classname="tests.core.test_logging_system" name="test_get_logger_convenience_function_returns_logger" time="0.001"><properties><property name="test_type" value="standard" /></properties></testcase><testcase classname="tests.core.test_logging_system" name="test_setup_logging_raises_on_invalid_level" time="0.001"><properties><property name="test_type" value="standard" /></properties></testcase><testcase classname="tests.core.test_main_cli.TestCLIHandlerInitialization" name="test_cli_handler_creation" time="0.005"><properties><property name="test_type" value="standard" /></properties></testcase><testcase classname="tests.core.test_main_cli.TestCLIHandlerInitialization" name="test_create_parser" time="0.005"><properties><property name="test_type" value="standard" /></properties></testcase><testcase classname="tests.core.test_main_cli.TestCLIHandlerInitialization" name="test_register_commands" time="0.003"><properties><property name="test_type" value="standard" /></properties></testcase><testcase classname="tests.core.test_main_cli.TestCLIHandlerRun" name="test_run_with_version_command" time="0.004"><properties><property name="test_type" value="standard" /></properties></testcase><testcase classname="tests.core.test_main_cli.TestCLIHandlerRun" name="test_run_with_tools_command" time="0.004"><properties><property name="test_type" value="standard" /></properties></testcase><testcase classname="tests.core.test_main_cli.TestCLIHandlerRun" name="test_run_with_invalid_command" time="0.004"><properties><property name="test_type" value="standard" /></properties></testcase><testcase classname="tests.core.test_main_cli.TestCLIHandlerRun" name="test_run_with_debug_flag" time="0.005"><properties><property name="test_type" value="standard" /></properties></testcase><testcase time="0.000" /></testsuite></testsuites>