<?xml version="1.0" encoding="utf-8"?><testsuites name="pytest tests"><testsuite name="pytest" errors="1" failures="0" skipped="0" tests="1" time="2.167" timestamp="2026-02-17T05:12:23.479116+01:00" hostname="vmi2997710"><testcase classname="" name="tests.tools.test_query_cache" time="0.000"><error message="collection failure">import file mismatch:
imported module 'test_query_cache' has this __file__ attribute:
  /home/prod/Workspaces/repos/github/NoDupeLabs/tests/core/cache/test_query_cache.py
which is not the same as the test file we want to collect:
  /home/prod/Workspaces/repos/github/NoDupeLabs/tests/tools/test_query_cache.py
HINT: remove __pycache__ / .pyc files and/or use a unique basename for your test file modules</error></testcase></testsuite></testsuites>