<?xml version="1.0" encoding="utf-8"?><testsuites name="pytest tests"><testsuite name="pytest" errors="0" failures="0" skipped="0" tests="11" time="5.189" timestamp="2026-02-15T21:52:07.608445+01:00" hostname="vmi2997710"><testcase classname="tests.core.test_compression" name="test_compress_decompress_data_all_formats" time="0.050"><properties><property name="test_type" value="standard" /></properties></testcase><testcase classname="tests.core.test_compression" name="test_invalid_format_data" time="0.001"><properties><property name="test_type" value="standard" /></properties></testcase><testcase classname="tests.core.test_compression" name="test_compress_data_exception" time="0.001"><properties><property name="test_type" value="standard" /></properties></testcase><testcase classname="tests.core.test_compression" name="test_file_compression_and_removal" time="0.011"><properties><property name="test_type" value="standard" /></properties></testcase><testcase classname="tests.core.test_compression" name="test_file_not_found" time="0.000"><properties><property name="test_type" value="standard" /></properties></testcase><testcase classname="tests.core.test_compression" name="test_decompress_file" time="0.007"><properties><property name="test_type" value="standard" /></properties></testcase><testcase classname="tests.core.test_compression" name="test_decompress_auto_detect_failure" time="0.001"><properties><property name="test_type" value="standard" /></properties></testcase><testcase classname="tests.core.test_compression" name="test_zip_compression" time="0.002"><properties><property name="test_type" value="standard" /></properties></testcase><testcase classname="tests.core.test_compression" name="test_zip_path_traversal" time="0.004"><properties><property name="test_type" value="standard" /></properties></testcase><testcase classname="tests.core.test_compression" name="test_get_ratio" time="0.001"><properties><property name="test_type" value="standard" /></properties></testcase><testcase classname="tests.core.test_compression" name="test_estimate_size_branches" time="0.002"><properties><property name="test_type" value="standard" /></properties></testcase></testsuite></testsuites>