<?xml version="1.0" encoding="utf-8"?><testsuites name="pytest tests"><testsuite name="pytest" errors="2" failures="0" skipped="0" tests="2" time="0.284" timestamp="2025-12-18T15:26:18.393742-06:00" hostname="FoxBoxRox"><testcase classname="" name="tests.core.test_progress_tracker" time="0.000"><error message="collection failure">ImportError while importing test module '/home/allaun/Workspace/NoDupeLabs/tests/core/test_progress_tracker.py'.
Hint: make sure your test modules/packages have valid Python names.
Traceback:
/usr/lib/python3.13/importlib/__init__.py:88: in import_module
    return _bootstrap._gcd_import(name[level:], package, level)
           ^^^^^^^^^^^^^^^^^^^^^^^^^^^^^^^^^^^^^^^^^^^^^^^^^^^^
tests/core/test_progress_tracker.py:6: in &lt;module&gt;
    from nodupe.core.progress_tracker import ProgressTracker
E   ModuleNotFoundError: No module named 'nodupe.core.progress_tracker'</error></testcase><testcase classname="" name="tests.plugins.test_leap_year" time="0.000"><error message="collection failure">ImportError while importing test module '/home/allaun/Workspace/NoDupeLabs/tests/plugins/test_leap_year.py'.
Hint: make sure your test modules/packages have valid Python names.
Traceback:
/usr/lib/python3.13/importlib/__init__.py:88: in import_module
    return _bootstrap._gcd_import(name[level:], package, level)
           ^^^^^^^^^^^^^^^^^^^^^^^^^^^^^^^^^^^^^^^^^^^^^^^^^^^^
tests/plugins/test_leap_year.py:14: in &lt;module&gt;
    from nodupe.plugins.leap_year import LeapYearPlugin
nodupe/plugins/leap_year/__init__.py:25: in &lt;module&gt;
    from .leap_year import LeapYearPlugin
nodupe/plugins/leap_year/leap_year.py:30: in &lt;module&gt;
    from nodupe.core.plugin_system import PluginBase, PluginMetadata
E   ImportError: cannot import name 'PluginBase' from 'nodupe.core.plugin_system' (/home/allaun/Workspace/NoDupeLabs/nodupe/core/plugin_system/__init__.py)</error></testcase></testsuite></testsuites>