<?xml version="1.0" encoding="utf-8"?><testsuites name="pytest tests"><testsuite name="pytest" errors="0" failures="4" skipped="0" tests="425" time="4.783" timestamp="2025-12-24T22:54:52.854336-06:00" hostname="FoxBoxRox"><testcase classname="tests.core.test_cache_system.TestEmbeddingCache" name="test_embedding_cache_initialization" time="0.002"><properties><property name="test_type" value="standard" /></properties></testcase><testcase classname="tests.core.test_cache_system.TestEmbeddingCache" name="test_embedding_cache_custom_initialization" time="0.001"><properties><property name="test_type" value="standard" /></properties></testcase><testcase classname="tests.core.test_cache_system.TestEmbeddingCache" name="test_set_embedding" time="0.001"><properties><property name="test_type" value="standard" /></properties></testcase><testcase classname="tests.core.test_cache_system.TestEmbeddingCache" name="test_set_embedding_eviction" time="0.001"><properties><property name="test_type" value="standard" /></properties></testcase><testcase classname="tests.core.test_cache_system.TestEmbeddingCache" name="test_get_embedding_existing" time="0.000"><properties><property name="test_type" value="standard" /></properties></testcase><testcase classname="tests.core.test_cache_system.TestEmbeddingCache" name="test_get_embedding_nonexistent" time="0.001"><properties><property name="test_type" value="standard" /></properties></testcase><testcase classname="tests.core.test_cache_system.TestEmbeddingCache" name="test_get_embedding_expired" time="0.001"><properties><property name="test_type" value="standard" /></properties></testcase><testcase classname="tests.core.test_cache_system.TestEmbeddingCache" name="test_is_cached_existing" time="0.000"><properties><property name="test_type" value="standard" /></properties></testcase><testcase classname="tests.core.test_cache_system.TestEmbeddingCache" name="test_is_cached_nonexistent" time="0.001"><properties><property name="test_type" value="standard" /></properties></testcase><testcase classname="tests.core.test_cache_system.TestEmbeddingCache" name="test_is_cached_expired" time="0.001"><properties><property name="test_type" value="standard" /></properties></testcase><testcase classname="tests.core.test_cache_system.TestEmbeddingCache" name="test_invalidate_embedding_existing" time="0.000"><properties><property name="test_type" value="standard" /></properties></testcase><testcase classname="tests.core.test_cache_system.TestEmbeddingCache" name="test_invalidate_embedding_nonexistent" time="0.000"><properties><property name="test_type" value="standard" /></properties></testcase><testcase classname="tests.core.test_cache_system.TestEmbeddingCache" name="test_invalidate_all" time="0.000"><properties><property name="test_type" value="standard" /></properties></testcase><testcase classname="tests.core.test_cache_system.TestEmbeddingCache" name="test_get_cache_size" time="0.000"><properties><property name="test_type" value="standard" /></properties></testcase><testcase classname="tests.core.test_cache_system.TestEmbeddingCache" name="test_cache_resize" time="0.000"><properties><property name="test_type" value="standard" /></properties></testcase><testcase classname="tests.core.test_cache_system.TestEmbeddingCache" name="test_get_memory_usage" time="0.000"><properties><property name="test_type" value="standard" /></properties></testcase><testcase classname="tests.core.test_cache_system.TestEmbeddingCache" name="test_validate_cache" time="0.000"><properties><property name="test_type" value="standard" /></properties></testcase><testcase classname="tests.core.test_cache_system.TestEmbeddingCache" name="test_cleanup_expired" time="0.000"><properties><property name="test_type" value="standard" /></properties></testcase><testcase classname="tests.core.test_cache_system.TestEmbeddingCache" name="test_get_stats" time="0.000"><properties><property name="test_type" value="standard" /></properties></testcase><testcase classname="tests.core.test_cache_system.TestEmbeddingCache" name="test_calculate_similarity" time="0.000"><properties><property name="test_type" value="standard" /></properties></testcase><testcase classname="tests.core.test_cache_system.TestEmbeddingCache" name="test_find_similar" time="0.000"><properties><property name="test_type" value="standard" /></properties></testcase><testcase classname="tests.core.test_cache_system.TestEmbeddingCache" name="test_get_average_embedding" time="0.000"><properties><property name="test_type" value="standard" /></properties></testcase><testcase classname="tests.core.test_cache_system.TestEmbeddingCache" name="test_clear_by_pattern" time="0.000"><properties><property name="test_type" value="standard" /></properties></testcase><testcase classname="tests.core.test_cache_system.TestEmbeddingCache" name="test_get_cached_keys" time="0.000"><properties><property name="test_type" value="standard" /></properties></testcase><testcase classname="tests.core.test_cache_system.TestEmbeddingCache" name="test_embedding_dimensions_validation" time="0.000"><properties><property name="test_type" value="standard" /></properties></testcase><testcase classname="tests.core.test_cache_system.TestEmbeddingCache" name="test_cosine_similarity_calculation" time="0.000"><properties><property name="test_type" value="standard" /></properties></testcase><testcase classname="tests.core.test_cache_system.TestEmbeddingCache" name="test_thread_safety" time="0.002"><properties><property name="test_type" value="standard" /></properties></testcase><testcase classname="tests.core.test_cache_system.TestEmbeddingCache" name="test_cache_with_complex_embeddings" time="0.000"><properties><property name="test_type" value="standard" /></properties></testcase><testcase classname="tests.core.test_cache_system.TestHashCache" name="test_hash_cache_initialization" time="0.001"><properties><property name="test_type" value="standard" /></properties></testcase><testcase classname="tests.core.test_cache_system.TestHashCache" name="test_set_hash" time="0.001"><properties><property name="test_type" value="standard" /></properties></testcase><testcase classname="tests.core.test_cache_system.TestHashCache" name="test_set_hash_eviction" time="0.001"><properties><property name="test_type" value="standard" /></properties></testcase><testcase classname="tests.core.test_cache_system.TestHashCache" name="test_get_hash_existing" time="0.000"><properties><property name="test_type" value="standard" /></properties></testcase><testcase classname="tests.core.test_cache_system.TestHashCache" name="test_get_hash_nonexistent" time="0.000"><properties><property name="test_type" value="standard" /></properties></testcase><testcase classname="tests.core.test_cache_system.TestHashCache" name="test_get_hash_expired" time="0.001"><properties><property name="test_type" value="standard" /></properties></testcase><testcase classname="tests.core.test_cache_system.TestHashCache" name="test_is_cached_existing" time="0.001"><properties><property name="test_type" value="standard" /></properties></testcase><testcase classname="tests.core.test_cache_system.TestHashCache" name="test_is_cached_nonexistent" time="0.000"><properties><property name="test_type" value="standard" /></properties></testcase><testcase classname="tests.core.test_cache_system.TestHashCache" name="test_invalidate_hash_existing" time="0.000"><properties><property name="test_type" value="standard" /></properties></testcase><testcase classname="tests.core.test_cache_system.TestHashCache" name="test_invalidate_hash_nonexistent" time="0.000"><properties><property name="test_type" value="standard" /></properties></testcase><testcase classname="tests.core.test_cache_system.TestHashCache" name="test_invalidate_all" time="0.000"><properties><property name="test_type" value="standard" /></properties></testcase><testcase classname="tests.core.test_cache_system.TestHashCache" name="test_get_cache_size" time="0.000"><properties><property name="test_type" value="standard" /></properties></testcase><testcase classname="tests.core.test_cache_system.TestHashCache" name="test_hash_cache_operations" time="0.000"><properties><property name="test_type" value="standard" /></properties></testcase><testcase classname="tests.core.test_cache_system.TestHashCache" name="test_hash_cache_with_different_hash_types" time="0.000"><properties><property name="test_type" value="standard" /></properties></testcase><testcase classname="tests.core.test_cache_system.TestHashCache" name="test_hash_cache_file_modification_detection" time="0.000"><properties><property name="test_type" value="standard" /></properties></testcase><testcase classname="tests.core.test_cache_system.TestHashCache" name="test_hash_cache_file_deletion_detection" time="0.000"><properties><property name="test_type" value="standard" /></properties></testcase><testcase classname="tests.core.test_cache_system.TestHashCache" name="test_get_stats" time="0.000"><properties><property name="test_type" value="standard" /></properties></testcase><testcase classname="tests.core.test_cache_system.TestHashCache" name="test_validate_cache" time="0.000"><properties><property name="test_type" value="standard" /></properties></testcase><testcase classname="tests.core.test_cache_system.TestHashCache" name="test_cleanup_expired" time="0.000"><properties><property name="test_type" value="standard" /></properties></testcase><testcase classname="tests.core.test_cache_system.TestHashCache" name="test_resize" time="0.001"><properties><property name="test_type" value="standard" /></properties></testcase><testcase classname="tests.core.test_cache_system.TestHashCache" name="test_get_memory_usage" time="0.000"><properties><property name="test_type" value="standard" /></properties></testcase><testcase classname="tests.core.test_cache_system.TestQueryCache" name="test_query_cache_initialization" time="0.000"><properties><property name="test_type" value="standard" /></properties></testcase><testcase classname="tests.core.test_cache_system.TestQueryCache" name="test_set_query_result" time="0.000"><properties><property name="test_type" value="standard" /></properties></testcase><testcase classname="tests.core.test_cache_system.TestQueryCache" name="test_get_query_result_existing" time="0.000"><properties><property name="test_type" value="standard" /></properties></testcase><testcase classname="tests.core.test_cache_system.TestQueryCache" name="test_get_query_result_nonexistent" time="0.000"><properties><property name="test_type" value="standard" /></properties></testcase><testcase classname="tests.core.test_cache_system.TestQueryCache" name="test_get_query_result_expired" time="0.001"><properties><property name="test_type" value="standard" /></properties></testcase><testcase classname="tests.core.test_cache_system.TestQueryCache" name="test_is_cached_existing" time="0.002"><properties><property name="test_type" value="standard" /></properties></testcase><testcase classname="tests.core.test_cache_system.TestQueryCache" name="test_is_cached_nonexistent" time="0.000"><properties><property name="test_type" value="standard" /></properties></testcase><testcase classname="tests.core.test_cache_system.TestQueryCache" name="test_invalidate_query_result_existing" time="0.000"><properties><property name="test_type" value="standard" /></properties></testcase><testcase classname="tests.core.test_cache_system.TestQueryCache" name="test_invalidate_query_result_nonexistent" time="0.000"><properties><property name="test_type" value="standard" /></properties></testcase><testcase classname="tests.core.test_cache_system.TestQueryCache" name="test_invalidate_all" time="0.000"><properties><property name="test_type" value="standard" /></properties></testcase><testcase classname="tests.core.test_cache_system.TestQueryCache" name="test_get_cache_size" time="0.000"><properties><property name="test_type" value="standard" /></properties></testcase><testcase classname="tests.core.test_cache_system.TestQueryCache" name="test_query_cache_eviction" time="0.000"><properties><property name="test_type" value="standard" /></properties></testcase><testcase classname="tests.core.test_cache_system.TestQueryCache" name="test_query_cache_with_complex_results" time="0.000"><properties><property name="test_type" value="standard" /></properties></testcase><testcase classname="tests.core.test_cache_system.TestQueryCache" name="test_query_cache_with_empty_results" time="0.000"><properties><property name="test_type" value="standard" /></properties></testcase><testcase classname="tests.core.test_cache_system.TestQueryCache" name="test_query_cache_with_parameters" time="0.000"><properties><property name="test_type" value="standard" /></properties></testcase><testcase classname="tests.core.test_cache_system.TestQueryCache" name="test_query_cache_concurrent_access" time="0.001"><properties><property name="test_type" value="standard" /></properties></testcase><testcase classname="tests.core.test_cache_system.TestQueryCache" name="test_query_cache_memory_management" time="0.000"><properties><property name="test_type" value="standard" /></properties></testcase><testcase classname="tests.core.test_cache_system.TestQueryCache" name="test_invalidate_by_prefix" time="0.000"><properties><property name="test_type" value="standard" /></properties></testcase><testcase classname="tests.core.test_cache_system.TestQueryCache" name="test_clear_by_query_pattern" time="0.000"><properties><property name="test_type" value="standard" /></properties></testcase><testcase classname="tests.core.test_cache_system.TestQueryCache" name="test_get_cached_queries" time="0.000"><properties><property name="test_type" value="standard" /></properties></testcase><testcase classname="tests.core.test_cache_system.TestQueryCache" name="test_generate_key" time="0.001"><properties><property name="test_type" value="standard" /></properties></testcase><testcase classname="tests.core.test_cache_system.TestQueryCache" name="test_generate_key_with_params" time="0.001"><properties><property name="test_type" value="standard" /></properties></testcase><testcase classname="tests.core.test_cache_system.TestCacheSystemIntegration" name="test_cache_system_coexistence" time="0.001"><properties><property name="test_type" value="standard" /></properties></testcase><testcase classname="tests.core.test_cache_system.TestCacheSystemIntegration" name="test_cache_system_performance" time="0.004"><properties><property name="test_type" value="standard" /></properties></testcase><testcase classname="tests.core.test_cache_system.TestCacheSystemIntegration" name="test_cache_system_memory_usage" time="0.002"><properties><property name="test_type" value="standard" /></properties></testcase><testcase classname="tests.core.test_config.TestConfigManager" name="test_config_manager_initialization_with_valid_path" time="0.001"><properties><property name="test_type" value="standard" /></properties></testcase><testcase classname="tests.core.test_config.TestConfigManager" name="test_config_manager_initialization_with_default_path" time="0.001"><properties><property name="test_type" value="standard" /></properties></testcase><testcase classname="tests.core.test_config.TestConfigManager" name="test_config_manager_initialization_without_toml_package" time="0.000"><properties><property name="test_type" value="standard" /></properties></testcase><testcase classname="tests.core.test_config.TestConfigManager" name="test_load_config_file_success" time="0.001"><properties><property name="test_type" value="standard" /></properties></testcase><testcase classname="tests.core.test_config.TestConfigManager" name="test_load_config_file_not_found" time="0.000"><properties><property name="test_type" value="standard" /></properties></testcase><testcase classname="tests.core.test_config.TestConfigManager" name="test_load_config_file_permission_error" time="0.000"><properties><property name="test_type" value="standard" /></properties></testcase><testcase classname="tests.core.test_config.TestConfigManager" name="test_load_config_file_invalid_toml" time="0.001"><properties><property name="test_type" value="standard" /></properties></testcase><testcase classname="tests.core.test_config.TestConfigManager" name="test_load_config_file_missing_nodupe_section" time="0.001"><properties><property name="test_type" value="standard" /></properties></testcase><testcase classname="tests.core.test_config.TestConfigManager" name="test_get_nodupe_config" time="0.001"><properties><property name="test_type" value="standard" /></properties></testcase><testcase classname="tests.core.test_config.TestConfigManager" name="test_get_database_config" time="0.001"><properties><property name="test_type" value="standard" /></properties></testcase><testcase classname="tests.core.test_config.TestConfigManager" name="test_get_scan_config" time="0.001"><properties><property name="test_type" value="standard" /></properties></testcase><testcase classname="tests.core.test_config.TestConfigManager" name="test_get_similarity_config" time="0.001"><properties><property name="test_type" value="standard" /></properties></testcase><testcase classname="tests.core.test_config.TestConfigManager" name="test_get_performance_config" time="0.001"><properties><property name="test_type" value="standard" /></properties></testcase><testcase classname="tests.core.test_config.TestConfigManager" name="test_get_logging_config" time="0.001"><properties><property name="test_type" value="standard" /></properties></testcase><testcase classname="tests.core.test_config.TestConfigManager" name="test_get_config_value_with_existing_key" time="0.001"><properties><property name="test_type" value="standard" /></properties></testcase><testcase classname="tests.core.test_config.TestConfigManager" name="test_get_config_value_with_nonexistent_key" time="0.001"><properties><property name="test_type" value="standard" /></properties></testcase><testcase classname="tests.core.test_config.TestConfigManager" name="test_get_config_value_with_exception_handling" time="0.001"><properties><property name="test_type" value="standard" /></properties></testcase><testcase classname="tests.core.test_config.TestConfigManager" name="test_validate_config_valid" time="0.001"><properties><property name="test_type" value="standard" /></properties></testcase><testcase classname="tests.core.test_config.TestConfigManager" name="test_validate_config_missing_sections" time="0.000"><properties><property name="test_type" value="standard" /></properties></testcase><testcase classname="tests.core.test_config.TestConfigManager" name="test_config_with_utf8_bom" time="0.001"><properties><property name="test_type" value="standard" /></properties></testcase><testcase classname="tests.core.test_config.TestLoadConfigFunction" name="test_load_config_function" time="0.001"><properties><property name="test_type" value="standard" /></properties></testcase><testcase classname="tests.core.test_config.TestLoadConfigFunction" name="test_load_config_with_custom_path" time="0.000"><properties><property name="test_type" value="standard" /></properties></testcase><testcase classname="tests.core.test_config" name="test_config_manager_example_usage" time="0.001"><properties><property name="test_type" value="standard" /></properties></testcase><testcase classname="tests.core.test_errors.TestNoDupeError" name="test_no_dupe_error_creation_with_message" time="0.000"><properties><property name="test_type" value="standard" /></properties></testcase><testcase classname="tests.core.test_errors.TestNoDupeError" name="test_no_dupe_error_creation_without_message" time="0.000"><properties><property name="test_type" value="standard" /></properties></testcase><testcase classname="tests.core.test_errors.TestNoDupeError" name="test_no_dupe_error_inheritance" time="0.000"><properties><property name="test_type" value="standard" /></properties></testcase><testcase classname="tests.core.test_errors.TestNoDupeError" name="test_no_dupe_error_with_args" time="0.000"><properties><property name="test_type" value="standard" /></properties></testcase><testcase classname="tests.core.test_errors.TestNoDupeError" name="test_no_dupe_error_raising" time="0.000"><properties><property name="test_type" value="standard" /></properties></testcase><testcase classname="tests.core.test_errors.TestNoDupeError" name="test_no_dupe_error_raising_with_catch" time="0.000"><properties><property name="test_type" value="standard" /></properties></testcase><testcase classname="tests.core.test_errors.TestNoDupeError" name="test_no_dupe_error_is_subclass_of_exception" time="0.000"><properties><property name="test_type" value="standard" /></properties></testcase><testcase classname="tests.core.test_errors.TestNoDupeError" name="test_no_dupe_error_empty_message" time="0.000"><properties><property name="test_type" value="standard" /></properties></testcase><testcase classname="tests.core.test_errors.TestNoDupeError" name="test_no_dupe_error_with_numeric_message" time="0.000"><properties><property name="test_type" value="standard" /></properties></testcase><testcase classname="tests.core.test_errors.TestNoDupeError" name="test_no_dupe_error_with_none_message" time="0.000"><properties><property name="test_type" value="standard" /></properties></testcase><testcase classname="tests.core.test_errors.TestNoDupeError" name="test_no_dupe_error_multiple_args" time="0.000"><properties><property name="test_type" value="standard" /></properties></testcase><testcase classname="tests.core.test_errors.TestNoDupeError" name="test_no_dupe_error_comparison" time="0.000"><properties><property name="test_type" value="standard" /></properties></testcase><testcase classname="tests.core.test_errors.TestNoDupeError" name="test_no_dupe_error_attributes" time="0.000"><properties><property name="test_type" value="standard" /></properties></testcase><testcase classname="tests.core.test_errors.TestNoDupeError" name="test_no_dupe_error_str_representation" time="0.000"><properties><property name="test_type" value="standard" /></properties></testcase><testcase classname="tests.core.test_errors.TestNoDupeError" name="test_no_dupe_error_repr_representation" time="0.000"><properties><property name="test_type" value="standard" /></properties></testcase><testcase classname="tests.core.test_errors.TestNoDupeError" name="test_no_dupe_error_with_formatting" time="0.000"><properties><property name="test_type" value="standard" /></properties></testcase><testcase classname="tests.core.test_errors.TestNoDupeError" name="test_no_dupe_error_from_another_exception" time="0.000"><properties><property name="test_type" value="standard" /></properties></testcase><testcase classname="tests.core.test_errors.TestNoDupeError" name="test_no_dupe_error_with_unicode_message" time="0.000"><properties><property name="test_type" value="standard" /></properties></testcase><testcase classname="tests.core.test_errors.TestNoDupeError" name="test_no_dupe_error_chaining" time="0.000"><properties><property name="test_type" value="standard" /></properties></testcase><testcase classname="tests.core.test_errors.TestNoDupeError" name="test_no_dupe_error_context" time="0.000"><properties><property name="test_type" value="standard" /></properties></testcase><testcase classname="tests.core.test_version.TestVersionInfo" name="test_version_info_creation" time="0.000"><properties><property name="test_type" value="standard" /></properties></testcase><testcase classname="tests.core.test_version.TestVersionInfo" name="test_version_info_with_pre_release" time="0.000"><properties><property name="test_type" value="standard" /></properties></testcase><testcase classname="tests.core.test_version.TestVersionInfo" name="test_version_info_str_representation" time="0.000"><properties><property name="test_type" value="standard" /></properties></testcase><testcase classname="tests.core.test_version.TestVersionInfo" name="test_version_info_str_with_pre_release" time="0.000"><properties><property name="test_type" value="standard" /></properties></testcase><testcase classname="tests.core.test_version.TestVersionInfo" name="test_version_info_str_with_candidate" time="0.000"><properties><property name="test_type" value="standard" /></properties></testcase><testcase classname="tests.core.test_version.TestVersionFunctions" name="test_get_version" time="0.000"><properties><property name="test_type" value="standard" /></properties></testcase><testcase classname="tests.core.test_version.TestVersionFunctions" name="test_get_version_info" time="0.000"><properties><property name="test_type" value="standard" /></properties></testcase><testcase classname="tests.core.test_version.TestVersionFunctions" name="test_check_python_version_current" time="0.000"><properties><property name="test_type" value="standard" /></properties></testcase><testcase classname="tests.core.test_version.TestVersionFunctions" name="test_check_python_version_specific" time="0.000"><properties><property name="test_type" value="standard" /></properties></testcase><testcase classname="tests.core.test_version.TestVersionFunctions" name="test_get_python_version" time="0.000"><properties><property name="test_type" value="standard" /></properties></testcase><testcase classname="tests.core.test_version.TestVersionFunctions" name="test_get_python_version_info" time="0.000"><properties><property name="test_type" value="standard" /></properties></testcase><testcase classname="tests.core.test_version.TestVersionFunctions" name="test_is_compatible_version_basic" time="0.000"><properties><property name="test_type" value="standard" /></properties></testcase><testcase classname="tests.core.test_version.TestVersionFunctions" name="test_is_compatible_version_edge_cases" time="0.000"><properties><property name="test_type" value="standard" /></properties></testcase><testcase classname="tests.core.test_version.TestVersionFunctions" name="test_is_compatible_version_invalid" time="0.000"><properties><property name="test_type" value="standard" /></properties></testcase><testcase classname="tests.core.test_version.TestVersionFunctions" name="test_parse_version_basic" time="0.000"><properties><property name="test_type" value="standard" /></properties></testcase><testcase classname="tests.core.test_version.TestVersionFunctions" name="test_parse_version_with_alpha" time="0.000"><properties><property name="test_type" value="standard" /></properties></testcase><testcase classname="tests.core.test_version.TestVersionFunctions" name="test_parse_version_with_beta" time="0.000"><properties><property name="test_type" value="standard" /></properties></testcase><testcase classname="tests.core.test_version.TestVersionFunctions" name="test_parse_version_with_rc" time="0.000"><properties><property name="test_type" value="standard" /></properties></testcase><testcase classname="tests.core.test_version.TestVersionFunctions" name="test_parse_version_invalid" time="0.000"><properties><property name="test_type" value="standard" /></properties></testcase><testcase classname="tests.core.test_version.TestVersionFunctions" name="test_format_version_info" time="0.000"><properties><property name="test_type" value="standard" /></properties></testcase><testcase classname="tests.core.test_version.TestVersionFunctions" name="test_format_version_info_with_pre_release" time="0.000"><properties><property name="test_type" value="standard" /></properties></testcase><testcase classname="tests.core.test_version.TestModuleConstants" name="test_version_constant" time="0.000"><properties><property name="test_type" value="standard" /></properties></testcase><testcase classname="tests.core.test_version.TestModuleConstants" name="test_version_info_constant" time="0.000"><properties><property name="test_type" value="standard" /></properties></testcase><testcase classname="tests.core.test_version.TestModuleConstants" name="test_python_min_version_constant" time="0.000"><properties><property name="test_type" value="standard" /></properties></testcase><testcase classname="tests.core.test_version.TestModuleConstants" name="test_python_min_version_str_constant" time="0.000"><properties><property name="test_type" value="standard" /></properties></testcase><testcase classname="tests.core.test_version.TestSystemInfo" name="test_get_system_info" time="0.003"><properties><property name="test_type" value="standard" /></properties></testcase><testcase classname="tests.core.test_version.TestSystemInfo" name="test_get_system_info_values" time="0.001"><properties><property name="test_type" value="standard" /></properties></testcase><testcase classname="tests.core.test_version.TestCompatibility" name="test_check_compatibility" time="0.000"><properties><property name="test_type" value="standard" /></properties></testcase><testcase classname="tests.core.test_version.TestCompatibility" name="test_check_compatibility_python_version" time="0.000"><properties><property name="test_type" value="standard" /></properties></testcase><testcase classname="tests.core.test_version" name="test_version_module_example_usage" time="0.001"><properties><property name="test_type" value="standard" /></properties></testcase><testcase classname="tests.core.test_limits.TestLimits" name="test_get_memory_usage" time="0.000"><properties><property name="test_type" value="standard" /></properties></testcase><testcase classname="tests.core.test_limits.TestLimits" name="test_check_memory_limit_within_limit" time="0.000"><properties><property name="test_type" value="standard" /></properties></testcase><testcase classname="tests.core.test_limits.TestLimits" name="test_check_memory_limit_over_limit" time="0.000"><properties><property name="test_type" value="standard" /></properties></testcase><testcase classname="tests.core.test_limits.TestLimits" name="test_get_open_file_count" time="0.000"><properties><property name="test_type" value="standard" /></properties></testcase><testcase classname="tests.core.test_limits.TestLimits" name="test_check_file_handles_default_limit" time="0.000"><properties><property name="test_type" value="standard" /></properties></testcase><testcase classname="tests.core.test_limits.TestLimits" name="test_check_file_handles_custom_limit" time="0.000"><properties><property name="test_type" value="standard" /></properties></testcase><testcase classname="tests.core.test_limits.TestLimits" name="test_check_file_size_under_limit" time="0.000"><properties><property name="test_type" value="standard" /></properties></testcase><testcase classname="tests.core.test_limits.TestLimits" name="test_check_file_size_over_limit" time="0.000"><properties><property name="test_type" value="standard" /></properties></testcase><testcase classname="tests.core.test_limits.TestLimits" name="test_check_file_size_nonexistent_file" time="0.000"><properties><property name="test_type" value="standard" /></properties></testcase><testcase classname="tests.core.test_limits.TestLimits" name="test_check_data_size_under_limit" time="0.000"><properties><property name="test_type" value="standard" /></properties></testcase><testcase classname="tests.core.test_limits.TestLimits" name="test_check_data_size_over_limit" time="0.000"><properties><property name="test_type" value="standard" /></properties></testcase><testcase classname="tests.core.test_limits.TestLimits" name="test_time_limit_context_manager_within_limit" time="0.101"><properties><property name="test_type" value="standard" /></properties></testcase><testcase classname="tests.core.test_limits.TestLimits" name="test_time_limit_context_manager_over_limit" time="1.001"><properties><property name="test_type" value="standard" /></properties></testcase><testcase classname="tests.core.test_limits.TestRateLimiter" name="test_rate_limiter_initialization" time="0.000"><properties><property name="test_type" value="standard" /></properties></testcase><testcase classname="tests.core.test_limits.TestRateLimiter" name="test_rate_limiter_consume_available_tokens" time="0.000"><properties><property name="test_type" value="standard" /></properties></testcase><testcase classname="tests.core.test_limits.TestRateLimiter" name="test_rate_limiter_consume_unavailable_tokens" time="0.000"><properties><property name="test_type" value="standard" /></properties></testcase><testcase classname="tests.core.test_limits.TestRateLimiter" name="test_rate_limiter_refill" time="0.200"><properties><property name="test_type" value="standard" /></properties></testcase><testcase classname="tests.core.test_limits.TestRateLimiter" name="test_rate_limiter_wait_with_timeout" time="0.101"><properties><property name="test_type" value="standard" /></properties></testcase><testcase classname="tests.core.test_limits.TestRateLimiter" name="test_rate_limiter_limit_context_manager" time="0.000"><properties><property name="test_type" value="standard" /></properties></testcase><testcase classname="tests.core.test_limits.TestSizeLimit" name="test_size_limit_initialization" time="0.000"><properties><property name="test_type" value="standard" /></properties></testcase><testcase classname="tests.core.test_limits.TestSizeLimit" name="test_size_limit_add_within_limit" time="0.000"><properties><property name="test_type" value="standard" /></properties></testcase><testcase classname="tests.core.test_limits.TestSizeLimit" name="test_size_limit_add_over_limit" time="0.000"><properties><property name="test_type" value="standard" /></properties></testcase><testcase classname="tests.core.test_limits.TestSizeLimit" name="test_size_limit_reset" time="0.000"><properties><property name="test_type" value="standard" /></properties></testcase><testcase classname="tests.core.test_limits.TestSizeLimit" name="test_size_limit_remaining" time="0.000"><properties><property name="test_type" value="standard" /></properties></testcase><testcase classname="tests.core.test_limits.TestSizeLimit" name="test_size_limit_used_property" time="0.000"><properties><property name="test_type" value="standard" /></properties></testcase><testcase classname="tests.core.test_limits.TestCountLimit" name="test_count_limit_initialization" time="0.000"><properties><property name="test_type" value="standard" /></properties></testcase><testcase classname="tests.core.test_limits.TestCountLimit" name="test_count_limit_increment_within_limit" time="0.000"><properties><property name="test_type" value="standard" /></properties></testcase><testcase classname="tests.core.test_limits.TestCountLimit" name="test_count_limit_increment_over_limit" time="0.000"><properties><property name="test_type" value="standard" /></properties></testcase><testcase classname="tests.core.test_limits.TestCountLimit" name="test_count_limit_reset" time="0.000"><properties><property name="test_type" value="standard" /></properties></testcase><testcase classname="tests.core.test_limits.TestCountLimit" name="test_count_limit_remaining" time="0.000"><properties><property name="test_type" value="standard" /></properties></testcase><testcase classname="tests.core.test_limits.TestCountLimit" name="test_count_limit_used_property" time="0.000"><properties><property name="test_type" value="standard" /></properties></testcase><testcase classname="tests.core.test_limits.TestWithTimeoutDecorator" name="test_with_timeout_decorator_fast_function" time="0.000"><properties><property name="test_type" value="standard" /></properties></testcase><testcase classname="tests.core.test_limits.TestWithTimeoutDecorator" name="test_with_timeout_decorator_slow_function" time="1.000"><properties><property name="test_type" value="standard" /></properties></testcase><testcase classname="tests.core.test_limits.TestWithTimeoutDecorator" name="test_with_timeout_decorator_medium_function" time="0.101"><properties><property name="test_type" value="standard" /></properties></testcase><testcase classname="tests.core.test_limits.TestLimitsError" name="test_limits_error_creation" time="0.000"><properties><property name="test_type" value="standard" /></properties></testcase><testcase classname="tests.core.test_limits.TestLimitsError" name="test_limits_error_without_message" time="0.000"><properties><property name="test_type" value="standard" /></properties></testcase><testcase classname="tests.core.test_limits.TestLimitsError" name="test_limits_error_raising" time="0.000"><properties><property name="test_type" value="standard" /></properties></testcase><testcase classname="tests.core.test_limits.TestLimitsError" name="test_limits_error_inheritance" time="0.000"><properties><property name="test_type" value="standard" /></properties></testcase><testcase classname="tests.core.test_deps.TestDependencyManager" name="test_dependency_manager_initialization" time="0.000"><properties><property name="test_type" value="standard" /></properties></testcase><testcase classname="tests.core.test_deps.TestDependencyManager" name="test_check_dependency_existing_module" time="0.000"><properties><property name="test_type" value="standard" /></properties></testcase><testcase classname="tests.core.test_deps.TestDependencyManager" name="test_check_dependency_nonexistent_module" time="0.000"><properties><property name="test_type" value="standard" /></properties></testcase><testcase classname="tests.core.test_deps.TestDependencyManager" name="test_check_dependency_multiple_calls_same_module" time="0.000"><properties><property name="test_type" value="standard" /></properties></testcase><testcase classname="tests.core.test_deps.TestDependencyManager" name="test_with_fallback_primary_success" time="0.000"><properties><property name="test_type" value="standard" /></properties></testcase><testcase classname="tests.core.test_deps.TestDependencyManager" name="test_with_fallback_primary_failure" time="0.000"><properties><property name="test_type" value="standard" /></properties></testcase><testcase classname="tests.core.test_deps.TestDependencyManager" name="test_with_fallback_primary_exception_type" time="0.000"><properties><property name="test_type" value="standard" /></properties></testcase><testcase classname="tests.core.test_deps.TestDependencyManager" name="test_try_import_existing_module" time="0.000"><properties><property name="test_type" value="standard" /></properties></testcase><testcase classname="tests.core.test_deps.TestDependencyManager" name="test_try_import_nonexistent_module_with_none_fallback" time="0.000"><properties><property name="test_type" value="standard" /></properties></testcase><testcase classname="tests.core.test_deps.TestDependencyManager" name="test_try_import_nonexistent_module_with_custom_fallback" time="0.000"><properties><property name="test_type" value="standard" /></properties></testcase><testcase classname="tests.core.test_deps.TestDependencyManager" name="test_try_import_import_error" time="0.000"><properties><property name="test_type" value="standard" /></properties></testcase><testcase classname="tests.core.test_deps.TestDependencyManager" name="test_try_import_other_exception" time="0.000"><properties><property name="test_type" value="standard" /></properties></testcase><testcase classname="tests.core.test_deps.TestDependencyManager" name="test_dependency_manager_state_preservation" time="0.000"><properties><property name="test_type" value="standard" /></properties></testcase><testcase classname="tests.core.test_deps.TestDependencyManager" name="test_check_dependency_complex_module_name" time="0.000"><properties><property name="test_type" value="standard" /></properties></testcase><testcase classname="tests.core.test_deps.TestDependencyManager" name="test_with_fallback_returns_correct_types" time="0.000"><properties><property name="test_type" value="standard" /></properties></testcase><testcase classname="tests.core.test_deps.TestDependencyManager" name="test_with_fallback_with_side_effects" time="0.000"><properties><property name="test_type" value="standard" /></properties></testcase><testcase classname="tests.core.test_deps.TestDependencyManager" name="test_with_fallback_with_exception_side_effects" time="0.000"><properties><property name="test_type" value="standard" /></properties></testcase><testcase classname="tests.core.test_deps.TestDependencyManager" name="test_try_import_with_various_fallback_types" time="0.001"><properties><property name="test_type" value="standard" /></properties></testcase><testcase classname="tests.core.test_deps.TestDependencyManager" name="test_dependency_manager_isolation" time="0.000"><properties><property name="test_type" value="standard" /></properties></testcase><testcase classname="tests.core.test_deps.TestDependencyManager" name="test_check_dependency_with_special_characters" time="0.000"><properties><property name="test_type" value="standard" /></properties></testcase><testcase classname="tests.core.test_deps.TestDependencyManager" name="test_with_fallback_with_args_and_kwargs" time="0.000"><properties><property name="test_type" value="standard" /></properties></testcase><testcase classname="tests.core.test_deps.TestDependencyManager" name="test_try_import_builtin_module" time="0.000"><properties><property name="test_type" value="standard" /></properties></testcase><testcase classname="tests.core.test_deps.TestDependencyManager" name="test_try_import_standard_library_module" time="0.000"><properties><property name="test_type" value="standard" /></properties></testcase><testcase classname="tests.core.test_deps.TestDependencyManager" name="test_check_dependency_edge_case_empty_string" time="0.000"><properties><property name="test_type" value="standard" /></properties></testcase><testcase classname="tests.core.test_deps.TestGlobalDependencyManager" name="test_global_instance_exists" time="0.000"><properties><property name="test_type" value="standard" /></properties></testcase><testcase classname="tests.core.test_deps.TestGlobalDependencyManager" name="test_global_instance_functionality" time="0.000"><properties><property name="test_type" value="standard" /></properties></testcase><testcase classname="tests.core.test_deps.TestGlobalDependencyManager" name="test_global_instance_shared_state" time="0.000"><properties><property name="test_type" value="standard" /></properties></testcase><testcase classname="tests.core.test_mime_detection.TestMIMEDetection" name="test_detect_mime_type_with_existing_file" time="0.001"><properties><property name="test_type" value="standard" /></properties></testcase><testcase classname="tests.core.test_mime_detection.TestMIMEDetection" name="test_detect_mime_type_with_nonexistent_file" time="0.000"><properties><property name="test_type" value="standard" /></properties></testcase><testcase classname="tests.core.test_mime_detection.TestMIMEDetection" name="test_detect_mime_type_with_use_magic_false" time="0.000"><properties><property name="test_type" value="standard" /></properties></testcase><testcase classname="tests.core.test_mime_detection.TestMIMEDetection" name="test_detect_mime_type_with_various_extensions" time="0.000"><properties><property name="test_type" value="standard" /></properties></testcase><testcase classname="tests.core.test_mime_detection.TestMIMEDetection" name="test_detect_mime_type_error_handling" time="0.000"><properties><property name="test_type" value="standard" /></properties></testcase><testcase classname="tests.core.test_mime_detection.TestMIMEDetection" name="test_detect_by_magic_with_jpeg_file" time="0.000"><properties><property name="test_type" value="standard" /></properties></testcase><testcase classname="tests.core.test_mime_detection.TestMIMEDetection" name="test_detect_by_magic_with_png_file" time="0.000"><properties><property name="test_type" value="standard" /></properties></testcase><testcase classname="tests.core.test_mime_detection.TestMIMEDetection" name="test_detect_by_magic_with_non_matching_file" time="0.000"><properties><property name="test_type" value="standard" /></properties></testcase><testcase classname="tests.core.test_mime_detection.TestMIMEDetection" name="test_detect_by_magic_with_nonexistent_file" time="0.000"><properties><property name="test_type" value="standard" /></properties></testcase><testcase classname="tests.core.test_mime_detection.TestMIMEDetection" name="test_get_extension_for_mime_basic" time="0.000"><properties><property name="test_type" value="standard" /></properties></testcase><testcase classname="tests.core.test_mime_detection.TestMIMEDetection" name="test_get_extension_for_mime_unknown" time="0.000"><properties><property name="test_type" value="standard" /></properties></testcase><testcase classname="tests.core.test_mime_detection.TestMIMEDetection" name="test_get_extension_for_mime_with_parameter" time="0.000"><properties><property name="test_type" value="standard" /></properties></testcase><testcase classname="tests.core.test_mime_detection.TestMIMEDetection" name="test_is_text_basic_types" time="0.000"><properties><property name="test_type" value="standard" /></properties></testcase><testcase classname="tests.core.test_mime_detection.TestMIMEDetection" name="test_is_image_basic_types" time="0.001"><properties><property name="test_type" value="standard" /></properties></testcase><testcase classname="tests.core.test_mime_detection.TestMIMEDetection" name="test_is_audio_basic_types" time="0.001"><properties><property name="test_type" value="standard" /></properties></testcase><testcase classname="tests.core.test_mime_detection.TestMIMEDetection" name="test_is_video_basic_types" time="0.001"><properties><property name="test_type" value="standard" /></properties></testcase><testcase classname="tests.core.test_mime_detection.TestMIMEDetection" name="test_is_archive_basic_types" time="0.000"><properties><property name="test_type" value="standard" /></properties></testcase><testcase classname="tests.core.test_mime_detection.TestMIMEDetection" name="test_detect_mime_type_with_binary_file" time="0.000"><properties><property name="test_type" value="standard" /></properties></testcase><testcase classname="tests.core.test_mime_detection.TestMIMEDetection" name="test_detect_mime_type_empty_file" time="0.000"><properties><property name="test_type" value="standard" /></properties></testcase><testcase classname="tests.core.test_mime_detection.TestMIMEDetection" name="test_detect_mime_type_pdf_file_with_magic" time="0.000"><properties><property name="test_type" value="standard" /></properties></testcase><testcase classname="tests.core.test_mime_detection.TestMIMEDetection" name="test_detect_mime_type_zip_file_with_magic" time="0.000"><properties><property name="test_type" value="standard" /></properties></testcase><testcase classname="tests.core.test_mime_detection.TestMIMEDetection" name="test_detect_mime_type_with_special_characters_in_path" time="0.000"><properties><property name="test_type" value="standard" /></properties></testcase><testcase classname="tests.core.test_mime_detection.TestMIMEDetection" name="test_detect_by_magic_small_file" time="0.000"><properties><property name="test_type" value="standard" /></properties></testcase><testcase classname="tests.core.test_mime_detection.TestMIMEDetection" name="test_detect_mime_type_with_permission_error" time="0.000"><properties><property name="test_type" value="standard" /></properties></testcase><testcase classname="tests.core.test_mime_detection.TestMIMEDetection" name="test_mime_numbers_structure" time="0.000"><properties><property name="test_type" value="standard" /></properties></testcase><testcase classname="tests.core.test_mime_detection.TestMIMEDetection" name="test_extension_map_structure" time="0.000"><properties><property name="test_type" value="standard" /></properties></testcase><testcase classname="tests.core.test_mime_detection.TestMIMEDetection" name="test_detect_mime_type_with_path_object" time="0.000"><properties><property name="test_type" value="standard" /></properties></testcase><testcase classname="tests.core.test_mime_detection.TestMIMEDetection" name="test_detect_mime_type_large_read_buffer" time="0.000"><properties><property name="test_type" value="standard" /></properties></testcase><testcase classname="tests.core.test_mime_detection.TestMIMEDetection" name="test_get_extension_for_mime_case_insensitive" time="0.000"><properties><property name="test_type" value="standard" /></properties></testcase><testcase classname="tests.core.test_mime_detection.TestMIMEDetection" name="test_is_text_with_extra_params" time="0.000"><properties><property name="test_type" value="standard" /></properties></testcase><testcase classname="tests.core.test_mime_detection.TestMIMEDetection" name="test_mime_detection_error_raising" time="0.000"><properties><property name="test_type" value="standard" /></properties></testcase><testcase classname="tests.core.test_mime_detection.TestMIMEDetection" name="test_mime_detection_error_properties" time="0.000"><properties><property name="test_type" value="standard" /></properties></testcase><testcase classname="tests.core.test_mime_detection.TestMIMEDetectionClass" name="test_class_instantiation" time="0.000"><properties><property name="test_type" value="standard" /></properties></testcase><testcase classname="tests.core.test_mime_detection.TestMIMEDetectionClass" name="test_static_method_calls" time="0.000"><properties><property name="test_type" value="standard" /></properties></testcase><testcase classname="tests.core.test_mime_detection.TestMIMEDetectionClass" name="test_magic_numbers_access" time="0.000"><properties><property name="test_type" value="standard" /></properties></testcase><testcase classname="tests.core.test_mime_detection.TestMIMEDetectionClass" name="test_extension_map_access" time="0.000"><properties><property name="test_type" value="standard" /></properties></testcase><testcase classname="tests.core.test_mime_detection.TestMIMEDetectionClass" name="test_dependencies_constants_exist" time="0.000"><properties><property name="test_type" value="standard" /></properties></testcase><testcase classname="tests.core.test_filesystem.TestFilesystem" name="test_safe_read_with_existing_file" time="0.000"><properties><property name="test_type" value="standard" /></properties></testcase><testcase classname="tests.core.test_filesystem.TestFilesystem" name="test_safe_read_with_nonexistent_file" time="0.000"><properties><property name="test_type" value="standard" /></properties></testcase><testcase classname="tests.core.test_filesystem.TestFilesystem" name="test_safe_read_with_max_size_limit" time="0.001"><properties><property name="test_type" value="standard" /></properties></testcase><testcase classname="tests.core.test_filesystem.TestFilesystem" name="test_safe_read_with_directory_path" time="0.000"><properties><property name="test_type" value="standard" /></properties></testcase><testcase classname="tests.core.test_filesystem.TestFilesystem" name="test_safe_read_with_size_limit_exceeded" time="0.001"><properties><property name="test_type" value="standard" /></properties></testcase><testcase classname="tests.core.test_filesystem.TestFilesystem" name="test_safe_write_atomic_success" time="0.000"><properties><property name="test_type" value="standard" /></properties></testcase><testcase classname="tests.core.test_filesystem.TestFilesystem" name="test_safe_write_direct_success" time="0.000"><properties><property name="test_type" value="standard" /></properties></testcase><testcase classname="tests.core.test_filesystem.TestFilesystem" name="test_safe_write_creates_parent_directory" time="0.000"><properties><property name="test_type" value="standard" /></properties></testcase><testcase classname="tests.core.test_filesystem.TestFilesystem" name="test_validate_path_with_existing_path" time="0.000"><properties><property name="test_type" value="standard" /></properties></testcase><testcase classname="tests.core.test_filesystem.TestFilesystem" name="test_validate_path_with_nonexistent_path_must_exist" time="0.000"><properties><property name="test_type" value="standard" /></properties></testcase><testcase classname="tests.core.test_filesystem.TestFilesystem" name="test_validate_path_with_nonexistent_path_no_must_exist" time="0.000"><properties><property name="test_type" value="standard" /></properties></testcase><testcase classname="tests.core.test_filesystem.TestFilesystem" name="test_validate_path_with_string_path" time="0.000"><properties><property name="test_type" value="standard" /></properties></testcase><testcase classname="tests.core.test_filesystem.TestFilesystem" name="test_get_size_existing_file" time="0.000"><properties><property name="test_type" value="standard" /></properties></testcase><testcase classname="tests.core.test_filesystem.TestFilesystem" name="test_get_size_nonexistent_file" time="0.000"><properties><property name="test_type" value="standard" /></properties></testcase><testcase classname="tests.core.test_filesystem.TestFilesystem" name="test_list_directory_basic" time="0.001"><properties><property name="test_type" value="standard" /></properties></testcase><testcase classname="tests.core.test_filesystem.TestFilesystem" name="test_list_directory_with_nonexistent_dir" time="0.000"><properties><property name="test_type" value="standard" /></properties></testcase><testcase classname="tests.core.test_filesystem.TestFilesystem" name="test_list_directory_with_file_instead_of_dir" time="0.000"><properties><property name="test_type" value="standard" /></properties></testcase><testcase classname="tests.core.test_filesystem.TestFilesystem" name="test_list_directory_with_pattern" time="0.001"><properties><property name="test_type" value="standard" /></properties></testcase><testcase classname="tests.core.test_filesystem.TestFilesystem" name="test_ensure_directory_success" time="0.001"><properties><property name="test_type" value="standard" /></properties></testcase><testcase classname="tests.core.test_filesystem.TestFilesystem" name="test_ensure_directory_already_exists" time="0.000"><properties><property name="test_type" value="standard" /></properties></testcase><testcase classname="tests.core.test_filesystem.TestFilesystem" name="test_remove_file_success" time="0.000"><properties><property name="test_type" value="standard" /></properties></testcase><testcase classname="tests.core.test_filesystem.TestFilesystem" name="test_remove_file_nonexistent_with_missing_ok_true" time="0.000"><properties><property name="test_type" value="standard" /></properties></testcase><testcase classname="tests.core.test_filesystem.TestFilesystem" name="test_remove_file_nonexistent_with_missing_ok_false" time="0.000"><properties><property name="test_type" value="standard" /></properties></testcase><testcase classname="tests.core.test_filesystem.TestFilesystem" name="test_copy_file_success" time="0.001"><properties><property name="test_type" value="standard" /></properties></testcase><testcase classname="tests.core.test_filesystem.TestFilesystem" name="test_copy_file_source_does_not_exist" time="0.000"><properties><property name="test_type" value="standard" /></properties></testcase><testcase classname="tests.core.test_filesystem.TestFilesystem" name="test_copy_file_destination_exists_no_overwrite" time="0.000"><properties><property name="test_type" value="standard" /></properties></testcase><testcase classname="tests.core.test_filesystem.TestFilesystem" name="test_copy_file_destination_exists_with_overwrite" time="0.000"><properties><property name="test_type" value="standard" /></properties></testcase><testcase classname="tests.core.test_filesystem.TestFilesystem" name="test_move_file_success" time="0.000"><properties><property name="test_type" value="standard" /></properties></testcase><testcase classname="tests.core.test_filesystem.TestFilesystem" name="test_move_file_source_does_not_exist" time="0.000"><properties><property name="test_type" value="standard" /></properties></testcase><testcase classname="tests.core.test_filesystem.TestFilesystem" name="test_move_file_destination_exists_no_overwrite" time="0.000"><properties><property name="test_type" value="standard" /></properties></testcase><testcase classname="tests.core.test_filesystem.TestFilesystem" name="test_move_file_destination_exists_with_overwrite" time="0.000"><properties><property name="test_type" value="standard" /></properties></testcase><testcase classname="tests.core.test_filesystem.TestFilesystem" name="test_safe_read_with_path_object" time="0.000"><properties><property name="test_type" value="standard" /></properties></testcase><testcase classname="tests.core.test_filesystem.TestFilesystem" name="test_safe_write_with_path_object" time="0.000"><properties><property name="test_type" value="standard" /></properties></testcase><testcase classname="tests.core.test_filesystem.TestFilesystem" name="test_validate_path_with_path_object" time="0.000"><properties><property name="test_type" value="standard" /></properties></testcase><testcase classname="tests.core.test_filesystem.TestFilesystem" name="test_get_size_with_path_object" time="0.000"><properties><property name="test_type" value="standard" /></properties></testcase><testcase classname="tests.core.test_filesystem.TestFilesystem" name="test_ensure_directory_with_path_object" time="0.000"><properties><property name="test_type" value="standard" /></properties></testcase><testcase classname="tests.core.test_filesystem.TestFilesystem" name="test_remove_file_with_path_object" time="0.000"><properties><property name="test_type" value="standard" /></properties></testcase><testcase classname="tests.core.test_filesystem.TestFilesystem" name="test_copy_file_with_path_objects" time="0.000"><properties><property name="test_type" value="standard" /></properties></testcase><testcase classname="tests.core.test_filesystem.TestFilesystem" name="test_move_file_with_path_objects" time="0.000"><properties><property name="test_type" value="standard" /></properties></testcase><testcase classname="tests.core.test_filesystem.TestFilesystem" name="test_safe_read_empty_file" time="0.000"><properties><property name="test_type" value="standard" /></properties></testcase><testcase classname="tests.core.test_filesystem.TestFilesystem" name="test_safe_read_binary_file" time="0.000"><properties><property name="test_type" value="standard" /></properties></testcase><testcase classname="tests.core.test_filesystem.TestFilesystem" name="test_safe_write_permission_error" time="0.000"><properties><property name="test_type" value="standard" /></properties></testcase><testcase classname="tests.core.test_filesystem.TestFilesystem" name="test_filesystem_error_raising" time="0.000"><properties><property name="test_type" value="standard" /></properties></testcase><testcase classname="tests.core.test_filesystem.TestFilesystem" name="test_filesystem_error_properties" time="0.000"><properties><property name="test_type" value="standard" /></properties></testcase><testcase classname="tests.core.test_filesystem.TestFilesystem" name="test_filesystem_error_inheritance" time="0.000"><properties><property name="test_type" value="standard" /></properties></testcase><testcase classname="tests.core.test_filesystem.TestFilesystemClass" name="test_class_instantiation" time="0.000"><properties><property name="test_type" value="standard" /></properties></testcase><testcase classname="tests.core.test_filesystem.TestFilesystemClass" name="test_class_attributes_exist" time="0.000"><properties><property name="test_type" value="standard" /></properties></testcase><testcase classname="tests.core.test_filesystem.TestFilesystemClass" name="test_static_method_calls" time="0.000"><properties><property name="test_type" value="standard" /></properties></testcase><testcase classname="tests.core.test_filesystem.TestFilesystemClass" name="test_extension_map_has_entries" time="0.000"><properties><property name="test_type" value="standard" /></properties></testcase><testcase classname="tests.core.test_filesystem.TestFilesystemClass" name="test_magic_numbers_has_entries" time="0.000"><properties><property name="test_type" value="standard" /></properties></testcase><testcase classname="tests.core.test_logging.TestLogging" name="test_setup_logging_basic" time="0.001"><properties><property name="test_type" value="standard" /></properties></testcase><testcase classname="tests.core.test_logging.TestLogging" name="test_setup_logging_with_file" time="0.001"><properties><property name="test_type" value="standard" /></properties></testcase><testcase classname="tests.core.test_logging.TestLogging" name="test_setup_logging_with_custom_log_level" time="0.000"><properties><property name="test_type" value="standard" /></properties></testcase><testcase classname="tests.core.test_logging.TestLogging" name="test_setup_logging_with_invalid_log_level" time="0.000"><properties><property name="test_type" value="standard" /></properties></testcase><testcase classname="tests.core.test_logging.TestLogging" name="test_setup_logging_console_output_disabled" time="0.000"><properties><property name="test_type" value="standard" /></properties></testcase><testcase classname="tests.core.test_logging.TestLogging" name="test_get_logger_basic" time="0.000"><properties><property name="test_type" value="standard" /></properties></testcase><testcase classname="tests.core.test_logging.TestLogging" name="test_get_logger_auto_configuration" time="0.000"><properties><property name="test_type" value="standard" /></properties></testcase><testcase classname="tests.core.test_logging.TestLogging" name="test_get_logger_caching" time="0.000"><properties><property name="test_type" value="standard" /></properties></testcase><testcase classname="tests.core.test_logging.TestLogging" name="test_log_exception" time="0.001"><properties><property name="test_type" value="standard" /></properties></testcase><testcase classname="tests.core.test_logging.TestLogging" name="test_log_with_context_debug_level" time="0.001"><properties><property name="test_type" value="standard" /></properties><failure message="AssertionError: assert 'Debug message' in ''">tests/core/test_logging.py:138: in test_log_with_context_debug_level
    assert "Debug message" in log_content
E   AssertionError: assert 'Debug message' in ''</failure></testcase><testcase classname="tests.core.test_logging.TestLogging" name="test_log_with_context_info_level" time="0.001"><properties><property name="test_type" value="standard" /></properties></testcase><testcase classname="tests.core.test_logging.TestLogging" name="test_log_with_context_warning_level" time="0.001"><properties><property name="test_type" value="standard" /></properties></testcase><testcase classname="tests.core.test_logging.TestLogging" name="test_log_with_context_error_level" time="0.001"><properties><property name="test_type" value="standard" /></properties></testcase><testcase classname="tests.core.test_logging.TestLogging" name="test_log_with_context_critical_level" time="0.001"><properties><property name="test_type" value="standard" /></properties></testcase><testcase classname="tests.core.test_logging.TestLogging" name="test_configure_module_logger_basic" time="0.000"><properties><property name="test_type" value="standard" /></properties></testcase><testcase classname="tests.core.test_logging.TestLogging" name="test_configure_module_logger_with_level_override" time="0.000"><properties><property name="test_type" value="standard" /></properties></testcase><testcase classname="tests.core.test_logging.TestLogging" name="test_set_log_level_valid_levels" time="0.000"><properties><property name="test_type" value="standard" /></properties></testcase><testcase classname="tests.core.test_logging.TestLogging" name="test_set_log_level_invalid_level" time="0.000"><properties><property name="test_type" value="standard" /></properties></testcase><testcase classname="tests.core.test_logging.TestLogging" name="test_add_file_handler_basic" time="0.000"><properties><property name="test_type" value="standard" /></properties></testcase><testcase classname="tests.core.test_logging.TestLogging" name="test_add_file_handler_with_custom_level" time="0.000"><properties><property name="test_type" value="standard" /></properties></testcase><testcase classname="tests.core.test_logging.TestLogging" name="test_add_file_handler_with_invalid_path" time="0.000"><properties><property name="test_type" value="standard" /></properties></testcase><testcase classname="tests.core.test_logging.TestLogging" name="test_logging_error_creation" time="0.000"><properties><property name="test_type" value="standard" /></properties></testcase><testcase classname="tests.core.test_logging.TestLogging" name="test_logging_error_without_message" time="0.000"><properties><property name="test_type" value="standard" /></properties></testcase><testcase classname="tests.core.test_logging.TestLogging" name="test_logging_error_raising" time="0.000"><properties><property name="test_type" value="standard" /></properties></testcase><testcase classname="tests.core.test_logging.TestLogging" name="test_logging_error_inheritance" time="0.000"><properties><property name="test_type" value="standard" /></properties></testcase><testcase classname="tests.core.test_logging.TestLogging" name="test_logging_error_with_original_exception" time="0.000"><properties><property name="test_type" value="standard" /></properties></testcase><testcase classname="tests.core.test_logging.TestLogging" name="test_setup_logging_with_custom_format" time="0.000"><properties><property name="test_type" value="standard" /></properties></testcase><testcase classname="tests.core.test_logging.TestLogging" name="test_get_logger_with_special_characters" time="0.000"><properties><property name="test_type" value="standard" /></properties></testcase><testcase classname="tests.core.test_logging.TestLogging" name="test_log_with_context_with_empty_context" time="0.000"><properties><property name="test_type" value="standard" /></properties></testcase><testcase classname="tests.core.test_logging.TestLogging" name="test_log_with_context_with_various_types" time="0.000"><properties><property name="test_type" value="standard" /></properties></testcase><testcase classname="tests.core.test_logging.TestLogging" name="test_log_with_context_invalid_level" time="0.000"><properties><property name="test_type" value="standard" /></properties></testcase><testcase classname="tests.core.test_logging.TestLogging" name="test_setup_logging_with_none_file_path" time="0.000"><properties><property name="test_type" value="standard" /></properties></testcase><testcase classname="tests.core.test_logging.TestLogging" name="test_add_file_handler_with_string_path" time="0.000"><properties><property name="test_type" value="standard" /></properties><failure message="NameError: name 'temp_file' is not defined">tests/core/test_logging.py:438: in test_add_file_handler_with_string_path
    shutil.rmtree(temp_file, ignore_errors=True)
                  ^^^^^^^^^
E   NameError: name 'temp_file' is not defined</failure></testcase><testcase classname="tests.core.test_logging.TestLogging" name="test_add_file_handler_creates_directory" time="0.001"><properties><property name="test_type" value="standard" /></properties></testcase><testcase classname="tests.core.test_logging.TestLogging" name="test_setup_logging_with_rotating_file_handler" time="0.000"><properties><property name="test_type" value="standard" /></properties></testcase><testcase classname="tests.core.test_logging.TestLogging" name="test_get_logger_multiple_calls_same_name" time="0.000"><properties><property name="test_type" value="standard" /></properties></testcase><testcase classname="tests.core.test_logging.TestLogging" name="test_get_logger_different_names" time="0.000"><properties><property name="test_type" value="standard" /></properties></testcase><testcase classname="tests.core.test_logging.TestLogging" name="test_configure_module_logger_multiple_times" time="0.000"><properties><property name="test_type" value="standard" /></properties></testcase><testcase classname="tests.core.test_logging.TestLogging" name="test_log_exception_without_exc_info" time="0.001"><properties><property name="test_type" value="standard" /></properties></testcase><testcase classname="tests.core.test_logging.TestLogging" name="test_magic_numbers_format" time="0.000"><properties><property name="test_type" value="standard" /></properties></testcase><testcase classname="tests.core.test_logging.TestLogging" name="test_extension_map_format" time="0.000"><properties><property name="test_type" value="standard" /></properties></testcase><testcase classname="tests.core.test_logging.TestLoggingConvenienceFunctions" name="test_get_logger_convenience_function" time="0.000"><properties><property name="test_type" value="standard" /></properties></testcase><testcase classname="tests.core.test_logging.TestLoggingConvenienceFunctions" name="test_setup_logging_convenience_function" time="0.000"><properties><property name="test_type" value="standard" /></properties></testcase><testcase classname="tests.core.test_logging.TestLoggingConvenienceFunctions" name="test_setup_logging_convenience_function_with_params" time="0.000"><properties><property name="test_type" value="standard" /></properties></testcase><testcase classname="tests.core.test_logging.TestLoggingConvenienceFunctions" name="test_setup_logging_convenience_function_console_disabled" time="0.000"><properties><property name="test_type" value="standard" /></properties></testcase><testcase classname="tests.core.test_logging.TestLoggingConvenienceFunctions" name="test_convenience_functions_consistency" time="0.000"><properties><property name="test_type" value="standard" /></properties></testcase><testcase classname="tests.core.test_logging.TestLoggingConvenienceFunctions" name="test_logging_after_convenience_setup" time="0.000"><properties><property name="test_type" value="standard" /></properties></testcase><testcase classname="tests.core.test_logging" name="test_logging_example_usage" time="0.001"><properties><property name="test_type" value="standard" /></properties></testcase><testcase classname="tests.core.test_main.TestCLIHandler" name="test_cli_handler_initialization" time="0.002"><properties><property name="test_type" value="standard" /></properties></testcase><testcase classname="tests.core.test_main.TestCLIHandler" name="test_cli_handler_run_method_exists" time="0.001"><properties><property name="test_type" value="standard" /></properties></testcase><testcase classname="tests.core.test_main.TestCLIHandler" name="test_cli_handler__create_parser_method_exists" time="0.001"><properties><property name="test_type" value="standard" /></properties></testcase><testcase classname="tests.core.test_main.TestCLIHandler" name="test_cli_handler__register_commands_method_exists" time="0.001"><properties><property name="test_type" value="standard" /></properties></testcase><testcase classname="tests.core.test_main.TestCLIHandler" name="test_cli_handler__cmd_version_method_exists" time="0.001"><properties><property name="test_type" value="standard" /></properties></testcase><testcase classname="tests.core.test_main.TestCLIHandler" name="test_cli_handler__cmd_plugin_method_exists" time="0.001"><properties><property name="test_type" value="standard" /></properties></testcase><testcase classname="tests.core.test_main.TestCLIHandler" name="test_cli_handler_run_method_with_args" time="0.002"><properties><property name="test_type" value="standard" /></properties></testcase><testcase classname="tests.core.test_main" name="test_main_function_with_args" time="0.001"><properties><property name="test_type" value="standard" /></properties></testcase><testcase classname="tests.core.test_main" name="test_main_function_without_args" time="0.001"><properties><property name="test_type" value="standard" /></properties></testcase><testcase classname="tests.core.test_main" name="test_main_function_imports" time="0.000"><properties><property name="test_type" value="standard" /></properties></testcase><testcase classname="tests.core.test_main" name="test_main_function_type_annotations" time="0.000"><properties><property name="test_type" value="standard" /></properties></testcase><testcase classname="tests.core.test_main" name="test_cli_handler_safe_get_plugins_with_mock" time="0.002"><properties><property name="test_type" value="standard" /></properties></testcase><testcase classname="tests.core.test_main" name="test_cli_handler_apply_overrides" time="0.002"><properties><property name="test_type" value="standard" /></properties></testcase><testcase classname="tests.core.test_main" name="test_cli_handler_setup_debug_logging" time="0.001"><properties><property name="test_type" value="standard" /></properties></testcase><testcase classname="tests.core.test_api.TestAPILevel" name="test_api_level_values" time="0.000"><properties><property name="test_type" value="standard" /></properties></testcase><testcase classname="tests.core.test_api.TestAPI" name="test_api_register_api_static_method" time="0.000"><properties><property name="test_type" value="standard" /></properties></testcase><testcase classname="tests.core.test_api.TestAPI" name="test_api_get_endpoint" time="0.000"><properties><property name="test_type" value="standard" /></properties></testcase><testcase classname="tests.core.test_api.TestAPI" name="test_api_list_endpoints" time="0.000"><properties><property name="test_type" value="standard" /></properties></testcase><testcase classname="tests.core.test_api.TestAPI" name="test_api_get_metadata" time="0.000"><properties><property name="test_type" value="standard" /></properties></testcase><testcase classname="tests.core.test_api.TestAPI" name="test_api_validate_api_call" time="0.000"><properties><property name="test_type" value="standard" /></properties></testcase><testcase classname="tests.core.test_api.TestAPI" name="test_api_call_endpoint_success" time="0.000"><properties><property name="test_type" value="standard" /></properties></testcase><testcase classname="tests.core.test_api.TestAPI" name="test_api_call_endpoint_not_registered" time="0.000"><properties><property name="test_type" value="standard" /></properties></testcase><testcase classname="tests.core.test_api.TestAPI" name="test_api_call_endpoint_invalid_args" time="0.000"><properties><property name="test_type" value="standard" /></properties></testcase><testcase classname="tests.core.test_api.TestAPIDecorators" name="test_stable_api_decorator" time="0.000"><properties><property name="test_type" value="standard" /></properties></testcase><testcase classname="tests.core.test_api.TestAPIDecorators" name="test_beta_api_decorator" time="0.000"><properties><property name="test_type" value="standard" /></properties></testcase><testcase classname="tests.core.test_api.TestAPIDecorators" name="test_experimental_api_decorator" time="0.000"><properties><property name="test_type" value="standard" /></properties></testcase><testcase classname="tests.core.test_api.TestAPIDecorators" name="test_deprecated_decorator" time="0.000"><properties><property name="test_type" value="standard" /></properties></testcase><testcase classname="tests.core.test_api.TestAPIDecorators" name="test_api_endpoint_decorator" time="0.000"><properties><property name="test_type" value="standard" /></properties></testcase><testcase classname="tests.core.test_api.TestAPIDecorators" name="test_validate_args_decorator" time="0.000"><properties><property name="test_type" value="standard" /></properties></testcase><testcase classname="tests.core.test_database.TestDatabase" name="test_database_initialization" time="0.000"><properties><property name="test_type" value="standard" /></properties></testcase><testcase classname="tests.core.test_database.TestDatabase" name="test_database_connect_and_close" time="0.000"><properties><property name="test_type" value="standard" /></properties></testcase><testcase classname="tests.core.test_database.TestDatabase" name="test_database_context_manager" time="0.000"><properties><property name="test_type" value="standard" /></properties></testcase><testcase classname="tests.core.test_database.TestDatabase" name="test_database_create_table" time="0.001"><properties><property name="test_type" value="standard" /></properties></testcase><testcase classname="tests.core.test_database.TestDatabase" name="test_database_create_read_update_delete" time="0.001"><properties><property name="test_type" value="standard" /></properties></testcase><testcase classname="tests.core.test_database.TestDatabase" name="test_database_transaction_context_manager" time="0.001"><properties><property name="test_type" value="standard" /></properties></testcase><testcase classname="tests.core.test_database.TestDatabase" name="test_database_execute_batch" time="0.001"><properties><property name="test_type" value="standard" /></properties></testcase><testcase classname="tests.core.test_database.TestDatabaseConnectionPool" name="test_connection_pool_initialization" time="0.000"><properties><property name="test_type" value="standard" /></properties></testcase><testcase classname="tests.core.test_database.TestDatabaseConnectionPool" name="test_connection_pool_get_and_return_connection" time="0.000"><properties><property name="test_type" value="standard" /></properties></testcase><testcase classname="tests.core.test_database.TestDatabaseConnectionPool" name="test_connection_pool_close" time="0.000"><properties><property name="test_type" value="standard" /></properties></testcase><testcase classname="tests.core.test_database.TestDatabaseError" name="test_database_error_creation" time="0.000"><properties><property name="test_type" value="standard" /></properties></testcase><testcase classname="tests.core.test_database.TestDatabaseError" name="test_database_error_raising" time="0.000"><properties><property name="test_type" value="standard" /></properties></testcase><testcase classname="tests.core.test_plugin_system_base.TestPlugin" name="test_plugin_abstract_base_class" time="0.001"><properties><property name="test_type" value="standard" /></properties></testcase><testcase classname="tests.core.test_plugin_system_base.TestPlugin" name="test_plugin_validate_metadata_success" time="0.000"><properties><property name="test_type" value="standard" /></properties></testcase><testcase classname="tests.core.test_plugin_system_base.TestPlugin" name="test_plugin_validate_metadata_missing_field" time="0.000"><properties><property name="test_type" value="standard" /></properties></testcase><testcase classname="tests.core.test_plugin_system_base.TestPlugin" name="test_plugin_validate_metadata_invalid_uuid" time="0.000"><properties><property name="test_type" value="standard" /></properties></testcase><testcase classname="tests.core.test_plugin_system_base.TestPlugin" name="test_plugin_validate_metadata_invalid_name" time="0.000"><properties><property name="test_type" value="standard" /></properties></testcase><testcase classname="tests.core.test_plugin_system_base.TestPlugin" name="test_plugin_validate_metadata_invalid_version" time="0.000"><properties><property name="test_type" value="standard" /></properties></testcase><testcase classname="tests.core.test_plugin_system_base.TestPlugin" name="test_plugin_validate_metadata_long_marketplace_id" time="0.000"><properties><property name="test_type" value="standard" /></properties></testcase><testcase classname="tests.core.test_plugin_system_base.TestPlugin" name="test_plugin_generate_uuid" time="0.000"><properties><property name="test_type" value="standard" /></properties></testcase><testcase classname="tests.core.test_plugin_system_base.TestPlugin" name="test_plugin_generate_filename" time="0.000"><properties><property name="test_type" value="standard" /></properties><failure message="AssertionError: assert 'v1.0.0' in 'test_plugin_e369b662-c268-42e7-9046-15783e9f9902.vv1.0.py'">tests/core/test_plugin_system_base.py:165: in test_plugin_generate_filename
    assert "v1.0.0" in filename
E   AssertionError: assert 'v1.0.0' in 'test_plugin_e369b662-c268-42e7-9046-15783e9f9902.vv1.0.py'</failure></testcase><testcase classname="tests.core.test_plugin_system_base.TestPlugin" name="test_plugin_name_property" time="0.000"><properties><property name="test_type" value="standard" /></properties></testcase><testcase classname="tests.core.test_plugin_system_base.TestPlugin" name="test_plugin_name_setter_invalid" time="0.000"><properties><property name="test_type" value="standard" /></properties></testcase><testcase classname="tests.core.test_plugin_system_base.TestPlugin" name="test_plugin_version_property" time="0.000"><properties><property name="test_type" value="standard" /></properties></testcase><testcase classname="tests.core.test_plugin_system_base.TestPlugin" name="test_plugin_version_setter_invalid" time="0.000"><properties><property name="test_type" value="standard" /></properties></testcase><testcase classname="tests.core.test_plugin_system_base.TestPlugin" name="test_plugin_dependencies_property" time="0.000"><properties><property name="test_type" value="standard" /></properties></testcase><testcase classname="tests.core.test_plugin_system_base.TestPlugin" name="test_plugin_uuid_str_property" time="0.000"><properties><property name="test_type" value="standard" /></properties></testcase><testcase classname="tests.core.test_plugin_system_base.TestPlugin" name="test_plugin_is_initialized_property" time="0.000"><properties><property name="test_type" value="standard" /></properties></testcase><testcase classname="tests.core.test_scan_walker.TestFileWalker" name="test_file_walker_initialization" time="0.000"><properties><property name="test_type" value="standard" /></properties></testcase><testcase classname="tests.core.test_scan_walker.TestFileWalker" name="test_file_walker_walk_with_empty_directory" time="0.000"><properties><property name="test_type" value="standard" /></properties></testcase><testcase classname="tests.core.test_scan_walker.TestFileWalker" name="test_file_walker_walk_with_files" time="0.000"><properties><property name="test_type" value="standard" /></properties></testcase><testcase classname="tests.core.test_scan_walker.TestFileWalker" name="test_file_walker_walk_with_file_filter" time="0.000"><properties><property name="test_type" value="standard" /></properties></testcase><testcase classname="tests.core.test_scan_walker.TestFileWalker" name="test_file_walker_walk_with_progress_callback" time="0.001"><properties><property name="test_type" value="standard" /></properties><failure message="assert 0 &gt;= 1&#10; +  where 0 = len([])">tests/core/test_scan_walker.py:99: in test_file_walker_walk_with_progress_callback
    assert len(progress_calls) &gt;= 1  # Should have at least one progress update
    ^^^^^^^^^^^^^^^^^^^^^^^^^^^^^^^
E   assert 0 &gt;= 1
E    +  where 0 = len([])</failure></testcase><testcase classname="tests.core.test_scan_walker.TestFileWalker" name="test_file_walker_get_statistics" time="0.000"><properties><property name="test_type" value="standard" /></properties></testcase><testcase classname="tests.core.test_scan_walker.TestFileWalker" name="test_file_walker_enable_archive_support" time="0.000"><properties><property name="test_type" value="standard" /></properties></testcase><testcase classname="tests.core.test_scan_walker.TestFileWalker" name="test_file_walker_reset_counters" time="0.000"><properties><property name="test_type" value="standard" /></properties></testcase><testcase classname="tests.core.test_scan_walker.TestCreateFileWalker" name="test_create_file_walker_function" time="0.000"><properties><property name="test_type" value="standard" /></properties></testcase><testcase classname="tests.core.test_container.TestServiceContainer" name="test_service_container_initialization" time="0.000"><properties><property name="test_type" value="standard" /></properties></testcase><testcase classname="tests.core.test_container.TestServiceContainer" name="test_service_container_register_service" time="0.000"><properties><property name="test_type" value="standard" /></properties></testcase><testcase classname="tests.core.test_container.TestServiceContainer" name="test_service_container_register_factory" time="0.000"><properties><property name="test_type" value="standard" /></properties></testcase><testcase classname="tests.core.test_container.TestServiceContainer" name="test_service_container_get_service_existing" time="0.000"><properties><property name="test_type" value="standard" /></properties></testcase><testcase classname="tests.core.test_container.TestServiceContainer" name="test_service_container_get_service_from_factory" time="0.000"><properties><property name="test_type" value="standard" /></properties></testcase><testcase classname="tests.core.test_container.TestServiceContainer" name="test_service_container_get_service_nonexistent" time="0.000"><properties><property name="test_type" value="standard" /></properties></testcase><testcase classname="tests.core.test_container.TestServiceContainer" name="test_service_container_get_service_factory_failure" time="0.000"><properties><property name="test_type" value="standard" /></properties></testcase><testcase classname="tests.core.test_container.TestServiceContainer" name="test_service_container_has_service" time="0.000"><properties><property name="test_type" value="standard" /></properties></testcase><testcase classname="tests.core.test_container.TestServiceContainer" name="test_service_container_remove_service" time="0.000"><properties><property name="test_type" value="standard" /></properties></testcase><testcase classname="tests.core.test_container.TestServiceContainer" name="test_service_container_clear" time="0.000"><properties><property name="test_type" value="standard" /></properties></testcase><testcase classname="tests.core.test_container.TestGlobalContainer" name="test_global_container_exists" time="0.000"><properties><property name="test_type" value="standard" /></properties></testcase><testcase classname="tests.core.test_container.TestGlobalContainer" name="test_global_container_functionality" time="0.000"><properties><property name="test_type" value="standard" /></properties></testcase></testsuite></testsuites>