<?xml version="1.0" encoding="utf-8"?><testsuites name="pytest tests"><testsuite name="pytest" errors="0" failures="0" skipped="0" tests="21" time="4.626" timestamp="2026-02-13T22:40:31.988268+01:00" hostname="vmi2997710"><testcase classname="tests.core.test_compression.TestCompression" name="test_compress_data_gzip" time="0.021"><properties><property name="test_type" value="standard" /></properties></testcase><testcase classname="tests.core.test_compression.TestCompression" name="test_compress_data_bz2" time="0.002"><properties><property name="test_type" value="standard" /></properties></testcase><testcase classname="tests.core.test_compression.TestCompression" name="test_compress_data_lzma" time="0.023"><properties><property name="test_type" value="standard" /></properties></testcase><testcase classname="tests.core.test_compression.TestCompression" name="test_decompress_data_invalid_format" time="0.000"><properties><property name="test_type" value="standard" /></properties></testcase><testcase classname="tests.core.test_compression.TestCompression" name="test_compress_file_gzip" time="0.010"><properties><property name="test_type" value="standard" /></properties></testcase><testcase classname="tests.core.test_compression.TestCompression" name="test_compress_file_bz2" time="0.002"><properties><property name="test_type" value="standard" /></properties></testcase><testcase classname="tests.core.test_compression.TestCompression" name="test_compress_file_lzma" time="0.011"><properties><property name="test_type" value="standard" /></properties></testcase><testcase classname="tests.core.test_compression.TestCompression" name="test_compress_file_remove_original" time="0.001"><properties><property name="test_type" value="standard" /></properties></testcase><testcase classname="tests.core.test_compression.TestCompression" name="test_decompress_file_gzip" time="0.010"><properties><property name="test_type" value="standard" /></properties></testcase><testcase classname="tests.core.test_compression.TestCompression" name="test_decompress_file_auto_detect" time="0.001"><properties><property name="test_type" value="standard" /></properties></testcase><testcase classname="tests.core.test_compression.TestCompression" name="test_decompress_file_remove_compressed" time="0.001"><properties><property name="test_type" value="standard" /></properties></testcase><testcase classname="tests.core.test_compression.TestCompression" name="test_create_archive_zip" time="0.010"><properties><property name="test_type" value="standard" /></properties></testcase><testcase classname="tests.core.test_compression.TestCompression" name="test_extract_archive_zip" time="0.010"><properties><property name="test_type" value="standard" /></properties></testcase><testcase classname="tests.core.test_compression.TestCompression" name="test_get_compression_ratio" time="0.001"><properties><property name="test_type" value="standard" /></properties></testcase><testcase classname="tests.core.test_compression.TestCompression" name="test_estimate_compressed_size" time="0.002"><properties><property name="test_type" value="standard" /></properties></testcase><testcase classname="tests.core.test_compression.TestCompression" name="test_compress_data_invalid_format" time="0.000"><properties><property name="test_type" value="standard" /></properties></testcase><testcase classname="tests.core.test_compression.TestCompression" name="test_compress_file_nonexistent_input" time="0.001"><properties><property name="test_type" value="standard" /></properties></testcase><testcase classname="tests.core.test_compression.TestCompression" name="test_decompress_file_nonexistent_input" time="0.001"><properties><property name="test_type" value="standard" /></properties></testcase><testcase classname="tests.core.test_compression.TestCompression" name="test_create_archive_nonexistent_file" time="0.001"><properties><property name="test_type" value="standard" /></properties></testcase><testcase classname="tests.core.test_compression.TestCompression" name="test_extract_archive_nonexistent" time="0.001"><properties><property name="test_type" value="standard" /></properties></testcase><testcase classname="tests.core.test_compression.TestCompression" name="test_extract_archive_invalid_format" time="0.001"><properties><property name="test_type" value="standard" /></properties></testcase></testsuite></testsuites>