<?xml version="1.0" encoding="utf-8"?><testsuites name="pytest tests"><testsuite name="pytest" errors="3" failures="0" skipped="0" tests="3" time="1.974" timestamp="2026-02-17T22:11:42.881423+01:00" hostname="vmi2997710"><testcase classname="" name="tests.core.test_loading_order" time="0.000"><error message="collection failure">/home/prod/.local/lib/python3.14/site-packages/_pytest/python.py:507: in importtestmodule
    mod = import_path(
/home/prod/.local/lib/python3.14/site-packages/_pytest/pathlib.py:587: in import_path
    importlib.import_module(module_name)
/usr/lib/python3.14/importlib/__init__.py:88: in import_module
    return _bootstrap._gcd_import(name[level:], package, level)
           ^^^^^^^^^^^^^^^^^^^^^^^^^^^^^^^^^^^^^^^^^^^^^^^^^^^^
&lt;frozen importlib._bootstrap&gt;:1398: in _gcd_import
    ???
&lt;frozen importlib._bootstrap&gt;:1371: in _find_and_load
    ???
&lt;frozen importlib._bootstrap&gt;:1342: in _find_and_load_unlocked
    ???
&lt;frozen importlib._bootstrap&gt;:938: in _load_unlocked
    ???
/home/prod/.local/lib/python3.14/site-packages/_pytest/assertion/rewrite.py:188: in exec_module
    source_stat, co = _rewrite_test(fn, self.config)
                      ^^^^^^^^^^^^^^^^^^^^^^^^^^^^^^
/home/prod/.local/lib/python3.14/site-packages/_pytest/assertion/rewrite.py:357: in _rewrite_test
    tree = ast.parse(source, filename=strfn)
           ^^^^^^^^^^^^^^^^^^^^^^^^^^^^^^^^^
/usr/lib/python3.14/ast.py:46: in parse
    return compile(source, filename, mode, flags,
E     File "/home/prod/Workspaces/repos/github/NoDupeLabs/tests/core/test_loading_order.py", line 103
E       assert any("bad_tool
E                  ^
E   SyntaxError: unterminated string literal (detected at line 103)</error></testcase><testcase classname="" name="tests.tools.test_autotune_logic" time="0.000"><error message="collection failure">/home/prod/.local/lib/python3.14/site-packages/_pytest/python.py:507: in importtestmodule
    mod = import_path(
/home/prod/.local/lib/python3.14/site-packages/_pytest/pathlib.py:587: in import_path
    importlib.import_module(module_name)
/usr/lib/python3.14/importlib/__init__.py:88: in import_module
    return _bootstrap._gcd_import(name[level:], package, level)
           ^^^^^^^^^^^^^^^^^^^^^^^^^^^^^^^^^^^^^^^^^^^^^^^^^^^^
&lt;frozen importlib._bootstrap&gt;:1398: in _gcd_import
    ???
&lt;frozen importlib._bootstrap&gt;:1371: in _find_and_load
    ???
&lt;frozen importlib._bootstrap&gt;:1342: in _find_and_load_unlocked
    ???
&lt;frozen importlib._bootstrap&gt;:938: in _load_unlocked
    ???
/home/prod/.local/lib/python3.14/site-packages/_pytest/assertion/rewrite.py:188: in exec_module
    source_stat, co = _rewrite_test(fn, self.config)
                      ^^^^^^^^^^^^^^^^^^^^^^^^^^^^^^
/home/prod/.local/lib/python3.14/site-packages/_pytest/assertion/rewrite.py:357: in _rewrite_test
    tree = ast.parse(source, filename=strfn)
           ^^^^^^^^^^^^^^^^^^^^^^^^^^^^^^^^^
/usr/lib/python3.14/ast.py:46: in parse
    return compile(source, filename, mode, flags,
E     File "/home/prod/Workspaces/repos/github/NoDupeLabs/tests/tools/test_autotune_logic.py", line 60
E       assert isinstance(hasher.get_algorithm(), strthm")
E                                                       ^
E   SyntaxError: unterminated string literal (detected at line 60)</error></testcase><testcase classname="" name="tests.tools.test_hash_cache" time="0.000"><error message="collection failure">import file mismatch:
imported module 'test_hash_cache' has this __file__ attribute:
  /home/prod/Workspaces/repos/github/NoDupeLabs/tests/core/cache/test_hash_cache.py
which is not the same as the test file we want to collect:
  /home/prod/Workspaces/repos/github/NoDupeLabs/tests/tools/test_hash_cache.py
HINT: remove __pycache__ / .pyc files and/or use a unique basename for your test file modules</error></testcase></testsuite></testsuites>