<?xml version="1.0" encoding="utf-8"?><testsuites name="pytest tests"><testsuite name="pytest" errors="0" failures="0" skipped="0" tests="54" time="2.027" timestamp="2025-12-23T23:17:41.359385-06:00" hostname="FoxBoxRox"><testcase classname="tests.core.test_config.TestConfigManagerInitialization" name="test_config_manager_initialization_default_path" time="0.005"><properties><property name="test_type" value="standard" /></properties></testcase><testcase classname="tests.core.test_config.TestConfigManagerInitialization" name="test_config_manager_initialization_custom_path" time="0.001"><properties><property name="test_type" value="standard" /></properties></testcase><testcase classname="tests.core.test_config.TestConfigManagerInitialization" name="test_config_manager_initialization_toml_not_installed" time="0.000"><properties><property name="test_type" value="standard" /></properties></testcase><testcase classname="tests.core.test_config.TestConfigManagerInitialization" name="test_config_manager_initialization_file_not_found" time="0.000"><properties><property name="test_type" value="standard" /></properties></testcase><testcase classname="tests.core.test_config.TestConfigManagerInitialization" name="test_config_manager_initialization_invalid_toml" time="0.001"><properties><property name="test_type" value="standard" /></properties></testcase><testcase classname="tests.core.test_config.TestConfigManagerInitialization" name="test_config_manager_initialization_missing_nodupe_section" time="0.000"><properties><property name="test_type" value="standard" /></properties></testcase><testcase classname="tests.core.test_config.TestConfigManagerFunctionality" name="test_get_nodupe_config" time="0.001"><properties><property name="test_type" value="standard" /></properties></testcase><testcase classname="tests.core.test_config.TestConfigManagerFunctionality" name="test_get_database_config" time="0.001"><properties><property name="test_type" value="standard" /></properties></testcase><testcase classname="tests.core.test_config.TestConfigManagerFunctionality" name="test_get_scan_config" time="0.001"><properties><property name="test_type" value="standard" /></properties></testcase><testcase classname="tests.core.test_config.TestConfigManagerFunctionality" name="test_get_similarity_config" time="0.001"><properties><property name="test_type" value="standard" /></properties></testcase><testcase classname="tests.core.test_config.TestConfigManagerFunctionality" name="test_get_performance_config" time="0.001"><properties><property name="test_type" value="standard" /></properties></testcase><testcase classname="tests.core.test_config.TestConfigManagerFunctionality" name="test_get_logging_config" time="0.001"><properties><property name="test_type" value="standard" /></properties></testcase><testcase classname="tests.core.test_config.TestConfigManagerFunctionality" name="test_get_config_value" time="0.001"><properties><property name="test_type" value="standard" /></properties></testcase><testcase classname="tests.core.test_config.TestConfigManagerFunctionality" name="test_get_config_value_with_exception" time="0.001"><properties><property name="test_type" value="standard" /></properties></testcase><testcase classname="tests.core.test_config.TestConfigManagerFunctionality" name="test_validate_config_valid" time="0.001"><properties><property name="test_type" value="standard" /></properties></testcase><testcase classname="tests.core.test_config.TestConfigManagerFunctionality" name="test_validate_config_missing_section" time="0.001"><properties><property name="test_type" value="standard" /></properties></testcase><testcase classname="tests.core.test_config.TestConfigManagerEdgeCases" name="test_config_with_complex_values" time="0.001"><properties><property name="test_type" value="standard" /></properties></testcase><testcase classname="tests.core.test_config.TestConfigManagerEdgeCases" name="test_config_with_special_characters" time="0.000"><properties><property name="test_type" value="standard" /></properties></testcase><testcase classname="tests.core.test_config.TestConfigManagerEdgeCases" name="test_config_with_boolean_and_numeric_values" time="0.000"><properties><property name="test_type" value="standard" /></properties></testcase><testcase classname="tests.core.test_config.TestConfigManagerEdgeCases" name="test_config_empty_values" time="0.001"><properties><property name="test_type" value="standard" /></properties></testcase><testcase classname="tests.core.test_config.TestConfigManagerEdgeCases" name="test_config_array_values" time="0.001"><properties><property name="test_type" value="standard" /></properties></testcase><testcase classname="tests.core.test_config.TestConfigManagerEdgeCases" name="test_config_with_permission_error" time="0.001"><properties><property name="test_type" value="standard" /></properties></testcase><testcase classname="tests.core.test_config.TestConfigManagerEdgeCases" name="test_config_with_large_file" time="0.002"><properties><property name="test_type" value="standard" /></properties></testcase><testcase classname="tests.core.test_config.TestConfigManagerEdgeCases" name="test_config_with_special_toml_features" time="0.001"><properties><property name="test_type" value="standard" /></properties></testcase><testcase classname="tests.core.test_config.TestConfigManagerEdgeCases" name="test_config_unicode_bom" time="0.001"><properties><property name="test_type" value="standard" /></properties></testcase><testcase classname="tests.core.test_config.TestLoadConfigFunction" name="test_load_config_function_success" time="0.004"><properties><property name="test_type" value="standard" /></properties></testcase><testcase classname="tests.core.test_config.TestLoadConfigFunction" name="test_load_config_function_with_cwd_change" time="0.001"><properties><property name="test_type" value="standard" /></properties></testcase><testcase classname="tests.core.test_config" name="test_config_manager_docstring_examples" time="0.001"><properties><property name="test_type" value="standard" /></properties></testcase><testcase classname="tests.core.test_config" name="test_config_manager_repr" time="0.000"><properties><property name="test_type" value="standard" /></properties></testcase><testcase classname="tests.core.test_archive_handler.TestArchiveHandlerInitialization" name="test_archive_handler_initialization" time="0.000"><properties><property name="test_type" value="standard" /></properties></testcase><testcase classname="tests.core.test_archive_handler.TestArchiveHandlerInitialization" name="test_create_archive_handler_function" time="0.000"><properties><property name="test_type" value="standard" /></properties></testcase><testcase classname="tests.core.test_archive_handler.TestArchiveHandlerFunctionality" name="test_is_archive_file_with_valid_archive" time="0.001"><properties><property name="test_type" value="standard" /></properties></testcase><testcase classname="tests.core.test_archive_handler.TestArchiveHandlerFunctionality" name="test_is_archive_file_with_non_archive" time="0.001"><properties><property name="test_type" value="standard" /></properties></testcase><testcase classname="tests.core.test_archive_handler.TestArchiveHandlerFunctionality" name="test_is_archive_file_with_exception" time="0.001"><properties><property name="test_type" value="standard" /></properties></testcase><testcase classname="tests.core.test_archive_handler.TestArchiveHandlerFunctionality" name="test_extract_archive_nonexistent_file" time="0.000"><properties><property name="test_type" value="standard" /></properties></testcase><testcase classname="tests.core.test_archive_handler.TestArchiveHandlerFunctionality" name="test_extract_archive_with_temp_dir" time="0.001"><properties><property name="test_type" value="standard" /></properties></testcase><testcase classname="tests.core.test_archive_handler.TestArchiveHandlerFunctionality" name="test_extract_archive_with_custom_dir" time="0.001"><properties><property name="test_type" value="standard" /></properties></testcase><testcase classname="tests.core.test_archive_handler.TestArchiveHandlerFunctionality" name="test_extract_archive_unsupported_format" time="0.001"><properties><property name="test_type" value="standard" /></properties></testcase><testcase classname="tests.core.test_archive_handler.TestArchiveHandlerFunctionality" name="test_extract_archive_zip_extension_detection" time="0.001"><properties><property name="test_type" value="standard" /></properties></testcase><testcase classname="tests.core.test_archive_handler.TestArchiveHandlerFunctionality" name="test_extract_archive_tar_extension_detection" time="0.001"><properties><property name="test_type" value="standard" /></properties></testcase><testcase classname="tests.core.test_archive_handler.TestArchiveHandlerFunctionality" name="test_extract_archive_tgz_extension_detection" time="0.001"><properties><property name="test_type" value="standard" /></properties></testcase><testcase classname="tests.core.test_archive_handler.TestArchiveHandlerFunctionality" name="test_extract_archive_with_extraction_error" time="0.001"><properties><property name="test_type" value="standard" /></properties></testcase><testcase classname="tests.core.test_archive_handler.TestArchiveHandlerContentsInfo" name="test_get_archive_contents_info_success" time="0.001"><properties><property name="test_type" value="standard" /></properties></testcase><testcase classname="tests.core.test_archive_handler.TestArchiveHandlerContentsInfo" name="test_get_archive_contents_info_with_warning" time="0.000"><properties><property name="test_type" value="standard" /></properties></testcase><testcase classname="tests.core.test_archive_handler.TestArchiveHandlerCleanup" name="test_cleanup_method" time="0.000"><properties><property name="test_type" value="standard" /></properties></testcase><testcase classname="tests.core.test_archive_handler.TestArchiveHandlerCleanup" name="test_cleanup_with_nonexistent_dirs" time="0.000"><properties><property name="test_type" value="standard" /></properties></testcase><testcase classname="tests.core.test_archive_handler.TestArchiveHandlerCleanup" name="test_cleanup_with_exception" time="0.000"><properties><property name="test_type" value="standard" /></properties></testcase><testcase classname="tests.core.test_archive_handler.TestArchiveHandlerCleanup" name="test_destructor_cleanup" time="0.000"><properties><property name="test_type" value="standard" /></properties></testcase><testcase classname="tests.core.test_archive_handler.TestArchiveHandlerEdgeCases" name="test_empty_archive_path" time="0.000"><properties><property name="test_type" value="standard" /></properties></testcase><testcase classname="tests.core.test_archive_handler.TestArchiveHandlerEdgeCases" name="test_archive_path_with_special_characters" time="0.000"><properties><property name="test_type" value="standard" /></properties></testcase><testcase classname="tests.core.test_archive_handler.TestArchiveHandlerEdgeCases" name="test_multiple_archive_extractions" time="0.001"><properties><property name="test_type" value="standard" /></properties></testcase><testcase classname="tests.core.test_archive_handler.TestArchiveHandlerEdgeCases" name="test_cleanup_empty_temp_dirs" time="0.000"><properties><property name="test_type" value="standard" /></properties></testcase><testcase classname="tests.core.test_archive_handler.TestArchiveHandlerEdgeCases" name="test_cleanup_preserves_custom_directories" time="0.000"><properties><property name="test_type" value="standard" /></properties></testcase><testcase classname="tests.core.test_archive_handler" name="test_archive_handler_docstring_examples" time="0.000"><properties><property name="test_type" value="standard" /></properties></testcase></testsuite></testsuites>