<?xml version="1.0" encoding="utf-8"?><testsuites name="pytest tests"><testsuite name="pytest" errors="0" failures="1" skipped="0" tests="1" time="6.172" timestamp="2026-02-15T21:47:20.547586+01:00" hostname="vmi2997710"><properties><property name="hypothesis-statistics-tests/core/test_compression_stress.py::test_tar_gz_valid_extraction" value="dGVzdHMvY29yZS90ZXN0X2NvbXByZXNzaW9uX3N0cmVzcy5weTo6dGVzdF90YXJfZ3pfdmFsaWRfZXh0cmFjdGlvbjoKCiAgLSBkdXJpbmcgcmV1c2UgcGhhc2UgKDAuMjggc2Vjb25kcyk6CiAgICAtIFR5cGljYWwgcnVudGltZXM6IH4gMjgzbXMsIG9mIHdoaWNoIDwgMW1zIGluIGRhdGEgZ2VuZXJhdGlvbgogICAgLSAwIHBhc3NpbmcgZXhhbXBsZXMsIDEgZmFpbGluZyBleGFtcGxlcywgMCBpbnZhbGlkIGV4YW1wbGVzCiAgICAtIEZvdW5kIDEgZGlzdGluY3QgZXJyb3IgaW4gdGhpcyBwaGFzZQoKICAtIFN0b3BwZWQgYmVjYXVzZSBub3RoaW5nIGxlZnQgdG8gZG8=" /></properties><testcase classname="tests.core.test_compression_stress" name="test_tar_gz_valid_extraction" time="0.558"><properties><property name="test_type" value="standard" /></properties><failure message="IsADirectoryError: [Errno 21] Is a directory: '/tmp/pytest-of-prod/pytest-171/test_tar_gz_valid_extraction0/out/.'">tests/core/test_compression_stress.py:149: in test_tar_gz_valid_extraction
    suppress_health_check=[HealthCheck.function_scoped_fixture])
         ^^^^^^^^^^^
tests/core/test_compression_stress.py:162: in test_tar_gz_valid_extraction
    extracted = Compression.extract_archive(tar_path, out_dir)
                ^^^^^^^^^^^^^^^^^^^^^^^^^^^^^^^^^^^^^^^^^^^^^^
nodupe/core/compression.py:256: in extract_archive
    tf.extractall(output_dir)
/usr/lib/python3.14/tarfile.py:2418: in extractall
    self._extract_one(tarinfo, path, set_attrs=not tarinfo.isdir(),
/usr/lib/python3.14/tarfile.py:2527: in _extract_one
    self._handle_fatal_error(e)
/usr/lib/python3.14/tarfile.py:2521: in _extract_one
    self._extract_member(tarinfo, os.path.join(path, tarinfo.name),
/usr/lib/python3.14/tarfile.py:2610: in _extract_member
    self.makefile(tarinfo, targetpath)
/usr/lib/python3.14/tarfile.py:2659: in makefile
    with bltn_open(targetpath, "wb") as target:
         ^^^^^^^^^^^^^^^^^^^^^^^^^^^
E   IsADirectoryError: [Errno 21] Is a directory: '/tmp/pytest-of-prod/pytest-171/test_tar_gz_valid_extraction0/out/.'</failure></testcase></testsuite></testsuites>