<?xml version="1.0" encoding="utf-8"?><testsuites name="pytest tests"><testsuite name="pytest" errors="0" failures="0" skipped="0" tests="22" time="7.627" timestamp="2026-02-14T20:14:02.116398+01:00" hostname="vmi2997710"><properties>
[...]
</properties><testcase classname="tests.core.test_compression" name="test_compress_decompress_data_all_formats" time="0.056"><properties><property name="test_type" value="standard" /></properties></testcase><testcase classname="tests.core.test_compression" name="test_invalid_format_data" time="0.001"><properties><property name="test_type" value="standard" /></properties></testcase><testcase classname="tests.core.test_compression" name="test_compress_data_exception" time="0.001"><properties><property name="test_type" value="standard" /></properties></testcase><testcase classname="tests.core.test_compression" name="test_file_compression_and_removal" time="0.011"><properties><property name="test_type" value="standard" /></properties></testcase><testcase classname="tests.core.test_compression" name="test_file_not_found" time="0.001"><properties><property name="test_type" value="standard" /></properties></testcase><testcase classname="tests.core.test_compression" name="test_decompress_file" time="0.007"><properties><property name="test_type" value="standard" /></properties></testcase><testcase classname="tests.core.test_compression" name="test_decompress_auto_detect_failure" time="0.001"><properties><property name="test_type" value="standard" /></properties></testcase><testcase classname="tests.core.test_compression" name="test_zip_compression" time="0.001"><properties><property name="test_type" value="standard" /></properties></testcase><testcase classname="tests.core.test_compression" name="test_zip_path_traversal" time="0.003"><properties><property name="test_type" value="standard" /></properties></testcase><testcase classname="tests.core.test_compression" name="test_get_ratio" time="0.001"><properties><property name="test_type" value="standard" /></properties></testcase><testcase classname="tests.core.test_compression" name="test_estimate_size_branches" time="0.002"><properties><property name="test_type" value="standard" /></properties></testcase><testcase classname="tests.core.test_compression_properties" name="test_roundtrip_compress_decompress" time="0.183"><properties><property name="test_type" value="standard" /></properties></testcase><testcase classname="tests.core.test_compression_properties" name="test_compressed_data_is_valid" time="0.164"><properties><property name="test_type" value="standard" /></properties></testcase><testcase classname="tests.core.test_compression_properties" name="test_corrupted_data_fails" time="0.099"><properties><property name="test_type" value="standard" /></properties></testcase><testcase classname="tests.core.test_compression_properties" name="test_file_roundtrip" time="0.134"><properties><property name="test_type" value="standard" /></properties></testcase><testcase classname="tests.core.test_compression_properties" name="test_zip_extraction_never_escapes" time="0.105"><properties><property name="test_type" value="standard" /></properties></testcase><testcase classname="tests.core.test_compression_stress" name="test_large_roundtrip" time="0.234"><properties><property name="test_type" value="standard" /></properties></testcase><testcase classname="tests.core.test_compression_stress" name="test_thread_safety" time="0.509"><properties><property name="test_type" value="standard" /></properties></testcase><testcase classname="tests.core.test_compression_stress" name="test_tar_traversal_blocked" time="0.093"><properties><property name="test_type" value="standard" /></properties></testcase><testcase classname="tests.core.test_compression_stress" name="test_tar_valid_extraction" time="0.076"><properties><property name="test_type" value="standard" /></properties></testcase><testcase classname="tests.core.test_compression_stress" name="test_tar_gz_traversal_blocked" time="0.079"><properties><property name="test_type" value="standard" /></properties></testcase><testcase classname="tests.core.test_compression_stress" name="test_tar_gz_valid_extraction" time="0.085"><properties><property name="test_type" value="standard" /></properties></testcase></testsuite></testsuites>