<?xml version="1.0" encoding="utf-8"?><testsuites name="pytest tests"><testsuite name="pytest" errors="0" failures="0" skipped="0" tests="2" time="0.817" timestamp="2025-12-16T14:56:19.248315-06:00" hostname="FoxBoxRox"><testcase classname="tests.plugins.test_plugin_registry.TestPluginRegistry" name="test_plugin_registration" time="0.002"><properties><property name="test_type" value="standard" /></properties></testcase><testcase classname="tests.plugins.test_plugin_registry.TestPluginRegistryEdgeCases" name="test_register_duplicate_plugin" time="0.002"><properties><property name="test_type" value="standard" /></properties></testcase></testsuite></testsuites>